
ROM used: 9768 (15%)
          9768 (15%) including unused fragments

          4 Average locations per line
          10 Average locations per statement

RAM used: 83 (2%) at main() level
          112 (3%) worst case

Stack used: 13 worst case (out of 31 total available)

Lines Stmts  %   Files
----- ----- ---  -----
  181    94  10  main_mode2.c
   60     0   0  main_mode2.h
  494     0   0  ..\..\..\..\..\..\Program Files\PICC\devices\18F46K20.h
  168    33   3  ds1307.c
   83    32   3  AT24LC01.c
  297    82   8  lcdfixed.c
  235   122  13  run_mode1.c
  924   589  60  time_control.c
   65    22   2  seg_dislay.c
----- -----
 2507   974 Total

Page ROM  %  RAM   Vol Diff  Functions:
---- --- --- ---   --- ----  ----------
0     40   0   1             @delay_ms1
0     10   0   1    55  2.0  uart_putchar
0     72   0   3             @I2C_READ_1
0     72   0   1             @I2C_WRITE_1
0     64   0   2    78  3.1  bin2bcd
0     40   0   3             @DIV88
0     26   0   2    74  3.1  bcd2bin
0      8   0   0    32  1.0  init_DS1307
0    202   1   4   265  3.5  write_DS1307
0     96   0   2   172  2.4  read_DS1307
0     74   0   3             @I2C_READ_2
0     72   0   1             @I2C_WRITE_2
0    100   1   2   343  5.1  init_ext_eeprom
0    148   1   5   318  4.7  write_ext_eeprom
0    204   1   5   498  3.7  read_ext_eeprom
0     20   0   0             @const154
0     62   0   1   328  2.7  lcd_send_nibble
0     52   0   1   389  2.3  lcd_read_nibble
0     36   0   3   165  3.3  lcd_read_byte
0     66   0   3   319  4.1  lcd_send_byte
0     82   0   2   411  4.5  lcd_init
0     66   0   4   386  6.5  lcd_gotoxy
0     74   0   1   310  4.8  lcd_putc
0     16   0   0   108  1.7  setup_io_dieukhien
0     14   0   0   108  1.7  on_all_van
0     14   0   0   108  1.7  off_all_van
0    534   3   7  3906  7.9  dieukhien_van
0    140   1   1   295  1.9  update_time
0     84   0   6   237  4.2  put_time
0    278   1   0   874  4.3  put_date_info
0     10   0   0             @const234
0     32   0   2             @PSTRINGC_176
0     96   0   0   297  1.8  put_time_info
0      8   0   0             @const236
0      8   0   0             @const237
0     22   0   0    48  1.1  lcd_blink_on
0    610   3   1  3620  7.9  set_time
0     22   0   0             @const239
0     22   0   0             @const240
0     22   0   0             @const241
0      2   0   0             @const242
0      2   0   0             @const243
0     22   0   0             @const244
0     16   0   0             @const245
0    690   4   1  4224  7.9  set_date
0     22   0   0             @const247
0     22   0   0             @const248
0     22   0   0             @const249
0     20   0   0             @const250
0     16   0   0             @const251
0   2738  14   4  9486 11.9  set_time_on_off
0     22   0   0             @const253
0     22   0   0             @const254
0     22   0   0             @const255
0    136   1   2             @PRINTF_U_176
0      8   0   0             @const260
0      8   0   0             @const261
0      8   0   0             @const262
0      8   0   0             @const264
0      8   0   0             @const265
0      8   0   0             @const266
0      8   0   0             @const267
0      8   0   0             @const268
0     10   0   0             @const269
0      8   0   0             @const270
0      8   0   0             @const271
0      8   0   0             @const272
0      8   0   0             @const273
0      8   0   0             @const274
0    322   2   6   601  5.3  load_eeprom
0    328   2   6   764  8.2  run_mode2
0    444   2   0  2228  8.3  set_mode
0     22   0   0             @const280
0     22   0   0             @const281
0     22   0   0             @const282
0      8   0   0             @const284
0      8   0   0             @const286
0     22   0   0             @const287
0     34   0   3             @PSTRINGCN_176
0     10   0   0    50  1.5  Init_595
0     42   0   3   324  6.5  scan_595
0    144   1   3   249  4.0  dislay_seg
0      6   0   0     5  1.0  TIMER1_isr
0     38   0   0   160  4.4  TIMER0_isr
0     54   0   2   272  4.6  Receive_isr
0    192   1   0   486  2.9  MAIN
0    262   1   0  1263  6.7  switch_menu
0     22   0   0             @const315
0     22   0   0             @const316
0     22   0   0             @const317
0     22   0   0             @const318

Program metrics:
    Functions               39
    Statements              974
    Comments                675
    Volume (V)              54170
    Difficilty (D)          165.1
    Effort to implement (E) 8946158
    Time to implement (T)   138 hours, 3 minutes
    Est Delivered Bugs (B)  14
    Cyclomatic Complexity   172
    Maintainability (MI)    88

 Segment     Used  Free
-----------  ----  ----
00000-00002     4  0  
00004-00006     0  4  
00008-000C4   190  0  
000C6-0FFFE  9574  55764  



