Removed Pin From Net: NetName=3.3VDC_VCC Pin=3.3V-1
Removed Pin From Net: NetName=5VDC Pin=5V-1
Removed Pin From Net: NetName=GND Pin=D1-2
Removed Pin From Net: NetName=GND Pin=D2-2
Removed Pin From Net: NetName=GND Pin=GND-1
Removed Pin From Net: NetName=3.3VDC_VCC Pin=P?-1
Removed Pin From Net: NetName=GND Pin=P?-2
Removed Pin From Net: NetName=RST_MRF Pin=P?-3
Removed Pin From Net: NetName=WAKE Pin=P?-4
Removed Pin From Net: NetName=INT1_RP21 Pin=P?-5
Removed Pin From Net: NetName=CS1 Pin=P?-6
Removed Pin From Net: NetName=SDO1_RP19 Pin=P?-7
Removed Pin From Net: NetName=SDI1_RP27 Pin=P?-8
Removed Pin From Net: NetName=SCK1_RP26 Pin=P?-9
Removed Pin From Net: NetName=GND Pin=P?-13
Removed Pin From Net: NetName=GND Pin=P?-14
Removed Pin From Net: NetName=GND Pin=P?-15
Removed Pin From Net: NetName=GND Pin=P?-16
Removed Pin From Net: NetName=GND Pin=P?-17
Removed Pin From Net: NetName=GND Pin=P?-18
Removed Pin From Net: NetName=CS2 Pin=R7-1
Removed Member From Class: ClassName=Sheet1 Member=3.3V
Removed Member From Class: ClassName=Sheet1 Member=5V
Removed Member From Class: ClassName=Sheet1 Member=D1
Removed Member From Class: ClassName=Sheet1 Member=D2
Removed Member From Class: ClassName=Sheet1 Member=GND
Removed Member From Class: ClassName=Sheet1 Member=P?
Removed Member From Class: ClassName=Sheet1 Member=R5
Removed Member From Class: ClassName=Sheet1 Member=R9
Change Component DesignItemId : Designator=LM1117 Old DesignItemId=Header 3 New DesignItemId=LM317
Change Component Comment : Designator=LM1117 Old Comment=Header 3 New Comment=LM317
Change Component Designator: OldDesignator=SHT NewDesignator=SHT_CON
Change Component Description : Designator=LM1117 Old Description=Header, 3-Pin New Description=Adj Voltage +1.2 -> +37V
Change Component Library : Designator=LM1117 Old Library=Miscellaneous Connectors.IntLib New Library=syhaunguyen.SchLib
Added Component: Designator=3.3VDC(CON2)
Added Component: Designator=5VDC(CON2)
Added Component: Designator=MRF24J40MB(HDR2X6)
Added Pin To Net: NetName=3.3VDC_VCC Pin=3.3VDC-1
Added Pin To Net: NetName=GND Pin=3.3VDC-2
Added Pin To Net: NetName=GND Pin=5VDC-1
Added Pin To Net: NetName=5VDC Pin=5VDC-2
Added Pin To Net: NetName=GND Pin=ICSP-2
Added Pin To Net: NetName=3.3VDC_VCC Pin=ICSP-4
Added Pin To Net: NetName=3.3VDC_VCC Pin=LM1117-2
Added Pin To Net: NetName=GND Pin=MQ6-2
Added Pin To Net: NetName=3.3VDC_VCC Pin=MRF24J40MB-1
Added Pin To Net: NetName=GND Pin=MRF24J40MB-2
Added Pin To Net: NetName=RST_MRF Pin=MRF24J40MB-3
Added Pin To Net: NetName=WAKE Pin=MRF24J40MB-4
Added Pin To Net: NetName=INT1_RP21 Pin=MRF24J40MB-5
Added Pin To Net: NetName=CS1 Pin=MRF24J40MB-6
Added Pin To Net: NetName=SDO1_RP19 Pin=MRF24J40MB-7
Added Pin To Net: NetName=SDI1_RP27 Pin=MRF24J40MB-8
Added Pin To Net: NetName=SCK1_RP26 Pin=MRF24J40MB-9
Added Pin To Net: NetName=GND Pin=U1-16
Change Net Name : Old Net Name=3.3VDC_VCC New Net Name=3.3VDC
Change Net Name : Old Net Name=POWER_LED New Net Name=LED
Added Member To Class: ClassName=Sheet1 Member=Component 3.3VDC Header 2
Added Member To Class: ClassName=Sheet1 Member=Component 5VDC Header 2
Added Member To Class: ClassName=Sheet1 Member=Component C8 Cap
Added Member To Class: ClassName=Sheet1 Member=Component MRF24J40MB Header 6X2
