Added Component: Designator=3.3VDC(CON2)
Added Component: Designator=5VDC(CON2)
Added Component: Designator=25LC256(DIP-8)
Added Component: Designator=C1(C0805)
Added Component: Designator=C2(C0805)
Added Component: Designator=C3(C0805)
Added Component: Designator=C4(C0805)
Added Component: Designator=C5(C0805)
Added Component: Designator=C6(CAP P 6.3x5.4)
Added Component: Designator=C7(C0805)
Added Component: Designator=C8(SM-0805)
Added Component: Designator=C9(SM-0805)
Added Component: Designator=D0(LED3mm)
Added Component: Designator=DIODE1(DIODE/POW/1A)
Added Component: Designator=ICSP(CON5)
Added Component: Designator=LM1117(SOT223-4N)
Added Component: Designator=MQ6(CON2)
Added Component: Designator=MRF24J40MB(MRF24J40MB_board_mini)
Added Component: Designator=R1(C0805)
Added Component: Designator=R2(C0805)
Added Component: Designator=R3(C0805)
Added Component: Designator=R4(C0805)
Added Component: Designator=R7(C0805)
Added Component: Designator=R8(C0805)
Added Component: Designator=RainSensor(CON2)
Added Component: Designator=SHT_CON(CON4)
Added Component: Designator=SW_RESET(SW4)
Added Component: Designator=U1(TQFP-PT64_N)
Added Component: Designator=UART1(CON3)
Added Component: Designator=UART2(CON3)
Added Component: Designator=Y1(XT2)
Added Pin To Net: NetName=3.3VDC Pin=3.3VDC-1
Added Pin To Net: NetName=3.3VDC Pin=25LC256-3
Added Pin To Net: NetName=3.3VDC Pin=25LC256-7
Added Pin To Net: NetName=3.3VDC Pin=25LC256-8
Added Pin To Net: NetName=3.3VDC Pin=C2-2
Added Pin To Net: NetName=3.3VDC Pin=C3-1
Added Pin To Net: NetName=3.3VDC Pin=C4-2
Added Pin To Net: NetName=3.3VDC Pin=C5-1
Added Pin To Net: NetName=3.3VDC Pin=C7-1
Added Pin To Net: NetName=3.3VDC Pin=ICSP-4
Added Pin To Net: NetName=3.3VDC Pin=LM1117-2
Added Pin To Net: NetName=3.3VDC Pin=MRF24J40MB-1
Added Pin To Net: NetName=3.3VDC Pin=R1-2
Added Pin To Net: NetName=3.3VDC Pin=R7-2
Added Pin To Net: NetName=3.3VDC Pin=SHT_CON-1
Added Pin To Net: NetName=3.3VDC Pin=U1-10
Added Pin To Net: NetName=3.3VDC Pin=U1-19
Added Pin To Net: NetName=3.3VDC Pin=U1-26
Added Pin To Net: NetName=3.3VDC Pin=U1-38
Added Net: Name=3.3VDC
Added Pin To Net: NetName=5VDC Pin=5VDC-2
Added Pin To Net: NetName=5VDC Pin=C1-2
Added Pin To Net: NetName=5VDC Pin=LM1117-3
Added Net: Name=5VDC
Added Pin To Net: NetName=AN8 Pin=DIODE1-1
Added Pin To Net: NetName=AN8 Pin=R3-1
Added Pin To Net: NetName=AN8 Pin=U1-21
Added Net: Name=AN8
Added Pin To Net: NetName=CS1 Pin=MRF24J40MB-6
Added Pin To Net: NetName=CS1 Pin=U1-3
Added Net: Name=CS1
Added Pin To Net: NetName=CS2 Pin=25LC256-1
Added Pin To Net: NetName=CS2 Pin=U1-45
Added Net: Name=CS2
Added Pin To Net: NetName=GND Pin=3.3VDC-2
Added Pin To Net: NetName=GND Pin=5VDC-1
Added Pin To Net: NetName=GND Pin=25LC256-4
Added Pin To Net: NetName=GND Pin=C1-1
Added Pin To Net: NetName=GND Pin=C2-1
Added Pin To Net: NetName=GND Pin=C3-2
Added Pin To Net: NetName=GND Pin=C4-1
Added Pin To Net: NetName=GND Pin=C5-2
Added Pin To Net: NetName=GND Pin=C6-2
Added Pin To Net: NetName=GND Pin=C7-2
Added Pin To Net: NetName=GND Pin=C8-1
Added Pin To Net: NetName=GND Pin=C9-1
Added Pin To Net: NetName=GND Pin=D0-2
Added Pin To Net: NetName=GND Pin=DIODE1-2
Added Pin To Net: NetName=GND Pin=ICSP-2
Added Pin To Net: NetName=GND Pin=ICSP-3
Added Pin To Net: NetName=GND Pin=LM1117-1
Added Pin To Net: NetName=GND Pin=MQ6-1
Added Pin To Net: NetName=GND Pin=MQ6-2
Added Pin To Net: NetName=GND Pin=MRF24J40MB-2
Added Pin To Net: NetName=GND Pin=R8-1
Added Pin To Net: NetName=GND Pin=SHT_CON-4
Added Pin To Net: NetName=GND Pin=SW_RESET-1
Added Pin To Net: NetName=GND Pin=SW_RESET-3
Added Pin To Net: NetName=GND Pin=U1-9
Added Pin To Net: NetName=GND Pin=U1-16
Added Pin To Net: NetName=GND Pin=U1-20
Added Pin To Net: NetName=GND Pin=U1-25
Added Pin To Net: NetName=GND Pin=U1-41
Added Pin To Net: NetName=GND Pin=UART1-3
Added Pin To Net: NetName=GND Pin=UART2-3
Added Net: Name=GND
Added Pin To Net: NetName=INT0_RAIN_SENSOR Pin=R8-2
Added Pin To Net: NetName=INT0_RAIN_SENSOR Pin=RainSensor-1
Added Net: Name=INT0_RAIN_SENSOR
Added Pin To Net: NetName=INT1_RP21 Pin=MRF24J40MB-5
Added Pin To Net: NetName=INT1_RP21 Pin=U1-4
Added Net: Name=INT1_RP21
Added Pin To Net: NetName=LED Pin=R4-2
Added Pin To Net: NetName=LED Pin=U1-64
Added Net: Name=LED
Added Pin To Net: NetName=NetC6_1 Pin=C6-1
Added Pin To Net: NetName=NetC6_1 Pin=U1-56
Added Net: Name=NetC6_1
Added Pin To Net: NetName=NetD0_1 Pin=D0-1
Added Pin To Net: NetName=NetD0_1 Pin=R4-1
Added Net: Name=NetD0_1
Added Pin To Net: NetName=NetR1_1 Pin=R1-1
Added Pin To Net: NetName=NetR1_1 Pin=R2-1
Added Pin To Net: NetName=NetR1_1 Pin=SW_RESET-2
Added Pin To Net: NetName=NetR1_1 Pin=SW_RESET-4
Added Net: Name=NetR1_1
Added Pin To Net: NetName=OSCI Pin=C9-2
Added Pin To Net: NetName=OSCI Pin=U1-39
Added Pin To Net: NetName=OSCI Pin=Y1-1
Added Net: Name=OSCI
Added Pin To Net: NetName=OSCO Pin=C8-2
Added Pin To Net: NetName=OSCO Pin=U1-40
Added Pin To Net: NetName=OSCO Pin=Y1-2
Added Net: Name=OSCO
Added Pin To Net: NetName=PGC Pin=ICSP-1
Added Pin To Net: NetName=PGC Pin=U1-15
Added Net: Name=PGC
Added Pin To Net: NetName=RAINSENSOR_OUPUT Pin=RainSensor-2
Added Pin To Net: NetName=RAINSENSOR_OUPUT Pin=U1-32
Added Net: Name=RAINSENSOR_OUPUT
Added Pin To Net: NetName=RB10 Pin=R3-2
Added Pin To Net: NetName=RB10 Pin=U1-23
Added Net: Name=RB10
Added Pin To Net: NetName=RST_MRF Pin=MRF24J40MB-3
Added Pin To Net: NetName=RST_MRF Pin=U1-1
Added Net: Name=RST_MRF
Added Pin To Net: NetName=SCK1_RP26 Pin=MRF24J40MB-9
Added Pin To Net: NetName=SCK1_RP26 Pin=U1-5
Added Net: Name=SCK1_RP26
Added Pin To Net: NetName=SCK2_RP3 Pin=25LC256-6
Added Pin To Net: NetName=SCK2_RP3 Pin=U1-44
Added Net: Name=SCK2_RP3
Added Pin To Net: NetName=SCL1 Pin=SHT_CON-2
Added Pin To Net: NetName=SCL1 Pin=U1-37
Added Net: Name=SCL1
Added Pin To Net: NetName=SDA1 Pin=SHT_CON-3
Added Pin To Net: NetName=SDA1 Pin=U1-36
Added Net: Name=SDA1
Added Pin To Net: NetName=SDI1_RP27 Pin=MRF24J40MB-8
Added Pin To Net: NetName=SDI1_RP27 Pin=U1-8
Added Net: Name=SDI1_RP27
Added Pin To Net: NetName=SDI2_RP4 Pin=25LC256-2
Added Pin To Net: NetName=SDI2_RP4 Pin=U1-43
Added Net: Name=SDI2_RP4
Added Pin To Net: NetName=SDO1_RP19 Pin=MRF24J40MB-7
Added Pin To Net: NetName=SDO1_RP19 Pin=U1-6
Added Net: Name=SDO1_RP19
Added Pin To Net: NetName=SDO2_RP2 Pin=25LC256-5
Added Pin To Net: NetName=SDO2_RP2 Pin=U1-42
Added Net: Name=SDO2_RP2
Added Pin To Net: NetName=U1RX_RP22 Pin=U1-51
Added Pin To Net: NetName=U1RX_RP22 Pin=UART1-2
Added Net: Name=U1RX_RP22
Added Pin To Net: NetName=U1TX_RP25 Pin=U1-52
Added Pin To Net: NetName=U1TX_RP25 Pin=UART1-1
Added Net: Name=U1TX_RP25
Added Pin To Net: NetName=U2RX_RP24 Pin=U1-49
Added Pin To Net: NetName=U2RX_RP24 Pin=UART2-2
Added Net: Name=U2RX_RP24
Added Pin To Net: NetName=U2TX_RP23 Pin=U1-50
Added Pin To Net: NetName=U2TX_RP23 Pin=UART2-1
Added Net: Name=U2TX_RP23
Added Pin To Net: NetName=VPP Pin=ICSP-5
Added Pin To Net: NetName=VPP Pin=R2-2
Added Pin To Net: NetName=VPP Pin=U1-7
Added Net: Name=VPP
Added Pin To Net: NetName=WAKE Pin=MRF24J40MB-4
Added Pin To Net: NetName=WAKE Pin=U1-2
Added Net: Name=WAKE
Added Class: Name=Sheet1
Added Room: Name=Sheet1
