CCS PCH C Compiler, Version 4.120, 5967               17-Apr-13 09:53

               Filename: C:\Users\Tuan\Desktop\Actor\code_ccs_full\setup_time_date\main.lst

               ROM used: 48 bytes (0%)
                         Largest free fragment is 65488
               RAM used: 4 (0%) at main() level
                         4 (0%) worst case
               Stack:    0 locations

*
00000:  GOTO   0004
.................... #include <18F46K20.h> 
.................... //////// Standard Header file for the PIC18F46K20 device //////////////// 
.................... #device PIC18F46K20 
.................... #list 
....................  
....................  
.................... #device adc=16 
....................  
.................... #FUSES NOWDT                    //No Watch Dog Timer 
.................... #FUSES WDT128                   //Watch Dog Timer uses 1:128 Postscale 
.................... #FUSES LP                       //Low power osc < 200 khz 
.................... #FUSES NOBROWNOUT               //No brownout reset 
.................... #FUSES NOLVP                    //No low voltage prgming, B3(PIC16) or B5(PIC18) used for I/O 
.................... #FUSES NOXINST                  //Extended set extension and Indexed Addressing mode disabled (Legacy mode) 
....................  
.................... #use delay(clock=8000000) 
....................  
.................... void main() 
.................... { 
00004:  CLRF   FF8
00006:  BCF    FD0.7
00008:  CLRF   FEA
0000A:  CLRF   FE9
0000C:  MOVLW  00
0000E:  MOVWF  F7E
00010:  BCF    FC1.4
00012:  BCF    FC1.5
00014:  MOVF   F7F,W
00016:  ANDLW  E0
00018:  MOVWF  F7F
0001A:  BCF    F79.5
0001C:  BCF    F79.4
0001E:  CLRF   F7A
00020:  CLRF   F7B
....................  
....................    setup_timer_3(T3_DISABLED|T3_DIV_BY_1); 
00022:  CLRF   FB1
....................    setup_comparator(NC_NC_NC_NC);// This device COMP currently not supported by the PICWizard 
00024:  BCF    F79.5
00026:  BCF    F79.4
00028:  MOVLW  04
0002A:  MOVWF  F7A
0002C:  MOVWF  F7B
....................  
....................  
.................... } 
0002E:  SLEEP 

Configuration Fuses:
   Word  1: C000   LP FCMEN IESO
   Word  2: 0E18   PUT NOBROWNOUT BORV20 NOWDT WDT128
   Word  3: 8F00   CCP2C1 PBADEN LPT1OSC HFOFST MCLR
   Word  4: 0081   STVREN NOLVP NOXINST NODEBUG
   Word  5: C00F   NOPROTECT NOCPB NOCPD
   Word  6: E00F   NOWRT NOWRTC NOWRTB NOWRTD
   Word  7: 400F   NOEBTR NOEBTRB
