Removed Pin From Net: NetName=NetJP4_1 Pin=JP4-1
Removed Pin From Net: NetName=NetJP4_2 Pin=JP4-2
Removed Pin From Net: NetName=BAT Pin=R5-1
Removed Pin From Net: NetName=NetIC1_1 Pin=R5-2
Removed Pin From Net: NetName=NetQ1_2 Pin=R7-1
Removed Pin From Net: NetName=NetC3_2 Pin=R7-2
Removed Pin From Net: NetName=GND Pin=R10-1
Removed Pin From Net: NetName=NetR10_2 Pin=R10-2
Removed Pin From Net: NetName=NetR10_2 Pin=R11-1
Removed Pin From Net: NetName=NetC3_2 Pin=R11-2
Change Component Footprint: Designator=U1 Old Footprint=DIODE BRIDGE(FLAT) New Footprint=DIODE BRIDGE(FLAT) BIG
Added Component: Designator=JP4(CON2)
Added Component: Designator=R5(SM-0805)
Added Component: Designator=R7(SM-0805)
Added Component: Designator=R10(R2W)
Added Component: Designator=R11(R2W)
Added Pin To Net: NetName=NetJP4_1 Pin=JP4-1
Added Pin To Net: NetName=NetJP4_2 Pin=JP4-2
Added Pin To Net: NetName=BAT Pin=R5-1
Added Pin To Net: NetName=NetIC1_1 Pin=R5-2
Added Pin To Net: NetName=NetQ1_2 Pin=R7-1
Added Pin To Net: NetName=NetC3_2 Pin=R7-2
Added Pin To Net: NetName=GND Pin=R10-1
Added Pin To Net: NetName=NetR10_2 Pin=R10-2
Added Pin To Net: NetName=NetR10_2 Pin=R11-1
Added Pin To Net: NetName=NetC3_2 Pin=R11-2
Added Member To Class: ClassName=Sheet1 Member=Component JP4 Connector 2
Added Member To Class: ClassName=Sheet1 Member=Component R5 1K
Added Member To Class: ClassName=Sheet1 Member=Component R7 1K
Added Member To Class: ClassName=Sheet1 Member=Component R10 47
Added Member To Class: ClassName=Sheet1 Member=Component R11 47
Added Room: Name=Sheet1
