Removed Pin From Net: NetName=GND Pin=JP-1
Removed Pin From Net: NetName=V_BAT Pin=JP-2
Removed Pin From Net: NetName=BAT Pin=R1-1
Removed Pin From Net: NetName=NetIC1_1 Pin=R1-2
Removed Pin From Net: NetName=NetQ1_2 Pin=R2-1
Removed Pin From Net: NetName=NetC3_2 Pin=R2-2
Removed Pin From Net: NetName=GND Pin=R3-1
Removed Pin From Net: NetName=NetC3_2 Pin=R4-2
Removed Pin From Net: NetName=NetJP3_1 Pin=U2-2
Removed Member From Class: ClassName=Sheet1 Member=JP
Change Component DesignItemId : Designator=R3 Old DesignItemId=R2W New DesignItemId=R
Change Component DesignItemId : Designator=R4 Old DesignItemId=R2W New DesignItemId=R
Change Component DesignItemId : Designator=R1 Old DesignItemId=RES 0805 BUT New DesignItemId=R
Change Component DesignItemId : Designator=R2 Old DesignItemId=RES 0805 BUT New DesignItemId=R
Change Component Footprint: Designator=R3 Old Footprint=R2W New Footprint=SM-0805
Change Component Footprint: Designator=R4 Old Footprint=R2W New Footprint=SM-0805
Change Component Comment : Designator=R1 Old Comment=1K New Comment=2k2
Change Component Comment : Designator=R2 Old Comment=1K New Comment=100
Change Component Comment : Designator=R3 Old Comment=47 New Comment=2k2
Change Component Comment : Designator=R4 Old Comment=47 New Comment=100
Change Component Designator: OldDesignator=C8 NewDesignator=C4
Change Component Designator: OldDesignator=C9 NewDesignator=C5
Change Component Designator: OldDesignator=JP4 NewDesignator=JP5
Change Component Designator: OldDesignator=U2 NewDesignator=U1
Change Component Description : Designator=R1 Old Description=Resistor New Description=Resistor 1/4W
Change Component Description : Designator=R2 Old Description=Resistor New Description=Resistor 1/4W
Change Component Library : Designator=R1 Old Library=THU VIEN CHAN.SchLib New Library=Luyen_Schematics.SchLib
Change Component Library : Designator=R2 Old Library=THU VIEN CHAN.SchLib New Library=Luyen_Schematics.SchLib
Added Component: Designator=D2(1n4148 smd)
Added Component: Designator=D3(1n4148 smd)
Added Component: Designator=D4(1n4148 smd)
Added Component: Designator=D5(1n4148 smd)
Added Component: Designator=D6(1n4148 smd)
Added Component: Designator=D7(1n4148 smd)
Added Component: Designator=D8(1n4148 smd)
Added Component: Designator=D9(1n4148 smd)
Added Component: Designator=JP2(CON2)
Added Component: Designator=JP4(CON2)
Added Component: Designator=JP6(CON2)
Added Component: Designator=K1(RELAY SONGCHUAN 834)
Added Component: Designator=K2(RELAY SONGCHUAN 834)
Added Component: Designator=K3(RELAY SPDT)
Added Component: Designator=K4(RELAY SONGCHUAN 834)
Added Component: Designator=K5(RELAY SONGCHUAN 834)
Added Component: Designator=K6(RELAY SONGCHUAN 834)
Added Component: Designator=K7(RELAY SONGCHUAN 834)
Added Component: Designator=K8(RELAY SONGCHUAN 834)
Added Component: Designator=K9(RELAY SONGCHUAN 834)
Added Component: Designator=LD1(LED-V)
Added Component: Designator=LD2(LED-V)
Added Component: Designator=LD3(LED-V)
Added Component: Designator=LD4(LED-V)
Added Component: Designator=LD5(LED-V)
Added Component: Designator=LD6(LED-V)
Added Component: Designator=LD7(LED-V)
Added Component: Designator=LD8(LED-V)
Added Component: Designator=Q2(SOT23B)
Added Component: Designator=Q3(SOT23B)
Added Component: Designator=Q4(SOT23B)
Added Component: Designator=Q5(SOT23B)
Added Component: Designator=Q6(SOT23B)
Added Component: Designator=Q7(SOT23B)
Added Component: Designator=Q8(SOT23B)
Added Component: Designator=Q9(SOT23B)
Added Component: Designator=R5(SM-0805)
Added Component: Designator=R6(SM-0805)
Added Component: Designator=R7(SM-0805)
Added Component: Designator=R8(SM-0805)
Added Component: Designator=R9(SM-0805)
Added Component: Designator=R10(R2W)
Added Component: Designator=R11(R2W)
Added Component: Designator=R12(SM-0805)
Added Component: Designator=R13(SM-0805)
Added Component: Designator=R14(SM-0805)
Added Component: Designator=R15(SM-0805)
Added Component: Designator=R16(SM-0805)
Added Component: Designator=R17(SM-0805)
Added Component: Designator=R18(SM-0805)
Added Component: Designator=R19(SM-0805)
Added Component: Designator=R20(SM-0805)
Added Component: Designator=R21(SM-0805)
Added Component: Designator=R22(SM-0805)
Added Component: Designator=R23(SM-0805)
Added Component: Designator=R24(SM-0805)
Added Component: Designator=R25(SM-0805)
Added Component: Designator=R26(SM-0805)
Added Component: Designator=R27(SM-0805)
Added Component: Designator=R28(SM-0805)
Added Component: Designator=R29(SM-0805)
Added Component: Designator=R30(SM-0805)
Added Component: Designator=U2(DIP 8)
Added Pin To Net: NetName=GND Pin=JP2-1
Added Pin To Net: NetName=GND Pin=JP3-2
Added Pin To Net: NetName=GND Pin=K1-4
Added Pin To Net: NetName=GND Pin=K3-1
Added Pin To Net: NetName=GND Pin=K3-1
Added Pin To Net: NetName=GND Pin=K3-1
Added Pin To Net: NetName=GND Pin=K3-1
Added Pin To Net: NetName=NetJP3_1 Pin=K3-4
Added Pin To Net: NetName=V_BAT Pin=K3-5
Added Pin To Net: NetName=GND Pin=K4-4
Added Pin To Net: NetName=GND Pin=K6-4
Added Pin To Net: NetName=GND Pin=K9-4
Added Pin To Net: NetName=GND Pin=Q2-1
Added Pin To Net: NetName=GND Pin=Q3-1
Added Pin To Net: NetName=GND Pin=Q4-1
Added Pin To Net: NetName=GND Pin=Q5-1
Added Pin To Net: NetName=GND Pin=Q6-1
Added Pin To Net: NetName=GND Pin=Q7-1
Added Pin To Net: NetName=GND Pin=Q8-1
Added Pin To Net: NetName=GND Pin=Q9-1
Added Pin To Net: NetName=BAT Pin=R5-1
Added Pin To Net: NetName=NetIC1_1 Pin=R5-2
Added Pin To Net: NetName=NetQ1_2 Pin=R7-1
Added Pin To Net: NetName=NetC3_2 Pin=R7-2
Added Pin To Net: NetName=GND Pin=R10-1
Added Pin To Net: NetName=NetC3_2 Pin=R11-2
Added Pin To Net: NetName=BAT Pin=R18-1
Added Pin To Net: NetName=BAT Pin=U2-2
Added Pin To Net: NetName=GND Pin=U2-4
Added Pin To Net: NetName=12VDC Pin=JP2-2
Added Pin To Net: NetName=12VDC Pin=K3-3
Added Pin To Net: NetName=12VDC Pin=U2-8
Added Net: Name=12VDC
Added Pin To Net: NetName=12V Pin=D2-2
Added Pin To Net: NetName=12V Pin=D3-2
Added Pin To Net: NetName=12V Pin=D4-2
Added Pin To Net: NetName=12V Pin=D5-2
Added Pin To Net: NetName=12V Pin=D6-2
Added Pin To Net: NetName=12V Pin=D7-2
Added Pin To Net: NetName=12V Pin=D8-2
Added Pin To Net: NetName=12V Pin=D9-2
Added Pin To Net: NetName=12V Pin=R1-2
Added Pin To Net: NetName=12V Pin=R2-2
Added Pin To Net: NetName=12V Pin=R3-2
Added Pin To Net: NetName=12V Pin=R4-2
Added Pin To Net: NetName=12V Pin=R12-2
Added Pin To Net: NetName=12V Pin=R13-2
Added Pin To Net: NetName=12V Pin=R14-2
Added Pin To Net: NetName=12V Pin=R15-2
Added Pin To Net: NetName=12V Pin=R19-2
Added Pin To Net: NetName=12V Pin=R20-2
Added Pin To Net: NetName=12V Pin=R21-2
Added Pin To Net: NetName=12V Pin=R22-2
Added Pin To Net: NetName=12V Pin=R25-2
Added Pin To Net: NetName=12V Pin=R26-2
Added Pin To Net: NetName=12V Pin=R27-2
Added Pin To Net: NetName=12V Pin=R28-2
Added Net: Name=12V
Added Pin To Net: NetName=NetD2_1 Pin=D2-1
Added Pin To Net: NetName=NetD2_1 Pin=K1-2
Added Pin To Net: NetName=NetD2_1 Pin=LD1-2
Added Pin To Net: NetName=NetD2_1 Pin=Q2-2
Added Net: Name=NetD2_1
Added Pin To Net: NetName=NetD3_1 Pin=D3-1
Added Pin To Net: NetName=NetD3_1 Pin=K2-2
Added Pin To Net: NetName=NetD3_1 Pin=LD2-2
Added Pin To Net: NetName=NetD3_1 Pin=Q3-2
Added Net: Name=NetD3_1
Added Pin To Net: NetName=NetD4_1 Pin=D4-1
Added Pin To Net: NetName=NetD4_1 Pin=K4-2
Added Pin To Net: NetName=NetD4_1 Pin=LD3-2
Added Pin To Net: NetName=NetD4_1 Pin=Q4-2
Added Net: Name=NetD4_1
Added Pin To Net: NetName=NetD5_1 Pin=D5-1
Added Pin To Net: NetName=NetD5_1 Pin=K5-2
Added Pin To Net: NetName=NetD5_1 Pin=LD4-2
Added Pin To Net: NetName=NetD5_1 Pin=Q5-2
Added Net: Name=NetD5_1
Added Pin To Net: NetName=NetD6_1 Pin=D6-1
Added Pin To Net: NetName=NetD6_1 Pin=K6-2
Added Pin To Net: NetName=NetD6_1 Pin=LD5-2
Added Pin To Net: NetName=NetD6_1 Pin=Q6-2
Added Net: Name=NetD6_1
Added Pin To Net: NetName=NetD7_1 Pin=D7-1
Added Pin To Net: NetName=NetD7_1 Pin=K7-2
Added Pin To Net: NetName=NetD7_1 Pin=LD6-2
Added Pin To Net: NetName=NetD7_1 Pin=Q7-2
Added Net: Name=NetD7_1
Added Pin To Net: NetName=NetD8_1 Pin=D8-1
Added Pin To Net: NetName=NetD8_1 Pin=K8-2
Added Pin To Net: NetName=NetD8_1 Pin=LD7-2
Added Pin To Net: NetName=NetD8_1 Pin=Q8-2
Added Net: Name=NetD8_1
Added Pin To Net: NetName=NetD9_1 Pin=D9-1
Added Pin To Net: NetName=NetD9_1 Pin=K9-2
Added Pin To Net: NetName=NetD9_1 Pin=LD8-2
Added Pin To Net: NetName=NetD9_1 Pin=Q9-2
Added Net: Name=NetD9_1
Added Pin To Net: NetName=NetJP4_1 Pin=JP4-1
Added Pin To Net: NetName=NetJP4_1 Pin=U1-2
Added Net: Name=NetJP4_1
Added Pin To Net: NetName=NetJP4_2 Pin=JP4-2
Added Pin To Net: NetName=NetJP4_2 Pin=U1-3
Added Net: Name=NetJP4_2
Added Pin To Net: NetName=NetK1_1 Pin=K1-1
Added Pin To Net: NetName=NetK1_1 Pin=R2-1
Added Net: Name=NetK1_1
Added Pin To Net: NetName=NetK2_1 Pin=K2-1
Added Pin To Net: NetName=NetK2_1 Pin=R4-1
Added Net: Name=NetK2_1
Added Pin To Net: NetName=NetK3_2 Pin=K3-2
Added Pin To Net: NetName=NetK3_2 Pin=R6-2
Added Net: Name=NetK3_2
Added Pin To Net: NetName=NetK4_1 Pin=K4-1
Added Pin To Net: NetName=NetK4_1 Pin=R13-1
Added Net: Name=NetK4_1
Added Pin To Net: NetName=NetK5_1 Pin=K5-1
Added Pin To Net: NetName=NetK5_1 Pin=R15-1
Added Net: Name=NetK5_1
Added Pin To Net: NetName=NetK6_1 Pin=K6-1
Added Pin To Net: NetName=NetK6_1 Pin=R20-1
Added Net: Name=NetK6_1
Added Pin To Net: NetName=NetK7_1 Pin=K7-1
Added Pin To Net: NetName=NetK7_1 Pin=R22-1
Added Net: Name=NetK7_1
Added Pin To Net: NetName=NetK8_1 Pin=K8-1
Added Pin To Net: NetName=NetK8_1 Pin=R26-1
Added Net: Name=NetK8_1
Added Pin To Net: NetName=NetK9_1 Pin=K9-1
Added Pin To Net: NetName=NetK9_1 Pin=R28-1
Added Net: Name=NetK9_1
Added Pin To Net: NetName=NetLD1_1 Pin=LD1-1
Added Pin To Net: NetName=NetLD1_1 Pin=R1-1
Added Net: Name=NetLD1_1
Added Pin To Net: NetName=NetLD2_1 Pin=LD2-1
Added Pin To Net: NetName=NetLD2_1 Pin=R3-1
Added Net: Name=NetLD2_1
Added Pin To Net: NetName=NetLD3_1 Pin=LD3-1
Added Pin To Net: NetName=NetLD3_1 Pin=R12-1
Added Net: Name=NetLD3_1
Added Pin To Net: NetName=NetLD4_1 Pin=LD4-1
Added Pin To Net: NetName=NetLD4_1 Pin=R14-1
Added Net: Name=NetLD4_1
Added Pin To Net: NetName=NetLD5_1 Pin=LD5-1
Added Pin To Net: NetName=NetLD5_1 Pin=R19-1
Added Net: Name=NetLD5_1
Added Pin To Net: NetName=NetLD6_1 Pin=LD6-1
Added Pin To Net: NetName=NetLD6_1 Pin=R21-1
Added Net: Name=NetLD6_1
Added Pin To Net: NetName=NetLD7_1 Pin=LD7-1
Added Pin To Net: NetName=NetLD7_1 Pin=R25-1
Added Net: Name=NetLD7_1
Added Pin To Net: NetName=NetLD8_1 Pin=LD8-1
Added Pin To Net: NetName=NetLD8_1 Pin=R27-1
Added Net: Name=NetLD8_1
Added Pin To Net: NetName=NetQ2_3 Pin=Q2-3
Added Pin To Net: NetName=NetQ2_3 Pin=R8-2
Added Net: Name=NetQ2_3
Added Pin To Net: NetName=NetQ3_3 Pin=Q3-3
Added Pin To Net: NetName=NetQ3_3 Pin=R9-2
Added Net: Name=NetQ3_3
Added Pin To Net: NetName=NetQ4_3 Pin=Q4-3
Added Pin To Net: NetName=NetQ4_3 Pin=R16-2
Added Net: Name=NetQ4_3
Added Pin To Net: NetName=NetQ5_3 Pin=Q5-3
Added Pin To Net: NetName=NetQ5_3 Pin=R17-2
Added Net: Name=NetQ5_3
Added Pin To Net: NetName=NetQ6_3 Pin=Q6-3
Added Pin To Net: NetName=NetQ6_3 Pin=R23-2
Added Net: Name=NetQ6_3
Added Pin To Net: NetName=NetQ7_3 Pin=Q7-3
Added Pin To Net: NetName=NetQ7_3 Pin=R24-2
Added Net: Name=NetQ7_3
Added Pin To Net: NetName=NetQ8_3 Pin=Q8-3
Added Pin To Net: NetName=NetQ8_3 Pin=R29-2
Added Net: Name=NetQ8_3
Added Pin To Net: NetName=NetQ9_3 Pin=Q9-3
Added Pin To Net: NetName=NetQ9_3 Pin=R30-2
Added Net: Name=NetQ9_3
Added Pin To Net: NetName=NetR10_2 Pin=R10-2
Added Pin To Net: NetName=NetR10_2 Pin=R11-1
Added Net: Name=NetR10_2
Added Pin To Net: NetName=NetU2_3 Pin=U2-3
Added Net: Name=NetU2_3
Added Pin To Net: NetName=RELAY Pin=R6-1
Added Pin To Net: NetName=RELAY Pin=R18-2
Added Pin To Net: NetName=RELAY Pin=U2-1
Added Net: Name=RELAY
Added Pin To Net: NetName=RL1 Pin=K1-3
Added Pin To Net: NetName=RL1 Pin=K2-3
Added Pin To Net: NetName=RL1 Pin=K4-3
Added Pin To Net: NetName=RL1 Pin=K5-3
Added Pin To Net: NetName=RL1 Pin=K6-3
Added Pin To Net: NetName=RL1 Pin=K7-3
Added Pin To Net: NetName=RL1 Pin=K8-3
Added Pin To Net: NetName=RL1 Pin=K9-3
Added Net: Name=RL1
Added Member To Class: ClassName=Sheet1 Member=Component D2 1N4148
Added Member To Class: ClassName=Sheet1 Member=Component D3 1N4148
Added Member To Class: ClassName=Sheet1 Member=Component D4 1N4148
Added Member To Class: ClassName=Sheet1 Member=Component D5 1N4148
Added Member To Class: ClassName=Sheet1 Member=Component D6 1N4148
Added Member To Class: ClassName=Sheet1 Member=Component D7 1N4148
Added Member To Class: ClassName=Sheet1 Member=Component D8 1N4148
Added Member To Class: ClassName=Sheet1 Member=Component D9 1N4148
Added Member To Class: ClassName=Sheet1 Member=Component JP2 Connector 2
Added Member To Class: ClassName=Sheet1 Member=Component JP5 Connector 2
Added Member To Class: ClassName=Sheet1 Member=Component JP6 Connector 2
Added Member To Class: ClassName=Sheet1 Member=Component K1 RELAY SPNO
Added Member To Class: ClassName=Sheet1 Member=Component K2 RELAY SPNO
Added Member To Class: ClassName=Sheet1 Member=Component K3 RELAY SPDT
Added Member To Class: ClassName=Sheet1 Member=Component K4 RELAY SPNO
Added Member To Class: ClassName=Sheet1 Member=Component K5 RELAY SPNO
Added Member To Class: ClassName=Sheet1 Member=Component K6 RELAY SPNO
Added Member To Class: ClassName=Sheet1 Member=Component K7 RELAY SPNO
Added Member To Class: ClassName=Sheet1 Member=Component K8 RELAY SPNO
Added Member To Class: ClassName=Sheet1 Member=Component K9 RELAY SPNO
Added Member To Class: ClassName=Sheet1 Member=Component LD1 LED
Added Member To Class: ClassName=Sheet1 Member=Component LD2 LED
Added Member To Class: ClassName=Sheet1 Member=Component LD3 LED
Added Member To Class: ClassName=Sheet1 Member=Component LD4 LED
Added Member To Class: ClassName=Sheet1 Member=Component LD5 LED
Added Member To Class: ClassName=Sheet1 Member=Component LD6 LED
Added Member To Class: ClassName=Sheet1 Member=Component LD7 LED
Added Member To Class: ClassName=Sheet1 Member=Component LD8 LED
Added Member To Class: ClassName=Sheet1 Member=Component Q2 C1815
Added Member To Class: ClassName=Sheet1 Member=Component Q3 C1815
Added Member To Class: ClassName=Sheet1 Member=Component Q4 C1815
Added Member To Class: ClassName=Sheet1 Member=Component Q5 C1815
Added Member To Class: ClassName=Sheet1 Member=Component Q6 C1815
Added Member To Class: ClassName=Sheet1 Member=Component Q7 C1815
Added Member To Class: ClassName=Sheet1 Member=Component Q8 C1815
Added Member To Class: ClassName=Sheet1 Member=Component Q9 C1815
Added Member To Class: ClassName=Sheet1 Member=Component R5 1K
Added Member To Class: ClassName=Sheet1 Member=Component R6 1K
Added Member To Class: ClassName=Sheet1 Member=Component R7 1K
Added Member To Class: ClassName=Sheet1 Member=Component R8 2k2
Added Member To Class: ClassName=Sheet1 Member=Component R9 2k2
Added Member To Class: ClassName=Sheet1 Member=Component R10 47
Added Member To Class: ClassName=Sheet1 Member=Component R11 47
Added Member To Class: ClassName=Sheet1 Member=Component R12 2k2
Added Member To Class: ClassName=Sheet1 Member=Component R13 100
Added Member To Class: ClassName=Sheet1 Member=Component R14 2k2
Added Member To Class: ClassName=Sheet1 Member=Component R15 100
Added Member To Class: ClassName=Sheet1 Member=Component R16 2k2
Added Member To Class: ClassName=Sheet1 Member=Component R17 2k2
Added Member To Class: ClassName=Sheet1 Member=Component R18 1K
Added Member To Class: ClassName=Sheet1 Member=Component R19 2k2
Added Member To Class: ClassName=Sheet1 Member=Component R20 100
Added Member To Class: ClassName=Sheet1 Member=Component R21 2k2
Added Member To Class: ClassName=Sheet1 Member=Component R22 100
Added Member To Class: ClassName=Sheet1 Member=Component R23 2k2
Added Member To Class: ClassName=Sheet1 Member=Component R24 2k2
Added Member To Class: ClassName=Sheet1 Member=Component R25 2k2
Added Member To Class: ClassName=Sheet1 Member=Component R26 100
Added Member To Class: ClassName=Sheet1 Member=Component R27 2k2
Added Member To Class: ClassName=Sheet1 Member=Component R28 100
Added Member To Class: ClassName=Sheet1 Member=Component R29 2k2
Added Member To Class: ClassName=Sheet1 Member=Component R30 2k2
Added Member To Class: ClassName=Sheet1 Member=Component U2 LM358
