Removed Pin From Net: NetName=RL1 Pin=JP3-1
Removed Pin From Net: NetName=RL2 Pin=JP3-2
Removed Pin From Net: NetName=RL3 Pin=JP3-3
Removed Pin From Net: NetName=RL4 Pin=JP3-4
Removed Pin From Net: NetName=RL5 Pin=JP3-5
Removed Pin From Net: NetName=RL6 Pin=JP3-6
Removed Pin From Net: NetName=RL7 Pin=JP3-7
Change Component DesignItemId : Designator=JP3 Old DesignItemId=CON7 New DesignItemId=CON2
Change Component Footprint: Designator=JP3 Old Footprint=CON7 New Footprint=CON2
Change Component Comment : Designator=JP3 Old Comment=Connector 7 New Comment=Connector 2
Added Component: Designator=JP3(CON7)
Added Pin To Net: NetName=NetJP2_1 Pin=JP3-1
Added Pin To Net: NetName=RL6 Pin=JP3-1
Added Pin To Net: NetName=GND Pin=JP3-2
Added Pin To Net: NetName=RL1 Pin=JP3-2
Added Pin To Net: NetName=RL2 Pin=JP3-3
Added Pin To Net: NetName=RL3 Pin=JP3-4
Added Pin To Net: NetName=RL4 Pin=JP3-5
Added Pin To Net: NetName=RL5 Pin=JP3-6
Added Pin To Net: NetName=RL7 Pin=JP3-7
