Removed Pin From Net: NetName=V_BAT Pin=JP3-1
Removed Pin From Net: NetName=NetC1_2 Pin=JP3-2
Added Component: Designator=C6(CAP 470/16V)
Added Component: Designator=C7(CAP 470/16V)
Added Component: Designator=C8(CAP 470/16V)
Added Component: Designator=C9(CAP 470/16V)
Added Component: Designator=C10(CAP 470/16V)
Added Component: Designator=JP3(HED2T)
Added Pin To Net: NetName=3.3V Pin=C6-1
Added Pin To Net: NetName=GND Pin=C6-2
Added Pin To Net: NetName=3.3V Pin=C7-1
Added Pin To Net: NetName=GND Pin=C7-2
Added Pin To Net: NetName=3.3V Pin=C8-1
Added Pin To Net: NetName=GND Pin=C8-2
Added Pin To Net: NetName=3.3V Pin=C9-1
Added Pin To Net: NetName=GND Pin=C9-2
Added Pin To Net: NetName=3.3V Pin=C10-1
Added Pin To Net: NetName=GND Pin=C10-2
Added Pin To Net: NetName=V_BAT Pin=JP3-1
Added Pin To Net: NetName=NetC1_2 Pin=JP3-2
Added Member To Class: ClassName=Sheet1 Member=Component C6 470/16V
Added Member To Class: ClassName=Sheet1 Member=Component C7 470/16V
Added Member To Class: ClassName=Sheet1 Member=Component C8 470/16V
Added Member To Class: ClassName=Sheet1 Member=Component C9 470/16V
Added Member To Class: ClassName=Sheet1 Member=Component C10 470/16V
Added Member To Class: ClassName=Sheet1 Member=Component JP3 Connector 2
Added Member To Class: ClassName=Sheet1 Member=Component JP11 Connector 2
