Added Component: Designator=C28(SM-0805)
Added Component: Designator=IC4(DIP8/W0.3)
Added Component: Designator=R41(SM-0805)
Added Pin To Net: NetName=GND Pin=C28-1
Added Pin To Net: NetName=+5V Pin=C28-2
Added Pin To Net: NetName=GND Pin=IC4-5
Added Pin To Net: NetName=A Pin=IC4-6
Added Pin To Net: NetName=B Pin=IC4-7
Added Pin To Net: NetName=+5V Pin=IC4-8
Added Pin To Net: NetName=A Pin=R41-1
Added Pin To Net: NetName=B Pin=R41-2
Added Pin To Net: NetName=RS485 Pin=IC4-2
Added Pin To Net: NetName=RS485 Pin=IC4-3
Added Pin To Net: NetName=RS485 Pin=U1-21
Added Net: Name=RS485
Added Pin To Net: NetName=RX_485 Pin=IC4-4
Added Net: Name=RX_485
Added Pin To Net: NetName=TX_485 Pin=IC4-1
Added Net: Name=TX_485
Added Member To Class: ClassName=sht_rs485 Member=Component C28 104
Added Member To Class: ClassName=sht_rs485 Member=Component IC4 MAX485
Added Member To Class: ClassName=sht_rs485 Member=Component R41 2k2
