Added Component: Designator=C4(SM-0805)
Added Component: Designator=D1(1n4148 smd)
Added Component: Designator=D2(1n4148 smd)
Added Component: Designator=D3(1n4148 smd)
Added Component: Designator=D4(1n4148 smd)
Added Component: Designator=D5(1n4148 smd)
Added Component: Designator=D6(1n4148 smd)
Added Component: Designator=D7(1n4148 smd)
Added Component: Designator=D8(1n4148 smd)
Added Component: Designator=JP3(CON3)
Added Component: Designator=LD1(LED-V)
Added Component: Designator=LD2(LED-V)
Added Component: Designator=LD3(LED-V)
Added Component: Designator=LD4(LED-V)
Added Component: Designator=LD5(LED-V)
Added Component: Designator=LD6(LED-V)
Added Component: Designator=LD7(LED-V)
Added Component: Designator=LD8(LED-V)
Added Component: Designator=P2(HDR1X8)
Added Component: Designator=P4(HDR1X3)
Added Component: Designator=P5(HDR1X8)
Added Component: Designator=Q1(SOT23B)
Added Component: Designator=Q2(SOT23B)
Added Component: Designator=Q3(SOT23B)
Added Component: Designator=Q4(SOT23B)
Added Component: Designator=Q5(SOT23B)
Added Component: Designator=Q6(SOT23B)
Added Component: Designator=Q7(SOT23B)
Added Component: Designator=Q8(SOT23B)
Added Component: Designator=R2(SM-0805)
Added Component: Designator=R3(SM-0805)
Added Component: Designator=R4(SM-0805)
Added Component: Designator=R5(SM-0805)
Added Component: Designator=R6(SM-0805)
Added Component: Designator=R7(SM-0805)
Added Component: Designator=R8(SM-0805)
Added Component: Designator=R9(SM-0805)
Added Pin To Net: NetName=+3.3V Pin=C4-1
Added Pin To Net: NetName=GND Pin=C4-2
Added Pin To Net: NetName=GND Pin=JP3-2
Added Pin To Net: NetName=GND Pin=Q1-1
Added Pin To Net: NetName=GND Pin=Q2-1
Added Pin To Net: NetName=GND Pin=Q3-1
Added Pin To Net: NetName=GND Pin=Q4-1
Added Pin To Net: NetName=GND Pin=Q5-1
Added Pin To Net: NetName=GND Pin=Q6-1
Added Pin To Net: NetName=GND Pin=Q7-1
Added Pin To Net: NetName=GND Pin=Q8-1
Added Pin To Net: NetName=12V Pin=D1-2
Added Pin To Net: NetName=12V Pin=D2-2
Added Pin To Net: NetName=12V Pin=D3-2
Added Pin To Net: NetName=12V Pin=D4-2
Added Pin To Net: NetName=12V Pin=D5-2
Added Pin To Net: NetName=12V Pin=D6-2
Added Pin To Net: NetName=12V Pin=D7-2
Added Pin To Net: NetName=12V Pin=D8-2
Added Pin To Net: NetName=12V Pin=JP3-3
Added Pin To Net: NetName=12V Pin=R2-2
Added Pin To Net: NetName=12V Pin=R3-2
Added Pin To Net: NetName=12V Pin=R4-2
Added Pin To Net: NetName=12V Pin=R5-2
Added Pin To Net: NetName=12V Pin=R6-2
Added Pin To Net: NetName=12V Pin=R7-2
Added Pin To Net: NetName=12V Pin=R8-2
Added Pin To Net: NetName=12V Pin=R9-2
Added Net: Name=12V
Added Pin To Net: NetName=NetD1_1 Pin=D1-1
Added Pin To Net: NetName=NetD1_1 Pin=LD1-2
Added Pin To Net: NetName=NetD1_1 Pin=Q1-2
Added Net: Name=NetD1_1
Added Pin To Net: NetName=NetD2_1 Pin=D2-1
Added Pin To Net: NetName=NetD2_1 Pin=LD2-2
Added Pin To Net: NetName=NetD2_1 Pin=Q2-2
Added Net: Name=NetD2_1
Added Pin To Net: NetName=NetD3_1 Pin=D3-1
Added Pin To Net: NetName=NetD3_1 Pin=LD3-2
Added Pin To Net: NetName=NetD3_1 Pin=Q3-2
Added Net: Name=NetD3_1
Added Pin To Net: NetName=NetD4_1 Pin=D4-1
Added Pin To Net: NetName=NetD4_1 Pin=LD4-2
Added Pin To Net: NetName=NetD4_1 Pin=Q4-2
Added Net: Name=NetD4_1
Added Pin To Net: NetName=NetD5_1 Pin=D5-1
Added Pin To Net: NetName=NetD5_1 Pin=LD5-2
Added Pin To Net: NetName=NetD5_1 Pin=Q5-2
Added Net: Name=NetD5_1
Added Pin To Net: NetName=NetD6_1 Pin=D6-1
Added Pin To Net: NetName=NetD6_1 Pin=LD6-2
Added Pin To Net: NetName=NetD6_1 Pin=Q6-2
Added Net: Name=NetD6_1
Added Pin To Net: NetName=NetD7_1 Pin=D7-1
Added Pin To Net: NetName=NetD7_1 Pin=LD7-2
Added Pin To Net: NetName=NetD7_1 Pin=Q7-2
Added Net: Name=NetD7_1
Added Pin To Net: NetName=NetD8_1 Pin=D8-1
Added Pin To Net: NetName=NetD8_1 Pin=LD8-2
Added Pin To Net: NetName=NetD8_1 Pin=Q8-2
Added Net: Name=NetD8_1
Added Pin To Net: NetName=NetLD1_1 Pin=LD1-1
Added Pin To Net: NetName=NetLD1_1 Pin=R2-1
Added Net: Name=NetLD1_1
Added Pin To Net: NetName=NetLD2_1 Pin=LD2-1
Added Pin To Net: NetName=NetLD2_1 Pin=R3-1
Added Net: Name=NetLD2_1
Added Pin To Net: NetName=NetLD3_1 Pin=LD3-1
Added Pin To Net: NetName=NetLD3_1 Pin=R4-1
Added Net: Name=NetLD3_1
Added Pin To Net: NetName=NetLD4_1 Pin=LD4-1
Added Pin To Net: NetName=NetLD4_1 Pin=R5-1
Added Net: Name=NetLD4_1
Added Pin To Net: NetName=NetLD5_1 Pin=LD5-1
Added Pin To Net: NetName=NetLD5_1 Pin=R6-1
Added Net: Name=NetLD5_1
Added Pin To Net: NetName=NetLD6_1 Pin=LD6-1
Added Pin To Net: NetName=NetLD6_1 Pin=R7-1
Added Net: Name=NetLD6_1
Added Pin To Net: NetName=NetLD7_1 Pin=LD7-1
Added Pin To Net: NetName=NetLD7_1 Pin=R8-1
Added Net: Name=NetLD7_1
Added Pin To Net: NetName=NetLD8_1 Pin=LD8-1
Added Pin To Net: NetName=NetLD8_1 Pin=R9-1
Added Net: Name=NetLD8_1
Added Pin To Net: NetName=RL1 Pin=P5-8
Added Pin To Net: NetName=RL1 Pin=Q1-3
Added Net: Name=RL1
Added Pin To Net: NetName=RL2 Pin=P5-7
Added Pin To Net: NetName=RL2 Pin=Q2-3
Added Net: Name=RL2
Added Pin To Net: NetName=RL3 Pin=P5-6
Added Pin To Net: NetName=RL3 Pin=Q3-3
Added Net: Name=RL3
Added Pin To Net: NetName=RL4 Pin=P5-5
Added Pin To Net: NetName=RL4 Pin=Q4-3
Added Net: Name=RL4
Added Pin To Net: NetName=RL5 Pin=P5-4
Added Pin To Net: NetName=RL5 Pin=Q5-3
Added Net: Name=RL5
Added Pin To Net: NetName=RL6 Pin=P5-3
Added Pin To Net: NetName=RL6 Pin=Q7-3
Added Net: Name=RL6
Added Pin To Net: NetName=RL7 Pin=P5-2
Added Pin To Net: NetName=RL7 Pin=Q8-3
Added Net: Name=RL7
Added Pin To Net: NetName=RL8 Pin=P5-1
Added Pin To Net: NetName=RL8 Pin=Q6-3
Added Net: Name=RL8
Added Pin To Net: NetName=V_Z Pin=JP3-1
Added Net: Name=V_Z
Added Class: Name=Sheet2
Added Member To Class: ClassName=sht_rs485 Member=Component C4 104
Added Member To Class: ClassName=sht_rs485 Member=Component P2 Header 8
Added Member To Class: ClassName=sht_rs485 Member=Component P4 Header 3
Added Room: Name=Sheet2
