Removed Pin From Net: NetName=V_IN Pin=C?-1
Removed Pin From Net: NetName=V_BAT Pin=JP?-2
Removed Pin From Net: NetName=V_IN Pin=U?-1
Change Component Designator: OldDesignator=C? NewDesignator=C1
Change Component Designator: OldDesignator=C? NewDesignator=C2
Change Component Designator: OldDesignator=C? NewDesignator=C3
Change Component Designator: OldDesignator=C? NewDesignator=C4
Change Component Designator: OldDesignator=C? NewDesignator=C5
Change Component Designator: OldDesignator=C? NewDesignator=C6
Change Component Designator: OldDesignator=C? NewDesignator=C7
Change Component Designator: OldDesignator=C? NewDesignator=C8
Change Component Designator: OldDesignator=C? NewDesignator=C9
Change Component Designator: OldDesignator=D4 NewDesignator=D3
Change Component Designator: OldDesignator=D? NewDesignator=D1
Change Component Designator: OldDesignator=D? NewDesignator=D2
Change Component Designator: OldDesignator=D? NewDesignator=D5
Change Component Designator: OldDesignator=JP? NewDesignator=JP1
Change Component Designator: OldDesignator=JP? NewDesignator=JP2
Change Component Designator: OldDesignator=JP? NewDesignator=JP3
Change Component Designator: OldDesignator=JP? NewDesignator=JP4
Change Component Designator: OldDesignator=JP? NewDesignator=JP5
Change Component Designator: OldDesignator=K2 NewDesignator=K1
Change Component Designator: OldDesignator=L? NewDesignator=L1
Change Component Designator: OldDesignator=R? NewDesignator=R1
Change Component Designator: OldDesignator=R? NewDesignator=R2
Change Component Designator: OldDesignator=R? NewDesignator=R3
Change Component Designator: OldDesignator=R? NewDesignator=R4
Change Component Designator: OldDesignator=R? NewDesignator=R5
Change Component Designator: OldDesignator=R? NewDesignator=R6
Change Component Designator: OldDesignator=U? NewDesignator=U1
Change Component Designator: OldDesignator=U? NewDesignator=U2
Added Component: Designator=C10(SM-0805)
Added Component: Designator=C11(SM-0805)
Added Component: Designator=C12(SM-0805)
Added Component: Designator=C13(SM-0805)
Added Component: Designator=D4(1n4148 smd)
Added Component: Designator=J1(HDR1X6)
Added Component: Designator=Q2(SOT23B)
Added Component: Designator=Q3(QTO-220)
Added Component: Designator=R7(SM-1206)
Added Component: Designator=R8(SM-0805)
Added Component: Designator=R9(SM-0805)
Added Component: Designator=U3(QFP7X7-G32/X.45N)
Added Pin To Net: NetName=24V-DC Pin=C1-1
Added Pin To Net: NetName=24V-DC Pin=C1-2
Added Pin To Net: NetName=24V-DC Pin=C2-1
Added Pin To Net: NetName=24V-DC Pin=C2-2
Added Pin To Net: NetName=BAT Pin=C3-1
Added Pin To Net: NetName=V_IN Pin=C4-1
Added Pin To Net: NetName=24V-DC Pin=C4-2
Added Pin To Net: NetName=V_IN Pin=C5-1
Added Pin To Net: NetName=24V-DC Pin=C5-2
Added Pin To Net: NetName=+5V Pin=C6-1
Added Pin To Net: NetName=24V-DC Pin=C6-2
Added Pin To Net: NetName=+5V Pin=C7-1
Added Pin To Net: NetName=24V-DC Pin=C7-2
Added Pin To Net: NetName=24V-DC Pin=C8-1
Added Pin To Net: NetName=24V-DC Pin=C8-2
Added Pin To Net: NetName=24V-DC Pin=C9-1
Added Pin To Net: NetName=24V-DC Pin=C9-2
Added Pin To Net: NetName=24V-DC Pin=C10-1
Added Pin To Net: NetName=+5V Pin=C10-2
Added Pin To Net: NetName=24V-DC Pin=C11-1
Added Pin To Net: NetName=+5V Pin=C11-2
Added Pin To Net: NetName=24V-DC Pin=C12-1
Added Pin To Net: NetName=+5V Pin=C12-2
Added Pin To Net: NetName=24V-DC Pin=C13-1
Added Pin To Net: NetName=+5V Pin=C13-2
Added Pin To Net: NetName=BAT Pin=D1-1
Added Pin To Net: NetName=V_BAT Pin=D1-2
Added Pin To Net: NetName=NetD4_1 Pin=D4-1
Added Pin To Net: NetName=+5V Pin=D4-2
Added Pin To Net: NetName=V_IN Pin=D5-2
Added Pin To Net: NetName=+5V Pin=J1-1
Added Pin To Net: NetName=24V-DC Pin=J1-2
Added Pin To Net: NetName=RST Pin=J1-3
Added Pin To Net: NetName=SCK Pin=J1-4
Added Pin To Net: NetName=MISO Pin=J1-5
Added Pin To Net: NetName=MOSI Pin=J1-6
Added Pin To Net: NetName=V_BAT Pin=JP1-2
Added Pin To Net: NetName=24V-DC Pin=JP2-2
Added Pin To Net: NetName=24V-DC Pin=JP4-1
Added Pin To Net: NetName=24V-DC Pin=JP4-2
Added Pin To Net: NetName=24V-DC Pin=Q2-1
Added Pin To Net: NetName=NetD4_1 Pin=Q2-2
Added Pin To Net: NetName=V_BAT Pin=Q3-2
Added Pin To Net: NetName=BAT Pin=R1-1
Added Pin To Net: NetName=24V-DC Pin=R3-1
Added Pin To Net: NetName=AC_ON Pin=R4-1
Added Pin To Net: NetName=24V-DC Pin=R4-2
Added Pin To Net: NetName=AC_ON Pin=R5-2
Added Pin To Net: NetName=+5V Pin=R7-1
Added Pin To Net: NetName=RST Pin=R7-2
Added Pin To Net: NetName=RL1 Pin=R8-1
Added Pin To Net: NetName=RL1 Pin=R9-1
Added Pin To Net: NetName=V_IN Pin=U1-1
Added Pin To Net: NetName=24V-DC Pin=U1-3
Added Pin To Net: NetName=+5V Pin=U1-4
Added Pin To Net: NetName=24V-DC Pin=U1-5
Added Pin To Net: NetName=24V-DC Pin=U2-1
Added Pin To Net: NetName=24V-DC Pin=U3-3
Added Pin To Net: NetName=+5V Pin=U3-4
Added Pin To Net: NetName=24V-DC Pin=U3-5
Added Pin To Net: NetName=+5V Pin=U3-6
Added Pin To Net: NetName=MOSI Pin=U3-15
Added Pin To Net: NetName=MISO Pin=U3-16
Added Pin To Net: NetName=SCK Pin=U3-17
Added Pin To Net: NetName=+5V Pin=U3-18
Added Pin To Net: NetName=24V-DC Pin=U3-21
Added Pin To Net: NetName=AC_ON Pin=U3-23
Added Pin To Net: NetName=BAT Pin=U3-24
Added Pin To Net: NetName=RL1 Pin=U3-27
Added Pin To Net: NetName=RST Pin=U3-29
Change Net Name : Old Net Name=NetJP?_1 New Net Name=NetJP3_1
Added Pin To Net: NetName=NetC3_2 Pin=C3-2
Added Pin To Net: NetName=NetC3_2 Pin=JP1-1
Added Pin To Net: NetName=NetC3_2 Pin=R2-2
Added Pin To Net: NetName=NetC3_2 Pin=R3-2
Added Net: Name=NetC3_2
Added Pin To Net: NetName=NetD2_1 Pin=D2-1
Added Pin To Net: NetName=NetD2_1 Pin=JP2-1
Added Pin To Net: NetName=NetD2_1 Pin=R6-1
Added Net: Name=NetD2_1
Added Pin To Net: NetName=NetD3_2 Pin=D3-2
Added Pin To Net: NetName=NetD3_2 Pin=L1-1
Added Pin To Net: NetName=NetD3_2 Pin=U1-2
Added Net: Name=NetD3_2
Added Pin To Net: NetName=NetD5_1 Pin=D5-1
Added Pin To Net: NetName=NetD5_1 Pin=K1-3
Added Pin To Net: NetName=NetD5_1 Pin=Q3-3
Added Net: Name=NetD5_1
Added Pin To Net: NetName=NetIC1_1 Pin=R1-2
Added Net: Name=NetIC1_1
Added Pin To Net: NetName=NetJP3_2 Pin=JP3-2
Added Pin To Net: NetName=NetJP3_2 Pin=U2-3
Added Net: Name=NetJP3_2
Added Pin To Net: NetName=NetQ1_2 Pin=R2-1
Added Net: Name=NetQ1_2
Added Pin To Net: NetName=NetQ2_3 Pin=Q2-3
Added Pin To Net: NetName=NetQ2_3 Pin=R8-2
Added Net: Name=NetQ2_3
Added Pin To Net: NetName=NetQ3_1 Pin=Q3-1
Added Pin To Net: NetName=NetQ3_1 Pin=R9-2
Added Net: Name=NetQ3_1
Added Pin To Net: NetName=NetR5_1 Pin=R5-1
Added Pin To Net: NetName=NetR5_1 Pin=R6-2
Added Net: Name=NetR5_1
Added Member To Class: ClassName=mach_sac_acquy Member=Component C1 1000uF
Added Member To Class: ClassName=mach_sac_acquy Member=Component C2 1000uF
Added Member To Class: ClassName=mach_sac_acquy Member=Component C3 1000uF
Added Member To Class: ClassName=mach_sac_acquy Member=Component C4 1000uF
Added Member To Class: ClassName=mach_sac_acquy Member=Component C5 1000uF
Added Member To Class: ClassName=mach_sac_acquy Member=Component C6 1000uF
Added Member To Class: ClassName=mach_sac_acquy Member=Component C8 4700uF/50V
Added Member To Class: ClassName=mach_sac_acquy Member=Component C9 4700uF/50V
Added Member To Class: ClassName=mach_sac_acquy Member=Component C10 104
Added Member To Class: ClassName=mach_sac_acquy Member=Component C11 104
Added Member To Class: ClassName=mach_sac_acquy Member=Component C12 104
Added Member To Class: ClassName=mach_sac_acquy Member=Component C13 104
Added Member To Class: ClassName=mach_sac_acquy Member=Component D1 1N5822
Added Member To Class: ClassName=mach_sac_acquy Member=Component D2 1N5822
Added Member To Class: ClassName=mach_sac_acquy Member=Component D3 1N4148
Added Member To Class: ClassName=mach_sac_acquy Member=Component D4 1N4148
Added Member To Class: ClassName=mach_sac_acquy Member=Component J1 Connector 5
Added Member To Class: ClassName=mach_sac_acquy Member=Component JP1 Connector 2
Added Member To Class: ClassName=mach_sac_acquy Member=Component JP2 Connector 2
Added Member To Class: ClassName=mach_sac_acquy Member=Component JP3 Connector 2
Added Member To Class: ClassName=mach_sac_acquy Member=Component JP4 Connector 2
Added Member To Class: ClassName=mach_sac_acquy Member=Component Q2 C1815
Added Member To Class: ClassName=mach_sac_acquy Member=Component Q3 IRF840
Added Member To Class: ClassName=mach_sac_acquy Member=Component R1 1K
Added Member To Class: ClassName=mach_sac_acquy Member=Component R3 1K
Added Member To Class: ClassName=mach_sac_acquy Member=Component R4 1K
Added Member To Class: ClassName=mach_sac_acquy Member=Component R5 1K
Added Member To Class: ClassName=mach_sac_acquy Member=Component R6 1K
Added Member To Class: ClassName=mach_sac_acquy Member=Component R7 10k
Added Member To Class: ClassName=mach_sac_acquy Member=Component R8 2k2
Added Member To Class: ClassName=mach_sac_acquy Member=Component R9 2k2
Added Member To Class: ClassName=mach_sac_acquy Member=Component U2 Diode Bridge Flate
Added Member To Class: ClassName=mach_sac_acquy Member=Component U3 ATmega8L-8AI
