Removed Pin From Net: NetName=V_BAT Pin=JP1-1
Removed Pin From Net: NetName=12V Pin=JP3-1
Removed Pin From Net: NetName=GND Pin=JP3-2
Removed Pin From Net: NetName=N Pin=JP6-2
Removed Pin From Net: NetName=NetQ1_2 Pin=R7-1
Change Component DesignItemId : Designator=R7 Old DesignItemId=RES 0805 BUT New DesignItemId=Res
Change Component Footprint: Designator=R7 Old Footprint=SM-0805 New Footprint=res 1206 top
Change Component Comment : Designator=R7 Old Comment=1K New Comment=Res
Change Component Designator: OldDesignator=C3 NewDesignator=C1
Change Component Designator: OldDesignator=C4 NewDesignator=C2
Change Component Designator: OldDesignator=C5 NewDesignator=C3
Change Component Designator: OldDesignator=JP2 NewDesignator=JP4
Change Component Designator: OldDesignator=JP7 NewDesignator=JP2
Change Component Designator: OldDesignator=JP8 NewDesignator=JP7
Change Component Designator: OldDesignator=JP9 NewDesignator=JP6
Change Component Designator: OldDesignator=JP10 NewDesignator=JP8
Change Component Designator: OldDesignator=JP11 NewDesignator=JP10
Change Component Designator: OldDesignator=JP12 NewDesignator=JP11
Change Component Designator: OldDesignator=JP13 NewDesignator=JP12
Change Component Designator: OldDesignator=K8 NewDesignator=K7
Change Component Designator: OldDesignator=K9 NewDesignator=K8
Change Component Designator: OldDesignator=R5 NewDesignator=R1
Change Component Designator: OldDesignator=R6 NewDesignator=R2
Change Component Designator: OldDesignator=R10 NewDesignator=R4
Change Component Designator: OldDesignator=R11 NewDesignator=R5
Change Component Designator: OldDesignator=R18 NewDesignator=R6
Added Component: Designator=C4(CAP 470/16V)
Added Component: Designator=C5(CAP 0805)
Added Component: Designator=D2(DIODE)
Added Component: Designator=JP3(HED2T)
Added Component: Designator=JP5(CON2)
Added Component: Designator=JP13(CON3)
Added Component: Designator=L1(INDUCTOR 8*10)
Added Component: Designator=R3(SM-0805)
Added Component: Designator=R8(res 1206 top)
Added Component: Designator=R9(res 0805 BUT)
Added Component: Designator=R10(res 0805 BUT)
Added Component: Designator=R11(res 0805 BUT)
Added Component: Designator=U3(SOIC 8 NB)
Added Pin To Net: NetName=GND Pin=C4-2
Added Pin To Net: NetName=GND Pin=C5-1
Added Pin To Net: NetName=GND Pin=D2-1
Added Pin To Net: NetName=NetD2_2 Pin=D2-2
Added Pin To Net: NetName=N Pin=JP1-2
Added Pin To Net: NetName=V_BAT Pin=JP3-1
Added Pin To Net: NetName=12V Pin=JP5-1
Added Pin To Net: NetName=GND Pin=JP5-2
Added Pin To Net: NetName=12V Pin=JP13-1
Added Pin To Net: NetName=GND Pin=JP13-2
Added Pin To Net: NetName=NetD2_2 Pin=L1-1
Added Pin To Net: NetName=NetQ1_2 Pin=R3-1
Added Pin To Net: NetName=12VDC Pin=R7-2
Added Pin To Net: NetName=12VDC Pin=R8-2
Added Pin To Net: NetName=GND Pin=R11-2
Added Pin To Net: NetName=NetD2_2 Pin=U3-2
Added Pin To Net: NetName=GND Pin=U3-4
Added Pin To Net: NetName=12VDC Pin=U3-6
Change Net Name : Old Net Name=NetJP7_1 New Net Name=NetJP2_1
Change Net Name : Old Net Name=NetJP8_1 New Net Name=NetJP7_1
Change Net Name : Old Net Name=NetJP9_1 New Net Name=NetJP6_1
Change Net Name : Old Net Name=NetJP10_1 New Net Name=NetJP8_1
Change Net Name : Old Net Name=NetJP11_2 New Net Name=NetJP10_2
Change Net Name : Old Net Name=NetJP12_1 New Net Name=NetJP11_1
Change Net Name : Old Net Name=NetR10_2 New Net Name=NetR4_2
Added Pin To Net: NetName=3.3V Pin=C4-1
Added Pin To Net: NetName=3.3V Pin=JP13-3
Added Pin To Net: NetName=3.3V Pin=L1-2
Added Pin To Net: NetName=3.3V Pin=R10-1
Added Net: Name=3.3V
Added Pin To Net: NetName=NetC1_2 Pin=C1-2
Added Pin To Net: NetName=NetC1_2 Pin=JP3-2
Added Pin To Net: NetName=NetC1_2 Pin=R3-2
Added Pin To Net: NetName=NetC1_2 Pin=R5-2
Added Pin To Net: NetName=NetC1_2 Pin=VR1-2
Added Net: Name=NetC1_2
Added Pin To Net: NetName=NetC5_2 Pin=C5-2
Added Pin To Net: NetName=NetC5_2 Pin=U3-3
Added Net: Name=NetC5_2
Added Pin To Net: NetName=NetJP1_1 Pin=JP1-1
Added Pin To Net: NetName=NetJP1_1 Pin=K1-4
Added Net: Name=NetJP1_1
Added Pin To Net: NetName=NetR7_1 Pin=R7-1
Added Pin To Net: NetName=NetR7_1 Pin=R8-1
Added Pin To Net: NetName=NetR7_1 Pin=U3-1
Added Pin To Net: NetName=NetR7_1 Pin=U3-7
Added Pin To Net: NetName=NetR7_1 Pin=U3-8
Added Net: Name=NetR7_1
Added Pin To Net: NetName=NetR9_1 Pin=R9-1
Added Pin To Net: NetName=NetR9_1 Pin=R10-2
Added Net: Name=NetR9_1
Added Pin To Net: NetName=NetR9_2 Pin=R9-2
Added Pin To Net: NetName=NetR9_2 Pin=R11-1
Added Pin To Net: NetName=NetR9_2 Pin=U3-5
Added Net: Name=NetR9_2
Added Member To Class: ClassName=Sheet1 Member=Component C4 470/16V
Added Member To Class: ClassName=Sheet1 Member=Component C5 180pF
Added Member To Class: ClassName=Sheet1 Member=Component D2 SK16B
Added Member To Class: ClassName=Sheet1 Member=Component JP4 Connector 3
Added Member To Class: ClassName=Sheet1 Member=Component JP5 Connector 2
Added Member To Class: ClassName=Sheet1 Member=Component JP13 Connector 3
Added Member To Class: ClassName=Sheet1 Member=Component L1 1mH
Added Member To Class: ClassName=Sheet1 Member=Component R3 1K
Added Member To Class: ClassName=Sheet1 Member=Component R8 Res
Added Member To Class: ClassName=Sheet1 Member=Component R9 Res
Added Member To Class: ClassName=Sheet1 Member=Component R10 Res
Added Member To Class: ClassName=Sheet1 Member=Component R11 Res
Added Member To Class: ClassName=Sheet1 Member=Component U3 MC34063
