Removed Pin From Net: NetName=RL6 Pin=JP3-1
Removed Pin From Net: NetName=RL1 Pin=JP3-2
Removed Pin From Net: NetName=RL2 Pin=JP3-3
Removed Pin From Net: NetName=RL3 Pin=JP3-4
Removed Pin From Net: NetName=RL4 Pin=JP3-5
Removed Pin From Net: NetName=RL5 Pin=JP3-6
Removed Pin From Net: NetName=RL7 Pin=JP3-7
Change Component DesignItemId : Designator=JP3 Old DesignItemId=CON2 New DesignItemId=CON7
Change Component DesignItemId : Designator=JP3 Old DesignItemId=CON7 New DesignItemId=CON2
Change Component Footprint: Designator=JP3 Old Footprint=CON2 New Footprint=CON7
Change Component Footprint: Designator=JP3 Old Footprint=CON7 New Footprint=CON2
Change Component Comment : Designator=JP3 Old Comment=Connector 2 New Comment=Connector 7
Change Component Comment : Designator=JP3 Old Comment=Connector 7 New Comment=Connector 2
Change Component Designator: OldDesignator=JP3 NewDesignator=JP9
Added Pin To Net: NetName=NetJP2_1 Pin=JP3-1
Added Pin To Net: NetName=GND Pin=JP3-2
Added Pin To Net: NetName=RL6 Pin=JP9-1
Added Pin To Net: NetName=RL1 Pin=JP9-2
Added Pin To Net: NetName=RL2 Pin=JP9-3
Added Pin To Net: NetName=RL3 Pin=JP9-4
Added Pin To Net: NetName=RL4 Pin=JP9-5
Added Pin To Net: NetName=RL5 Pin=JP9-6
Added Pin To Net: NetName=RL7 Pin=JP9-7
Added Member To Class: ClassName=Sheet1 Member=Component JP3 Connector 2
