Removed Pin From Net: NetName=NetJP4_1 Pin=JP4-1
Removed Pin From Net: NetName=NetJP4_2 Pin=JP4-2
Added Component: Designator=JP4(CON2)
Added Component: Designator=K8(RELAY SONGCHUAN 834)
Added Pin To Net: NetName=NetJP4_1 Pin=JP4-1
Added Pin To Net: NetName=NetJP4_2 Pin=JP4-2
Added Pin To Net: NetName=12V Pin=K2-1
Added Pin To Net: NetName=12V Pin=K4-1
Added Pin To Net: NetName=12V Pin=K5-1
Added Pin To Net: NetName=12V Pin=K6-1
Added Pin To Net: NetName=12V Pin=K7-1
Added Pin To Net: NetName=L Pin=K8-3
Added Pin To Net: NetName=12V Pin=K9-1
Added Pin To Net: NetName=NetJP12_2 Pin=JP12-2
Added Pin To Net: NetName=NetJP12_2 Pin=K8-4
Added Net: Name=NetJP12_2
Added Member To Class: ClassName=Sheet1 Member=Component JP4 Connector 2
Added Member To Class: ClassName=Sheet1 Member=Component K8 RELAY SPNO
Added Member To Class: ClassName=Sheet1 Member=Component R5 1K
Added Member To Class: ClassName=Sheet1 Member=Component R10 47
Added Member To Class: ClassName=Sheet1 Member=Component R11 47
