Added Component: Designator=C1(CP2/4)
Added Component: Designator=C2(CP2/4)
Added Component: Designator=C6(CP2/4)
Added Component: Designator=C7(CP2/4)
Added Component: Designator=D2(D5A)
Added Component: Designator=D6(1n4148 smd)
Added Component: Designator=L1(l01)
Added Component: Designator=U3(TO263-5)
Added Pin To Net: NetName=12V Pin=C1-1
Added Pin To Net: NetName=GND Pin=C1-2
Added Pin To Net: NetName=12V Pin=C2-1
Added Pin To Net: NetName=GND Pin=C2-2
Added Pin To Net: NetName=GND Pin=C6-2
Added Pin To Net: NetName=GND Pin=C7-2
Added Pin To Net: NetName=GND Pin=D2-1
Added Pin To Net: NetName=NetD6_1 Pin=D6-1
Added Pin To Net: NetName=12V Pin=D6-2
Added Pin To Net: NetName=12V Pin=U3-1
Added Pin To Net: NetName=GND Pin=U3-3
Added Pin To Net: NetName=GND Pin=U3-5
Added Pin To Net: NetName=+5V Pin=C6-1
Added Pin To Net: NetName=+5V Pin=C7-1
Added Pin To Net: NetName=+5V Pin=L1-2
Added Pin To Net: NetName=+5V Pin=U3-4
Added Net: Name=+5V
Added Pin To Net: NetName=NetD2_2 Pin=D2-2
Added Pin To Net: NetName=NetD2_2 Pin=L1-1
Added Pin To Net: NetName=NetD2_2 Pin=U3-2
Added Net: Name=NetD2_2
Added Member To Class: ClassName=Sheet1 Member=Component C1 1000uF/16V
Added Member To Class: ClassName=Sheet1 Member=Component C2 1000uF/16V
Added Member To Class: ClassName=Sheet1 Member=Component C6 1000uF/16V
Added Member To Class: ClassName=Sheet1 Member=Component C7 1000uF/16V
Added Member To Class: ClassName=Sheet1 Member=Component D2 1N5822
Added Member To Class: ClassName=Sheet1 Member=Component D6 1N4148
Added Member To Class: ClassName=Sheet1 Member=Component L1 150mH
Added Member To Class: ClassName=Sheet1 Member=Component Q6 C1815
Added Member To Class: ClassName=Sheet1 Member=Component U3 LM2576T-5.0
