Removed Pin From Net: NetName=N Pin=JP7-1
Removed Pin From Net: NetName=N Pin=JP9-1
Removed Pin From Net: NetName=N Pin=JP11-1
Removed Pin From Net: NetName=N Pin=JP12-1
Removed Pin From Net: NetName=N Pin=JP13-1
Removed Pin From Net: NetName=L Pin=JP13-2
Added Pin To Net: NetName=N Pin=JP7-2
Added Pin To Net: NetName=N Pin=JP9-2
Added Pin To Net: NetName=N Pin=JP10-2
Added Pin To Net: NetName=N Pin=JP11-2
Added Pin To Net: NetName=N Pin=JP12-2
Added Pin To Net: NetName=L Pin=JP13-1
Added Pin To Net: NetName=N Pin=JP13-2
Added Pin To Net: NetName=L Pin=K6-3
Added Pin To Net: NetName=N Pin=U1-2
Added Pin To Net: NetName=L Pin=U1-3
Added Pin To Net: NetName=NetJP7_1 Pin=JP7-1
Added Pin To Net: NetName=NetJP7_1 Pin=K2-4
Added Net: Name=NetJP7_1
Added Pin To Net: NetName=NetJP9_1 Pin=JP9-1
Added Pin To Net: NetName=NetJP9_1 Pin=K5-4
Added Net: Name=NetJP9_1
Added Pin To Net: NetName=NetJP10_1 Pin=JP10-1
Added Pin To Net: NetName=NetJP10_1 Pin=K6-4
Added Net: Name=NetJP10_1
Added Pin To Net: NetName=NetJP11_1 Pin=JP11-1
Added Pin To Net: NetName=NetJP11_1 Pin=K7-4
Added Net: Name=NetJP11_1
Added Pin To Net: NetName=NetJP12_1 Pin=JP12-1
Added Pin To Net: NetName=NetJP12_1 Pin=K8-4
Added Net: Name=NetJP12_1
