Removed Pin From Net: NetName=NetJP4_1 Pin=JP4-1
Removed Pin From Net: NetName=NetJP4_2 Pin=JP4-2
Removed Pin From Net: NetName=L Pin=K8-3
Removed Pin From Net: NetName=BAT Pin=R5-1
Removed Pin From Net: NetName=NetIC1_1 Pin=R5-2
Removed Pin From Net: NetName=GND Pin=R10-1
Removed Pin From Net: NetName=NetR10_2 Pin=R10-2
Removed Pin From Net: NetName=NetR10_2 Pin=R11-1
Removed Pin From Net: NetName=NetC3_2 Pin=R11-2
Removed Member From Class: ClassName=Sheet1 Member=K8
Change Component DesignItemId : Designator=R3 Old DesignItemId=R New DesignItemId=R2W
Change Component DesignItemId : Designator=R4 Old DesignItemId=R New DesignItemId=R2W
Change Component DesignItemId : Designator=R1 Old DesignItemId=R New DesignItemId=RES 0805 BUT
Change Component Footprint: Designator=R3 Old Footprint=SM-0805 New Footprint=R2W
Change Component Footprint: Designator=R4 Old Footprint=SM-0805 New Footprint=R2W
Change Component Comment : Designator=R1 Old Comment=2k2 New Comment=1K
Change Component Comment : Designator=R3 Old Comment=2k2 New Comment=47
Change Component Comment : Designator=R4 Old Comment=100 New Comment=47
Change Component Designator: OldDesignator=R1 NewDesignator=R5
Change Component Designator: OldDesignator=R3 NewDesignator=R10
Change Component Designator: OldDesignator=R4 NewDesignator=R11
Change Component Description : Designator=R5 Old Description=Resistor 1/4W New Description=Resistor
Change Component Library : Designator=R5 Old Library=Luyen_Schematics.SchLib New Library=THU VIEN CHAN.SchLib
Added Component: Designator=JP4(CON2)
Added Component: Designator=R6(SM-0805)
Added Component: Designator=R18(SM-0805)
Added Pin To Net: NetName=NetJP4_1 Pin=JP4-1
Added Pin To Net: NetName=NetJP4_2 Pin=JP4-2
Added Pin To Net: NetName=BAT Pin=R5-1
Added Pin To Net: NetName=NetIC1_1 Pin=R5-2
Added Pin To Net: NetName=RELAY Pin=R6-1
Added Pin To Net: NetName=NetK3_2 Pin=R6-2
Added Pin To Net: NetName=GND Pin=R10-1
Added Pin To Net: NetName=NetR10_2 Pin=R10-2
Added Pin To Net: NetName=NetR10_2 Pin=R11-1
Added Pin To Net: NetName=NetC3_2 Pin=R11-2
Added Pin To Net: NetName=BAT Pin=R18-1
Added Pin To Net: NetName=RELAY Pin=R18-2
Change Net Name : Old Net Name=NetK1_1 New Net Name=12V
Added Member To Class: ClassName=Sheet1 Member=Component JP4 Connector 2
Added Member To Class: ClassName=Sheet1 Member=Component R6 1K
Added Member To Class: ClassName=Sheet1 Member=Component R7 1K
Added Member To Class: ClassName=Sheet1 Member=Component R18 1K
