Removed Pin From Net: NetName=NetP8_1 Pin=P?-1
Removed Pin From Net: NetName=NetP8_2 Pin=P?-2
Removed Pin From Net: NetName=NetP8_3 Pin=P?-3
Removed Pin From Net: NetName=NetP8_4 Pin=P?-4
Removed Pin From Net: NetName=NetP8_5 Pin=P?-5
Removed Pin From Net: NetName=NetP8_6 Pin=P?-6
Removed Pin From Net: NetName=NetP8_7 Pin=P?-7
Removed Pin From Net: NetName=NetP8_8 Pin=P?-8
Added Component: Designator=J1(RJ45)
Added Component: Designator=P?(con8)
Added Pin To Net: NetName=+5V Pin=J1-2
Added Pin To Net: NetName=GND Pin=J1-4
Added Pin To Net: NetName=A Pin=J1-6
Added Pin To Net: NetName=B Pin=J1-8
Added Pin To Net: NetName=GND Pin=JP2-1
Added Pin To Net: NetName=12V Pin=JP2-2
Added Pin To Net: NetName=GND Pin=JP3-1
Added Pin To Net: NetName=12V Pin=JP3-2
Added Pin To Net: NetName=NetP8_1 Pin=P?-1
Added Pin To Net: NetName=NetP8_2 Pin=P?-2
Added Pin To Net: NetName=NetP8_3 Pin=P?-3
Added Pin To Net: NetName=NetP8_4 Pin=P?-4
Added Pin To Net: NetName=NetP8_5 Pin=P?-5
Added Pin To Net: NetName=NetP8_6 Pin=P?-6
Added Pin To Net: NetName=NetP8_7 Pin=P?-7
Added Pin To Net: NetName=NetP8_8 Pin=P?-8
Added Member To Class: ClassName=Mach_actor_v1 Member=Component J1 RJ45
