Removed Pin From Net: NetName=GND Pin=C37-1
Removed Pin From Net: NetName=+5V Pin=C37-2
Removed Pin From Net: NetName=+5V Pin=P14-1
Removed Pin From Net: NetName=NetP8_1 Pin=P?-1
Removed Pin From Net: NetName=NetP8_2 Pin=P?-2
Removed Pin From Net: NetName=NetP8_3 Pin=P?-3
Removed Pin From Net: NetName=NetP8_4 Pin=P?-4
Removed Pin From Net: NetName=NetP8_5 Pin=P?-5
Removed Pin From Net: NetName=NetP8_6 Pin=P?-6
Removed Pin From Net: NetName=NetP8_7 Pin=P?-7
Removed Pin From Net: NetName=NetP8_8 Pin=P?-8
Added Component: Designator=J1(RJ45)
Added Component: Designator=J3(J2)
Added Component: Designator=J4(J2)
Added Component: Designator=P15(con8)
Added Pin To Net: NetName=+5V Pin=J1-2
Added Pin To Net: NetName=GND Pin=J1-4
Added Pin To Net: NetName=A Pin=J1-6
Added Pin To Net: NetName=B Pin=J1-8
Added Pin To Net: NetName=+5V Pin=J4-1
Added Pin To Net: NetName=NetP8_1 Pin=P15-1
Added Pin To Net: NetName=NetP8_2 Pin=P15-2
Added Pin To Net: NetName=NetP8_3 Pin=P15-3
Added Pin To Net: NetName=NetP8_4 Pin=P15-4
Added Pin To Net: NetName=NetP8_5 Pin=P15-5
Added Pin To Net: NetName=NetP8_6 Pin=P15-6
Added Pin To Net: NetName=NetP8_7 Pin=P15-7
Added Pin To Net: NetName=NetP8_8 Pin=P15-8
Added Pin To Net: NetName=NetJ3_1 Pin=J3-1
Added Pin To Net: NetName=NetJ3_1 Pin=J4-2
Added Pin To Net: NetName=NetJ3_1 Pin=P14-1
Added Net: Name=NetJ3_1
Added Member To Class: ClassName=Mach_actor_v1 Member=Component J1 RJ45
Added Member To Class: ClassName=Sheet1 Member=Component J3 Jumper 2
Added Member To Class: ClassName=Sheet1 Member=Component J4 Jumper 2
Added Member To Class: ClassName=Sheet1 Member=Component P15 Header 8
