Added Component: Designator=C37(SM-0805)
Added Component: Designator=J2(RJ45)
Added Component: Designator=JP3(CON2)
Added Component: Designator=P13(CON5)
Added Component: Designator=P14(CON4)
Added Pin To Net: NetName=GND Pin=C37-1
Added Pin To Net: NetName=+5V Pin=C37-2
Added Pin To Net: NetName=+5V Pin=J2-1
Added Pin To Net: NetName=+5V Pin=J2-2
Added Pin To Net: NetName=GND Pin=J2-3
Added Pin To Net: NetName=GND Pin=J2-4
Added Pin To Net: NetName=A Pin=J2-6
Added Pin To Net: NetName=B Pin=J2-8
Added Pin To Net: NetName=RESET Pin=P13-1
Added Pin To Net: NetName=+3.3V Pin=P13-2
Added Pin To Net: NetName=GND Pin=P13-3
Added Pin To Net: NetName=PGD Pin=P13-4
Added Pin To Net: NetName=PGC Pin=P13-5
Added Pin To Net: NetName=+5V Pin=P14-1
Added Pin To Net: NetName=GND Pin=P14-2
Added Pin To Net: NetName=TX_ZIGBEE Pin=P14-3
Added Pin To Net: NetName=RX_ZIGBEE Pin=P14-4
Added Member To Class: ClassName=Sheet1 Member=Component J2 RJ45
Added Member To Class: ClassName=Sheet1 Member=Component JP3 Connector 2
Added Member To Class: ClassName=Sheet1 Member=Component P13 Header 5
Added Member To Class: ClassName=Sheet1 Member=Component P14 Header 4
