Added Component: Designator=J4(RJ45)
Added Component: Designator=L?(Inductorsmd)
Added Pin To Net: NetName=+5V Pin=J4-2
Added Pin To Net: NetName=GND Pin=J4-4
Added Pin To Net: NetName=A Pin=J4-6
Added Pin To Net: NetName=B Pin=J4-8
Added Pin To Net: NetName=NetP?_1 Pin=P?-1
Added Pin To Net: NetName=NetP?_1 Pin=R32-2
Added Net: Name=NetP?_1
Added Pin To Net: NetName=NetP?_2 Pin=P?-2
Added Pin To Net: NetName=NetP?_2 Pin=R33-2
Added Net: Name=NetP?_2
Added Pin To Net: NetName=NetP?_3 Pin=P?-3
Added Pin To Net: NetName=NetP?_3 Pin=R34-2
Added Net: Name=NetP?_3
Added Pin To Net: NetName=NetP?_4 Pin=P?-4
Added Pin To Net: NetName=NetP?_4 Pin=R41-2
Added Net: Name=NetP?_4
Added Pin To Net: NetName=NetP?_5 Pin=P?-5
Added Pin To Net: NetName=NetP?_5 Pin=R42-2
Added Net: Name=NetP?_5
Added Pin To Net: NetName=NetP?_6 Pin=P?-6
Added Pin To Net: NetName=NetP?_6 Pin=R43-2
Added Net: Name=NetP?_6
Added Member To Class: ClassName=Mach_actor_v1 Member=Component J4 RJ45
Added Member To Class: ClassName=Mach_actor_v1 Member=Component L? 300mH
