Added Component: Designator=C1(CP2/4)
Added Component: Designator=C2(SM-0805)
Added Component: Designator=C3(SM-0805)
Added Component: Designator=C4(SM-0805)
Added Component: Designator=C5(SM-0805)
Added Component: Designator=C17(SM-0805)
Added Component: Designator=C18(SM-0805)
Added Component: Designator=C38(SM-0805)
Added Component: Designator=J2(RJ45)
Added Component: Designator=P1(HDR1X4)
Added Component: Designator=P3(CON5)
Added Component: Designator=R1(SM-0805)
Added Component: Designator=U1(SSOP-SS28_N)
Added Component: Designator=Y2(XTAL)
Added Pin To Net: NetName=+3.3V Pin=C2-1
Added Pin To Net: NetName=+3.3V Pin=C3-1
Added Pin To Net: NetName=+3.3V Pin=C4-1
Added Pin To Net: NetName=+3.3V Pin=C5-1
Added Pin To Net: NetName=+3.3V Pin=P1-4
Added Pin To Net: NetName=+3.3V Pin=P3-2
Added Pin To Net: NetName=+3.3V Pin=R1-1
Added Pin To Net: NetName=+3.3V Pin=U1-20
Added Net: Name=+3.3V
Added Pin To Net: NetName=+5V Pin=C1-1
Added Pin To Net: NetName=+5V Pin=C38-2
Added Pin To Net: NetName=+5V Pin=J2-7
Added Pin To Net: NetName=+5V Pin=J2-8
Added Net: Name=+5V
Added Pin To Net: NetName=A Pin=J2-4
Added Net: Name=A
Added Pin To Net: NetName=B Pin=J2-2
Added Net: Name=B
Added Pin To Net: NetName=GND Pin=C1-2
Added Pin To Net: NetName=GND Pin=C2-2
Added Pin To Net: NetName=GND Pin=C3-2
Added Pin To Net: NetName=GND Pin=C4-2
Added Pin To Net: NetName=GND Pin=C5-2
Added Pin To Net: NetName=GND Pin=C17-1
Added Pin To Net: NetName=GND Pin=C18-1
Added Pin To Net: NetName=GND Pin=C38-1
Added Pin To Net: NetName=GND Pin=J2-5
Added Pin To Net: NetName=GND Pin=J2-6
Added Pin To Net: NetName=GND Pin=P1-1
Added Pin To Net: NetName=GND Pin=P3-3
Added Pin To Net: NetName=GND Pin=U1-8
Added Pin To Net: NetName=GND Pin=U1-19
Added Net: Name=GND
Added Pin To Net: NetName=NetP1_2 Pin=P1-2
Added Pin To Net: NetName=NetP1_2 Pin=U1-15
Added Net: Name=NetP1_2
Added Pin To Net: NetName=NetP1_3 Pin=P1-3
Added Pin To Net: NetName=NetP1_3 Pin=U1-14
Added Net: Name=NetP1_3
Added Pin To Net: NetName=PGC Pin=P3-5
Added Pin To Net: NetName=PGC Pin=U1-27
Added Net: Name=PGC
Added Pin To Net: NetName=PGD Pin=P3-4
Added Pin To Net: NetName=PGD Pin=U1-28
Added Net: Name=PGD
Added Pin To Net: NetName=RESET Pin=P3-1
Added Pin To Net: NetName=RESET Pin=R1-2
Added Pin To Net: NetName=RESET Pin=U1-1
Added Net: Name=RESET
Added Pin To Net: NetName=X1 Pin=C17-2
Added Pin To Net: NetName=X1 Pin=U1-10
Added Pin To Net: NetName=X1 Pin=Y2-2
Added Net: Name=X1
Added Pin To Net: NetName=X2 Pin=C18-2
Added Pin To Net: NetName=X2 Pin=U1-9
Added Pin To Net: NetName=X2 Pin=Y2-1
Added Net: Name=X2
Added Class: Name=sht_rs485
Added Room: Name=sht_rs485
