Removed Pin From Net: NetName=12V Pin=D6-2
Removed Pin From Net: NetName=GND Pin=Q6-1
Removed Pin From Net: NetName=12V Pin=R7-2
Removed Member From Class: ClassName=Sheet2 Member=D6
Removed Member From Class: ClassName=Sheet2 Member=LD6
Removed Member From Class: ClassName=Sheet2 Member=Q6
Removed Member From Class: ClassName=Sheet2 Member=R7
Added Component: Designator=P?(con7)
Added Pin To Net: NetName=NetD1_1 Pin=P?-1
Added Pin To Net: NetName=NetD2_1 Pin=P?-2
Added Pin To Net: NetName=NetD3_1 Pin=P?-3
Added Pin To Net: NetName=NetD4_1 Pin=P?-4
Added Pin To Net: NetName=NetD5_1 Pin=P?-5
Added Pin To Net: NetName=NetD7_1 Pin=P?-6
Added Pin To Net: NetName=NetD8_1 Pin=P?-7
Change Net Name : Old Net Name=NetD1_1 New Net Name=OUT1
Change Net Name : Old Net Name=NetD2_1 New Net Name=OUT2
Change Net Name : Old Net Name=NetD3_1 New Net Name=OUT3
Change Net Name : Old Net Name=NetD4_1 New Net Name=OUT4
Change Net Name : Old Net Name=NetD5_1 New Net Name=OUT5
Change Net Name : Old Net Name=NetD7_1 New Net Name=OUT6
Change Net Name : Old Net Name=NetD8_1 New Net Name=OUT7
Added Member To Class: ClassName=Sheet2 Member=Component P? Header 
