Change Component Footprint: Designator=LD1 Old Footprint=LED-V New Footprint=LED5mm
Change Component Footprint: Designator=LD2 Old Footprint=LED-V New Footprint=LED5mm
Change Component Footprint: Designator=LD3 Old Footprint=LED-V New Footprint=LED5mm
Change Component Footprint: Designator=LD4 Old Footprint=LED-V New Footprint=LED5mm
Change Component Footprint: Designator=LD5 Old Footprint=LED-V New Footprint=LED5mm
Change Component Footprint: Designator=LD7 Old Footprint=LED-V New Footprint=LED5mm
Change Component Footprint: Designator=LD8 Old Footprint=LED-V New Footprint=LED5mm
Added Component: Designator=D2(1n4148 smd)
Added Component: Designator=D3(1n4148 smd)
Added Component: Designator=D4(1n4148 smd)
Added Component: Designator=D5(1n4148 smd)
Added Component: Designator=D7(1n4148 smd)
Added Component: Designator=D8(1n4148 smd)
Added Pin To Net: NetName=OUT2 Pin=D2-1
Added Pin To Net: NetName=12V Pin=D2-2
Added Pin To Net: NetName=OUT3 Pin=D3-1
Added Pin To Net: NetName=12V Pin=D3-2
Added Pin To Net: NetName=OUT4 Pin=D4-1
Added Pin To Net: NetName=12V Pin=D4-2
Added Pin To Net: NetName=OUT5 Pin=D5-1
Added Pin To Net: NetName=12V Pin=D5-2
Added Pin To Net: NetName=OUT6 Pin=D7-1
Added Pin To Net: NetName=12V Pin=D7-2
Added Pin To Net: NetName=OUT7 Pin=D8-1
Added Pin To Net: NetName=12V Pin=D8-2
Added Member To Class: ClassName=Sheet2 Member=Component D2 1N4148
Added Member To Class: ClassName=Sheet2 Member=Component D3 1N4148
Added Member To Class: ClassName=Sheet2 Member=Component D4 1N4148
Added Member To Class: ClassName=Sheet2 Member=Component D5 1N4148
Added Member To Class: ClassName=Sheet2 Member=Component D7 1N4148
Added Member To Class: ClassName=Sheet2 Member=Component D8 1N4148
