Added Component: Designator=C1(SMD Capacistor 1206)
Added Component: Designator=C2(SMD Capacistor 1206)
Added Component: Designator=D1(DZ0.5A)
Added Component: Designator=JDC1(DC-IN)
Added Component: Designator=L1(L/0.4)
Added Component: Designator=P1(HDR1X2)
Added Component: Designator=P2(HDR1X2)
Added Component: Designator=R1(SM-1206)
Added Component: Designator=S1(MQ6)
Added Component: Designator=U1(LM2576t)
Added Pin To Net: NetName=5V Pin=C2-1
Added Pin To Net: NetName=5V Pin=L1-2
Added Pin To Net: NetName=5V Pin=P1-1
Added Pin To Net: NetName=5V Pin=S1-3
Added Pin To Net: NetName=5V Pin=S1-4
Added Pin To Net: NetName=5V Pin=S1-5
Added Pin To Net: NetName=5V Pin=U1-4
Added Net: Name=5V
Added Pin To Net: NetName=12V Pin=C1-2
Added Pin To Net: NetName=12V Pin=JDC1-1
Added Pin To Net: NetName=12V Pin=U1-1
Added Net: Name=12V
Added Pin To Net: NetName=GND Pin=C1-1
Added Pin To Net: NetName=GND Pin=C2-2
Added Pin To Net: NetName=GND Pin=D1-1
Added Pin To Net: NetName=GND Pin=JDC1-2
Added Pin To Net: NetName=GND Pin=P1-2
Added Pin To Net: NetName=GND Pin=P2-2
Added Pin To Net: NetName=GND Pin=R1-2
Added Pin To Net: NetName=GND Pin=S1-1
Added Pin To Net: NetName=GND Pin=U1-3
Added Pin To Net: NetName=GND Pin=U1-5
Added Net: Name=GND
Added Pin To Net: NetName=NetD1_2 Pin=D1-2
Added Pin To Net: NetName=NetD1_2 Pin=L1-1
Added Pin To Net: NetName=NetD1_2 Pin=U1-2
Added Net: Name=NetD1_2
Added Pin To Net: NetName=OUT Pin=P2-1
Added Pin To Net: NetName=OUT Pin=R1-1
Added Pin To Net: NetName=OUT Pin=S1-0
Added Pin To Net: NetName=OUT Pin=S1-2
Added Net: Name=OUT
Added Class: Name=machnguon
Added Room: Name=machnguon
