Added Component: Designator=C1(CP1.5/2.5)
Added Component: Designator=C2(CP2/4)
Added Component: Designator=D1(DZ0.5A)
Added Component: Designator=JDC1(HED2)
Added Component: Designator=L1(L01)
Added Component: Designator=LED1(LED-3)
Added Component: Designator=P1(HDR1X2)
Added Component: Designator=P2(HDR1X2)
Added Component: Designator=R2(SM-0805)
Added Component: Designator=S1(MQ6)
Added Component: Designator=U1(lm2576-dan)
Added Component: Designator=VR1(VR1)
Added Pin To Net: NetName=5V Pin=C2-1
Added Pin To Net: NetName=5V Pin=L1-2
Added Pin To Net: NetName=5V Pin=P1-1
Added Pin To Net: NetName=5V Pin=R2-1
Added Pin To Net: NetName=5V Pin=S1-0
Added Pin To Net: NetName=5V Pin=S1-1
Added Pin To Net: NetName=5V Pin=S1-2
Added Pin To Net: NetName=5V Pin=U1-4
Added Net: Name=5V
Added Pin To Net: NetName=12V Pin=C1-2
Added Pin To Net: NetName=12V Pin=JDC1-1
Added Pin To Net: NetName=12V Pin=U1-1
Added Net: Name=12V
Added Pin To Net: NetName=GND Pin=C1-1
Added Pin To Net: NetName=GND Pin=C2-2
Added Pin To Net: NetName=GND Pin=D1-1
Added Pin To Net: NetName=GND Pin=JDC1-2
Added Pin To Net: NetName=GND Pin=LED1-2
Added Pin To Net: NetName=GND Pin=P1-2
Added Pin To Net: NetName=GND Pin=P2-2
Added Pin To Net: NetName=GND Pin=S1-4
Added Pin To Net: NetName=GND Pin=U1-3
Added Pin To Net: NetName=GND Pin=U1-5
Added Pin To Net: NetName=GND Pin=VR1-3
Added Net: Name=GND
Added Pin To Net: NetName=NetD1_2 Pin=D1-2
Added Pin To Net: NetName=NetD1_2 Pin=L1-1
Added Pin To Net: NetName=NetD1_2 Pin=U1-2
Added Net: Name=NetD1_2
Added Pin To Net: NetName=NetLED1_1 Pin=LED1-1
Added Pin To Net: NetName=NetLED1_1 Pin=R2-2
Added Net: Name=NetLED1_1
Added Pin To Net: NetName=OUT Pin=P2-1
Added Pin To Net: NetName=OUT Pin=S1-3
Added Pin To Net: NetName=OUT Pin=S1-5
Added Pin To Net: NetName=OUT Pin=VR1-2
Added Net: Name=OUT
Added Class: Name=machnguon
Added Room: Name=machnguon
