Change Component Designator: OldDesignator=D? NewDesignator=D6
Change Component Designator: OldDesignator=D? NewDesignator=D7
Change Component Designator: OldDesignator=JP? NewDesignator=JP1
Change Component Designator: OldDesignator=P? NewDesignator=P4
Change Component Designator: OldDesignator=P? NewDesignator=P5
Change Component Designator: OldDesignator=R? NewDesignator=R20
Change Component Designator: OldDesignator=U? NewDesignator=U2
Change Component Designator: OldDesignator=U? NewDesignator=U3
Added Pin To Net: NetName=EN Pin=U2-38
Added Pin To Net: NetName=RS Pin=U2-40
Change Net Name : Old Net Name=NetD?_1 New Net Name=NetD7_1
Change Net Name : Old Net Name=NetD?_2 New Net Name=NetD6_2
Change Net Name : Old Net Name=NetP?_1 New Net Name=NetP5_1
Change Net Name : Old Net Name=NetP?_2 New Net Name=NetP5_2
Change Net Name : Old Net Name=NetP?_3 New Net Name=NetP5_3
Change Net Name : Old Net Name=NetP?_4 New Net Name=NetP5_4
Change Net Name : Old Net Name=NetP?_5 New Net Name=NetP5_5
Change Net Name : Old Net Name=NetP?_6 New Net Name=NetP5_6
Added Member To Class: ClassName=Mach_actor_v1 Member=Component D7 LED5
Added Member To Class: ClassName=Mach_actor_v1 Member=Component P5 Header 6
Added Member To Class: ClassName=Mach_actor_v1 Member=Component U3 24C02
