Change Component Designator: OldDesignator=R? NewDesignator=R38
Added Component: Designator=J4(RJ45)
Added Component: Designator=P6(HDR1X5)
Added Component: Designator=R34(SM-0805)
Added Component: Designator=R35(SM-0805)
Added Component: Designator=R36(SM-0805)
Added Component: Designator=R37(SM-0805)
Added Pin To Net: NetName=+5V Pin=J4-2
Added Pin To Net: NetName=GND Pin=J4-4
Added Pin To Net: NetName=A Pin=J4-6
Added Pin To Net: NetName=B Pin=J4-8
Added Pin To Net: NetName=+3.3V Pin=P6-5
Added Pin To Net: NetName=NetP6_1 Pin=P6-1
Added Pin To Net: NetName=NetP6_1 Pin=R34-2
Added Net: Name=NetP6_1
Added Pin To Net: NetName=NetP6_2 Pin=P6-2
Added Pin To Net: NetName=NetP6_2 Pin=R35-2
Added Net: Name=NetP6_2
Added Pin To Net: NetName=NetP6_3 Pin=P6-3
Added Pin To Net: NetName=NetP6_3 Pin=R36-2
Added Net: Name=NetP6_3
Added Pin To Net: NetName=NetP6_4 Pin=P6-4
Added Pin To Net: NetName=NetP6_4 Pin=R37-2
Added Net: Name=NetP6_4
Added Pin To Net: NetName=NetR34_1 Pin=R34-1
Added Pin To Net: NetName=NetR34_1 Pin=U2-19
Added Net: Name=NetR34_1
Added Pin To Net: NetName=NetR35_1 Pin=R35-1
Added Pin To Net: NetName=NetR35_1 Pin=U2-20
Added Net: Name=NetR35_1
Added Pin To Net: NetName=NetR36_1 Pin=R36-1
Added Pin To Net: NetName=NetR36_1 Pin=U2-21
Added Net: Name=NetR36_1
Added Pin To Net: NetName=NetR37_1 Pin=R37-1
Added Pin To Net: NetName=NetR37_1 Pin=U2-22
Added Net: Name=NetR37_1
Added Pin To Net: NetName=RESET Pin=R23-2
Added Pin To Net: NetName=RESET Pin=U2-18
Added Net: Name=RESET
Added Member To Class: ClassName=Mach_actor_v1 Member=Component J4 RJ45
Added Member To Class: ClassName=Mach_actor_v1 Member=Component P6 Header 5
Added Member To Class: ClassName=Mach_actor_v1 Member=Component R34 1k
Added Member To Class: ClassName=Mach_actor_v1 Member=Component R35 1k
Added Member To Class: ClassName=Mach_actor_v1 Member=Component R36 1k
Added Member To Class: ClassName=Mach_actor_v1 Member=Component R37 1k
