Removed Pin From Net: NetName=+3.3V Pin=C31-2
Removed Pin From Net: NetName=+3.3V Pin=C33-1
Removed Pin From Net: NetName=+3.3V Pin=P3-1
Removed Pin From Net: NetName=+3.3V Pin=P4-1
Removed Member From Class: ClassName=Mach_actor_v1 Member=J1
Removed Member From Class: ClassName=Mach_actor_v1 Member=J2
Removed Member From Class: ClassName=Mach_actor_v1 Member=J3
Added Component: Designator=J4(RJ45)
Added Pin To Net: NetName=+5V Pin=C31-2
Added Pin To Net: NetName=+5V Pin=C33-1
Added Pin To Net: NetName=+5V Pin=J4-2
Added Pin To Net: NetName=GND Pin=J4-4
Added Pin To Net: NetName=A Pin=J4-6
Added Pin To Net: NetName=B Pin=J4-8
Added Pin To Net: NetName=+5V Pin=P3-1
Added Pin To Net: NetName=+5V Pin=P4-1
Added Pin To Net: NetName=RS485 Pin=IC4-2
Added Pin To Net: NetName=RS485 Pin=IC4-3
Added Pin To Net: NetName=RS485 Pin=U2-35
Added Net: Name=RS485
Added Member To Class: ClassName=Mach_actor_v1 Member=Component J4 RJ45
