Removed Pin From Net: NetName=GND Pin=C16-2
Removed Pin From Net: NetName=GND Pin=C17-1
Removed Pin From Net: NetName=GND Pin=C18-1
Removed Pin From Net: NetName=GND Pin=C19-1
Removed Pin From Net: NetName=GND Pin=C20-1
Removed Pin From Net: NetName=GND Pin=Q3-1
Removed Pin From Net: NetName=GND Pin=Q4-1
Removed Pin From Net: NetName=GND Pin=Q5-1
Removed Pin From Net: NetName=GND Pin=Q6-1
Removed Pin From Net: NetName=GND Pin=Q7-1
Removed Pin From Net: NetName=GND Pin=Q8-1
Removed Pin From Net: NetName=+3.3V Pin=R20-2
Removed Pin From Net: NetName=GND Pin=R21-1
Removed Pin From Net: NetName=+3.3V Pin=R21-2
Removed Pin From Net: NetName=GND Pin=R22-1
Removed Pin From Net: NetName=+3.3V Pin=R22-2
Removed Pin From Net: NetName=GND Pin=R23-1
Removed Pin From Net: NetName=+3.3V Pin=R23-2
Removed Pin From Net: NetName=GND Pin=R24-1
Removed Pin From Net: NetName=+3.3V Pin=R24-2
Removed Pin From Net: NetName=GND Pin=SW1-1
Removed Pin From Net: NetName=GND Pin=SW1-3
Removed Pin From Net: NetName=GND Pin=SW2-2
Removed Pin From Net: NetName=GND Pin=SW2-4
Removed Pin From Net: NetName=GND Pin=SW3-2
Removed Pin From Net: NetName=GND Pin=SW3-4
Removed Pin From Net: NetName=GND Pin=SW4-2
Removed Pin From Net: NetName=GND Pin=SW4-4
Removed Pin From Net: NetName=GND Pin=SW5-2
Removed Pin From Net: NetName=GND Pin=SW5-4
Removed Member From Class: ClassName=Mach_actor_v1 Member=C16
Removed Member From Class: ClassName=Mach_actor_v1 Member=C17
Removed Member From Class: ClassName=Mach_actor_v1 Member=C18
Removed Member From Class: ClassName=Mach_actor_v1 Member=C19
Removed Member From Class: ClassName=Mach_actor_v1 Member=C20
Removed Member From Class: ClassName=Mach_actor_v1 Member=D6
Removed Member From Class: ClassName=Mach_actor_v1 Member=D7
Removed Member From Class: ClassName=Mach_actor_v1 Member=D8
Removed Member From Class: ClassName=Mach_actor_v1 Member=D13
Removed Member From Class: ClassName=Mach_actor_v1 Member=D14
Removed Member From Class: ClassName=Mach_actor_v1 Member=D15
Removed Member From Class: ClassName=Mach_actor_v1 Member=LD1
Removed Member From Class: ClassName=Mach_actor_v1 Member=LD2
Removed Member From Class: ClassName=Mach_actor_v1 Member=LD3
Removed Member From Class: ClassName=Mach_actor_v1 Member=LD4
Removed Member From Class: ClassName=Mach_actor_v1 Member=LD5
Removed Member From Class: ClassName=Mach_actor_v1 Member=LD6
Removed Member From Class: ClassName=Mach_actor_v1 Member=Q3
Removed Member From Class: ClassName=Mach_actor_v1 Member=Q4
Removed Member From Class: ClassName=Mach_actor_v1 Member=Q5
Removed Member From Class: ClassName=Mach_actor_v1 Member=Q6
Removed Member From Class: ClassName=Mach_actor_v1 Member=Q7
Removed Member From Class: ClassName=Mach_actor_v1 Member=Q8
Removed Member From Class: ClassName=Mach_actor_v1 Member=R20
Removed Member From Class: ClassName=Mach_actor_v1 Member=R21
Removed Member From Class: ClassName=Mach_actor_v1 Member=R22
Removed Member From Class: ClassName=Mach_actor_v1 Member=R23
Removed Member From Class: ClassName=Mach_actor_v1 Member=R24
Removed Member From Class: ClassName=Mach_actor_v1 Member=R28
Removed Member From Class: ClassName=Mach_actor_v1 Member=R29
Removed Member From Class: ClassName=Mach_actor_v1 Member=R30
Removed Member From Class: ClassName=Mach_actor_v1 Member=R36
Removed Member From Class: ClassName=Mach_actor_v1 Member=R37
Removed Member From Class: ClassName=Mach_actor_v1 Member=R38
Removed Member From Class: ClassName=Mach_actor_v1 Member=SW1
Removed Member From Class: ClassName=Mach_actor_v1 Member=SW2
Removed Member From Class: ClassName=Mach_actor_v1 Member=SW3
Removed Member From Class: ClassName=Mach_actor_v1 Member=SW4
Removed Member From Class: ClassName=Mach_actor_v1 Member=SW5
