Added Component: Designator=BT1(PIN_NIMH)
Added Component: Designator=C1(CP2/4)
Added Component: Designator=C2(CP2/4)
Added Component: Designator=C3(CP2/4)
Added Component: Designator=C4(CP2/4)
Added Component: Designator=C5(SM-0805)
Added Component: Designator=C6(SM-0805)
Added Component: Designator=C7(SM-0805)
Added Component: Designator=C8(CP1.5/3.4)
Added Component: Designator=C9(SM-0805)
Added Component: Designator=C10(SM-0805)
Added Component: Designator=C11(SM-0805)
Added Component: Designator=C12(CP2/4)
Added Component: Designator=C13(CP2/4)
Added Component: Designator=C14(CP2/4)
Added Component: Designator=C15(CP2/4)
Added Component: Designator=C16(SM-0805)
Added Component: Designator=C17(SM-0805)
Added Component: Designator=C18(SM-0805)
Added Component: Designator=C19(SM-0805)
Added Component: Designator=C20(SM-0805)
Added Component: Designator=C21(SM-0805)
Added Component: Designator=C22(SM-0805)
Added Component: Designator=C23(SM-0805)
Added Component: Designator=C24(SM-0805)
Added Component: Designator=C25(SM-0805)
Added Component: Designator=C26(SM-0805)
Added Component: Designator=C27(SM-0805)
Added Component: Designator=C28(SM-0805)
Added Component: Designator=C29(SM-0805)
Added Component: Designator=C30(SM-0805)
Added Component: Designator=C31(SM-0805)
Added Component: Designator=C32(SM-0805)
Added Component: Designator=C33(SM-0805)
Added Component: Designator=C34(SM-0805)
Added Component: Designator=C35(SM-0805)
Added Component: Designator=C36(SM-0805)
Added Component: Designator=C37(SM-0805)
Added Component: Designator=C38(SM-0805)
Added Component: Designator=C39(SM-0805)
Added Component: Designator=D1(SM-0805)
Added Component: Designator=D2(LED5MM)
Added Component: Designator=D3(D5A)
Added Component: Designator=D4(1n4148 smd)
Added Component: Designator=D5(1n4148 smd)
Added Component: Designator=D6(1n4148 smd)
Added Component: Designator=D7(1n4148 smd)
Added Component: Designator=D8(1n4148 smd)
Added Component: Designator=D9(1n4148 smd)
Added Component: Designator=D10(1n4148 smd)
Added Component: Designator=D11(1n4148 smd)
Added Component: Designator=D12(1n4148 smd)
Added Component: Designator=D13(1n4148 smd)
Added Component: Designator=D14(1n4148 smd)
Added Component: Designator=D15(1n4148 smd)
Added Component: Designator=D16(1n4148 smd)
Added Component: Designator=D17(1n4148 smd)
Added Component: Designator=D?(1n4148 smd)
Added Component: Designator=F1(Fuse)
Added Component: Designator=IC1(DIP-8)
Added Component: Designator=IC4(DIP8/W0.3)
Added Component: Designator=J1(CAP 0402  TOP)
Added Component: Designator=J2(CAP 0402  TOP)
Added Component: Designator=J3(CAP 0402  TOP)
Added Component: Designator=J4(RJ45)
Added Component: Designator=K1(RELAY SONGCHUAN 834)
Added Component: Designator=K2(RELAY SONGCHUAN 834)
Added Component: Designator=K3(RELAY SONGCHUAN 834)
Added Component: Designator=K4(RELAY SONGCHUAN 834)
Added Component: Designator=K5(RELAY SONGCHUAN 834)
Added Component: Designator=K6(RELAY SONGCHUAN 834)
Added Component: Designator=L1(Inductorsmd)
Added Component: Designator=LCD1(LCD20X4A)
Added Component: Designator=LD1(LED-V)
Added Component: Designator=LD2(LED-V)
Added Component: Designator=LD3(LED-V)
Added Component: Designator=LD4(LED-V)
Added Component: Designator=LD5(LED-V)
Added Component: Designator=LD6(LED-V)
Added Component: Designator=LS1(SPEAKER)
Added Component: Designator=P1(HDR1X4)
Added Component: Designator=P2(HDR1X4)
Added Component: Designator=P3(HDR1X4)
Added Component: Designator=Q1(SOT23B)
Added Component: Designator=Q2(SOT23B)
Added Component: Designator=Q3(SOT23B)
Added Component: Designator=Q4(SOT23B)
Added Component: Designator=Q5(SOT23B)
Added Component: Designator=Q6(SOT23B)
Added Component: Designator=Q7(SOT23B)
Added Component: Designator=Q8(SOT23B)
Added Component: Designator=R1(SM-0805)
Added Component: Designator=R2(SM-0805)
Added Component: Designator=R3(SM-0805)
Added Component: Designator=R4(SM-0805)
Added Component: Designator=R5(SM-0805)
Added Component: Designator=R6(SM-0805)
Added Component: Designator=R7(SM-0805)
Added Component: Designator=R8(SM-0805)
Added Component: Designator=R9(SM-0805)
Added Component: Designator=R10(SM-0805)
Added Component: Designator=R11(SM-0805)
Added Component: Designator=R12(SM-0805)
Added Component: Designator=R13(SM-0805)
Added Component: Designator=R14(SM-0805)
Added Component: Designator=R15(SM-0805)
Added Component: Designator=R16(SM-0805)
Added Component: Designator=R17(SM-0805)
Added Component: Designator=R18(SM-0805)
Added Component: Designator=R19(SM-0805)
Added Component: Designator=R20(SM-0805)
Added Component: Designator=R21(SM-0805)
Added Component: Designator=R22(SM-0805)
Added Component: Designator=R23(SM-0805)
Added Component: Designator=R24(SM-0805)
Added Component: Designator=R25(SM-0805)
Added Component: Designator=R26(SM-0805)
Added Component: Designator=R27(SM-0805)
Added Component: Designator=R28(SM-0805)
Added Component: Designator=R29(SM-0805)
Added Component: Designator=R30(SM-0805)
Added Component: Designator=R31(SM-0805)
Added Component: Designator=R32(SM-0805)
Added Component: Designator=R33(SM-0805)
Added Component: Designator=R34(SM-0805)
Added Component: Designator=R35(SM-0805)
Added Component: Designator=R36(SM-0805)
Added Component: Designator=R37(SM-0805)
Added Component: Designator=R38(SM-0805)
Added Component: Designator=R39(SM-0805)
Added Component: Designator=R40(SM-0805)
Added Component: Designator=R41(SM-0805)
Added Component: Designator=R42(SM-0805)
Added Component: Designator=R43(SM-0805)
Added Component: Designator=SW1(SW4B)
Added Component: Designator=SW2(SW4B)
Added Component: Designator=SW3(SW4B)
Added Component: Designator=SW4(SW4B)
Added Component: Designator=SW5(SW4B)
Added Component: Designator=U1(TO263-5)
Added Component: Designator=VIT1(VIT)
Added Component: Designator=VIT2(VIT)
Added Component: Designator=VIT3(VIT)
Added Component: Designator=VIT4(VIT)
Added Component: Designator=Y1(XTAL32K)
Added Component: Designator=Y2(XTAL)
Added Pin To Net: NetName=+3.3V Pin=C13-1
Added Pin To Net: NetName=+3.3V Pin=C15-1
Added Pin To Net: NetName=+3.3V Pin=C21-2
Added Pin To Net: NetName=+3.3V Pin=C24-2
Added Pin To Net: NetName=+3.3V Pin=C25-2
Added Pin To Net: NetName=+3.3V Pin=C26-2
Added Pin To Net: NetName=+3.3V Pin=C27-2
Added Pin To Net: NetName=+3.3V Pin=C34-2
Added Pin To Net: NetName=+3.3V Pin=C35-2
Added Pin To Net: NetName=+3.3V Pin=C38-1
Added Pin To Net: NetName=+3.3V Pin=P2-1
Added Pin To Net: NetName=+3.3V Pin=R20-2
Added Pin To Net: NetName=+3.3V Pin=R21-2
Added Pin To Net: NetName=+3.3V Pin=R22-2
Added Pin To Net: NetName=+3.3V Pin=R23-2
Added Pin To Net: NetName=+3.3V Pin=R24-2
Added Pin To Net: NetName=+3.3V Pin=R27-1
Added Pin To Net: NetName=+3.3V Pin=R35-1
Added Pin To Net: NetName=+3.3V Pin=R40-1
Added Net: Name=+3.3V
Added Pin To Net: NetName=+5V Pin=C5-2
Added Pin To Net: NetName=+5V Pin=C6-1
Added Pin To Net: NetName=+5V Pin=C7-2
Added Pin To Net: NetName=+5V Pin=C9-2
Added Pin To Net: NetName=+5V Pin=C12-1
Added Pin To Net: NetName=+5V Pin=C14-1
Added Pin To Net: NetName=+5V Pin=C28-2
Added Pin To Net: NetName=+5V Pin=C29-2
Added Pin To Net: NetName=+5V Pin=C30-2
Added Pin To Net: NetName=+5V Pin=C31-2
Added Pin To Net: NetName=+5V Pin=C32-2
Added Pin To Net: NetName=+5V Pin=C33-2
Added Pin To Net: NetName=+5V Pin=C36-2
Added Pin To Net: NetName=+5V Pin=C37-1
Added Pin To Net: NetName=+5V Pin=C39-1
Added Pin To Net: NetName=+5V Pin=D1-1
Added Pin To Net: NetName=+5V Pin=D5-1
Added Pin To Net: NetName=+5V Pin=D?-1
Added Pin To Net: NetName=+5V Pin=F1-2
Added Pin To Net: NetName=+5V Pin=F1-2
Added Pin To Net: NetName=+5V Pin=IC1-8
Added Pin To Net: NetName=+5V Pin=IC4-8
Added Pin To Net: NetName=+5V Pin=J4-2
Added Pin To Net: NetName=+5V Pin=LCD1-2
Added Pin To Net: NetName=+5V Pin=LCD1-15
Added Pin To Net: NetName=+5V Pin=LS1-1
Added Pin To Net: NetName=+5V Pin=P1-1
Added Pin To Net: NetName=+5V Pin=P3-1
Added Pin To Net: NetName=+5V Pin=R1-1
Added Pin To Net: NetName=+5V Pin=R3-2
Added Pin To Net: NetName=+5V Pin=R4-2
Added Pin To Net: NetName=+5V Pin=R16-1
Added Pin To Net: NetName=+5V Pin=R31-1
Added Net: Name=+5V
Added Pin To Net: NetName=+12V Pin=D6-2
Added Pin To Net: NetName=+12V Pin=D7-2
Added Pin To Net: NetName=+12V Pin=D8-2
Added Pin To Net: NetName=+12V Pin=D13-2
Added Pin To Net: NetName=+12V Pin=D14-2
Added Pin To Net: NetName=+12V Pin=D15-2
Added Pin To Net: NetName=+12V Pin=K1-1
Added Pin To Net: NetName=+12V Pin=K2-1
Added Pin To Net: NetName=+12V Pin=K3-1
Added Pin To Net: NetName=+12V Pin=K4-1
Added Pin To Net: NetName=+12V Pin=K5-1
Added Pin To Net: NetName=+12V Pin=K6-1
Added Pin To Net: NetName=+12V Pin=R28-2
Added Pin To Net: NetName=+12V Pin=R29-2
Added Pin To Net: NetName=+12V Pin=R30-2
Added Pin To Net: NetName=+12V Pin=R36-2
Added Pin To Net: NetName=+12V Pin=R37-2
Added Pin To Net: NetName=+12V Pin=R38-2
Added Net: Name=+12V
Added Pin To Net: NetName=12V Pin=C1-1
Added Pin To Net: NetName=12V Pin=C2-1
Added Pin To Net: NetName=12V Pin=U1-1
Added Net: Name=12V
Added Pin To Net: NetName=24V-AC Pin=K1-4
Added Pin To Net: NetName=24V-AC Pin=K2-4
Added Pin To Net: NetName=24V-AC Pin=K3-4
Added Pin To Net: NetName=24V-AC Pin=K4-4
Added Pin To Net: NetName=24V-AC Pin=K5-4
Added Net: Name=24V-AC
Added Pin To Net: NetName=220V-AC Pin=K6-4
Added Net: Name=220V-AC
Added Pin To Net: NetName=485_DE Pin=J3-1
Added Net: Name=485_DE
Added Pin To Net: NetName=485_RE Pin=J1-1
Added Net: Name=485_RE
Added Pin To Net: NetName=A Pin=IC4-6
Added Pin To Net: NetName=A Pin=J4-6
Added Pin To Net: NetName=A Pin=P3-3
Added Pin To Net: NetName=A Pin=R39-1
Added Net: Name=A
Added Pin To Net: NetName=B Pin=IC4-7
Added Pin To Net: NetName=B Pin=J4-8
Added Pin To Net: NetName=B Pin=P3-4
Added Pin To Net: NetName=B Pin=R39-2
Added Net: Name=B
Added Pin To Net: NetName=D4 Pin=R12-1
Added Net: Name=D4
Added Pin To Net: NetName=D5 Pin=R13-1
Added Net: Name=D5
Added Pin To Net: NetName=D6 Pin=R14-1
Added Net: Name=D6
Added Pin To Net: NetName=D7 Pin=R15-1
Added Net: Name=D7
Added Pin To Net: NetName=EN Pin=R11-1
Added Net: Name=EN
Added Pin To Net: NetName=GND Pin=BT1-2
Added Pin To Net: NetName=GND Pin=C1-2
Added Pin To Net: NetName=GND Pin=C2-2
Added Pin To Net: NetName=GND Pin=C3-2
Added Pin To Net: NetName=GND Pin=C4-2
Added Pin To Net: NetName=GND Pin=C5-1
Added Pin To Net: NetName=GND Pin=C6-2
Added Pin To Net: NetName=GND Pin=C7-1
Added Pin To Net: NetName=GND Pin=C8-2
Added Pin To Net: NetName=GND Pin=C9-1
Added Pin To Net: NetName=GND Pin=C10-1
Added Pin To Net: NetName=GND Pin=C11-1
Added Pin To Net: NetName=GND Pin=C12-2
Added Pin To Net: NetName=GND Pin=C13-2
Added Pin To Net: NetName=GND Pin=C14-2
Added Pin To Net: NetName=GND Pin=C15-2
Added Pin To Net: NetName=GND Pin=C16-2
Added Pin To Net: NetName=GND Pin=C17-1
Added Pin To Net: NetName=GND Pin=C18-1
Added Pin To Net: NetName=GND Pin=C19-1
Added Pin To Net: NetName=GND Pin=C20-1
Added Pin To Net: NetName=GND Pin=C21-1
Added Pin To Net: NetName=GND Pin=C22-1
Added Pin To Net: NetName=GND Pin=C23-1
Added Pin To Net: NetName=GND Pin=C24-1
Added Pin To Net: NetName=GND Pin=C25-1
Added Pin To Net: NetName=GND Pin=C26-1
Added Pin To Net: NetName=GND Pin=C27-1
Added Pin To Net: NetName=GND Pin=C28-1
Added Pin To Net: NetName=GND Pin=C29-1
Added Pin To Net: NetName=GND Pin=C30-1
Added Pin To Net: NetName=GND Pin=C31-1
Added Pin To Net: NetName=GND Pin=C32-1
Added Pin To Net: NetName=GND Pin=C33-1
Added Pin To Net: NetName=GND Pin=C34-1
Added Pin To Net: NetName=GND Pin=C35-1
Added Pin To Net: NetName=GND Pin=C36-1
Added Pin To Net: NetName=GND Pin=C37-2
Added Pin To Net: NetName=GND Pin=C38-2
Added Pin To Net: NetName=GND Pin=C39-2
Added Pin To Net: NetName=GND Pin=D2-2
Added Pin To Net: NetName=GND Pin=D3-1
Added Pin To Net: NetName=GND Pin=IC1-4
Added Pin To Net: NetName=GND Pin=IC4-5
Added Pin To Net: NetName=GND Pin=J4-4
Added Pin To Net: NetName=GND Pin=LCD1-1
Added Pin To Net: NetName=GND Pin=P1-2
Added Pin To Net: NetName=GND Pin=P2-2
Added Pin To Net: NetName=GND Pin=P3-2
Added Pin To Net: NetName=GND Pin=Q1-1
Added Pin To Net: NetName=GND Pin=Q2-1
Added Pin To Net: NetName=GND Pin=Q3-1
Added Pin To Net: NetName=GND Pin=Q4-1
Added Pin To Net: NetName=GND Pin=Q5-1
Added Pin To Net: NetName=GND Pin=Q6-1
Added Pin To Net: NetName=GND Pin=Q7-1
Added Pin To Net: NetName=GND Pin=Q8-1
Added Pin To Net: NetName=GND Pin=R18-1
Added Pin To Net: NetName=GND Pin=R21-1
Added Pin To Net: NetName=GND Pin=R22-1
Added Pin To Net: NetName=GND Pin=R23-1
Added Pin To Net: NetName=GND Pin=R24-1
Added Pin To Net: NetName=GND Pin=SW1-1
Added Pin To Net: NetName=GND Pin=SW1-3
Added Pin To Net: NetName=GND Pin=SW2-2
Added Pin To Net: NetName=GND Pin=SW2-4
Added Pin To Net: NetName=GND Pin=SW3-2
Added Pin To Net: NetName=GND Pin=SW3-4
Added Pin To Net: NetName=GND Pin=SW4-2
Added Pin To Net: NetName=GND Pin=SW4-4
Added Pin To Net: NetName=GND Pin=SW5-2
Added Pin To Net: NetName=GND Pin=SW5-4
Added Pin To Net: NetName=GND Pin=U1-3
Added Pin To Net: NetName=GND Pin=U1-5
Added Net: Name=GND
Added Pin To Net: NetName=LED_LCD Pin=R19-1
Added Net: Name=LED_LCD
Added Pin To Net: NetName=MAYBOM Pin=K6-3
Added Net: Name=MAYBOM
Added Pin To Net: NetName=NetBT1_1 Pin=BT1-1
Added Pin To Net: NetName=NetBT1_1 Pin=C8-1
Added Pin To Net: NetName=NetBT1_1 Pin=D4-2
Added Pin To Net: NetName=NetBT1_1 Pin=R5-1
Added Pin To Net: NetName=NetBT1_1 Pin=R8-2
Added Net: Name=NetBT1_1
Added Pin To Net: NetName=NetC3_1 Pin=C3-1
Added Pin To Net: NetName=NetC3_1 Pin=C4-1
Added Pin To Net: NetName=NetC3_1 Pin=F1-1
Added Pin To Net: NetName=NetC3_1 Pin=F1-1
Added Pin To Net: NetName=NetC3_1 Pin=L1-2
Added Pin To Net: NetName=NetC3_1 Pin=U1-4
Added Net: Name=NetC3_1
Added Pin To Net: NetName=NetC10_2 Pin=C10-2
Added Pin To Net: NetName=NetC10_2 Pin=IC1-1
Added Pin To Net: NetName=NetC10_2 Pin=Y1-2
Added Net: Name=NetC10_2
Added Pin To Net: NetName=NetC11_2 Pin=C11-2
Added Pin To Net: NetName=NetC11_2 Pin=IC1-2
Added Pin To Net: NetName=NetC11_2 Pin=Y1-1
Added Net: Name=NetC11_2
Added Pin To Net: NetName=NetD1_2 Pin=D1-2
Added Pin To Net: NetName=NetD1_2 Pin=R2-2
Added Net: Name=NetD1_2
Added Pin To Net: NetName=NetD2_1 Pin=D2-1
Added Pin To Net: NetName=NetD2_1 Pin=R1-2
Added Net: Name=NetD2_1
Added Pin To Net: NetName=NetD3_2 Pin=D3-2
Added Pin To Net: NetName=NetD3_2 Pin=L1-1
Added Pin To Net: NetName=NetD3_2 Pin=U1-2
Added Net: Name=NetD3_2
Added Pin To Net: NetName=NetD4_1 Pin=D4-1
Added Pin To Net: NetName=NetD4_1 Pin=D5-2
Added Net: Name=NetD4_1
Added Pin To Net: NetName=NetD6_1 Pin=D6-1
Added Pin To Net: NetName=NetD6_1 Pin=K1-2
Added Pin To Net: NetName=NetD6_1 Pin=LD1-2
Added Pin To Net: NetName=NetD6_1 Pin=Q3-2
Added Net: Name=NetD6_1
Added Pin To Net: NetName=NetD7_1 Pin=D7-1
Added Pin To Net: NetName=NetD7_1 Pin=K2-2
Added Pin To Net: NetName=NetD7_1 Pin=LD2-2
Added Pin To Net: NetName=NetD7_1 Pin=Q4-2
Added Net: Name=NetD7_1
Added Pin To Net: NetName=NetD8_1 Pin=D8-1
Added Pin To Net: NetName=NetD8_1 Pin=K3-2
Added Pin To Net: NetName=NetD8_1 Pin=LD3-2
Added Pin To Net: NetName=NetD8_1 Pin=Q5-2
Added Net: Name=NetD8_1
Added Pin To Net: NetName=NetD13_1 Pin=D13-1
Added Pin To Net: NetName=NetD13_1 Pin=K4-2
Added Pin To Net: NetName=NetD13_1 Pin=LD4-2
Added Pin To Net: NetName=NetD13_1 Pin=Q6-2
Added Net: Name=NetD13_1
Added Pin To Net: NetName=NetD14_1 Pin=D14-1
Added Pin To Net: NetName=NetD14_1 Pin=K5-2
Added Pin To Net: NetName=NetD14_1 Pin=LD5-2
Added Pin To Net: NetName=NetD14_1 Pin=Q7-2
Added Net: Name=NetD14_1
Added Pin To Net: NetName=NetD15_1 Pin=D15-1
Added Pin To Net: NetName=NetD15_1 Pin=K6-2
Added Pin To Net: NetName=NetD15_1 Pin=LD6-2
Added Pin To Net: NetName=NetD15_1 Pin=Q8-2
Added Net: Name=NetD15_1
Added Pin To Net: NetName=NetD?_2 Pin=D?-2
Added Pin To Net: NetName=NetD?_2 Pin=R5-2
Added Net: Name=NetD?_2
Added Pin To Net: NetName=NetIC1_3 Pin=IC1-3
Added Pin To Net: NetName=NetIC1_3 Pin=R8-1
Added Net: Name=NetIC1_3
Added Pin To Net: NetName=NetIC1_5 Pin=IC1-5
Added Pin To Net: NetName=NetIC1_5 Pin=R3-1
Added Pin To Net: NetName=NetIC1_5 Pin=R7-1
Added Net: Name=NetIC1_5
Added Pin To Net: NetName=NetIC1_6 Pin=IC1-6
Added Pin To Net: NetName=NetIC1_6 Pin=R4-1
Added Pin To Net: NetName=NetIC1_6 Pin=R6-1
Added Net: Name=NetIC1_6
Added Pin To Net: NetName=NetIC1_7 Pin=IC1-7
Added Pin To Net: NetName=NetIC1_7 Pin=R2-1
Added Net: Name=NetIC1_7
Added Pin To Net: NetName=NetLCD1_3 Pin=LCD1-3
Added Pin To Net: NetName=NetLCD1_3 Pin=R16-2
Added Pin To Net: NetName=NetLCD1_3 Pin=R18-2
Added Net: Name=NetLCD1_3
Added Pin To Net: NetName=NetLCD1_4 Pin=LCD1-4
Added Pin To Net: NetName=NetLCD1_4 Pin=R9-2
Added Net: Name=NetLCD1_4
Added Pin To Net: NetName=NetLCD1_5 Pin=LCD1-5
Added Pin To Net: NetName=NetLCD1_5 Pin=R10-2
Added Net: Name=NetLCD1_5
Added Pin To Net: NetName=NetLCD1_6 Pin=LCD1-6
Added Pin To Net: NetName=NetLCD1_6 Pin=R11-2
Added Net: Name=NetLCD1_6
Added Pin To Net: NetName=NetLCD1_11 Pin=LCD1-11
Added Pin To Net: NetName=NetLCD1_11 Pin=R12-2
Added Net: Name=NetLCD1_11
Added Pin To Net: NetName=NetLCD1_12 Pin=LCD1-12
Added Pin To Net: NetName=NetLCD1_12 Pin=R13-2
Added Net: Name=NetLCD1_12
Added Pin To Net: NetName=NetLCD1_13 Pin=LCD1-13
Added Pin To Net: NetName=NetLCD1_13 Pin=R14-2
Added Net: Name=NetLCD1_13
Added Pin To Net: NetName=NetLCD1_14 Pin=LCD1-14
Added Pin To Net: NetName=NetLCD1_14 Pin=R15-2
Added Net: Name=NetLCD1_14
Added Pin To Net: NetName=NetLCD1_16 Pin=LCD1-16
Added Pin To Net: NetName=NetLCD1_16 Pin=R17-2
Added Net: Name=NetLCD1_16
Added Pin To Net: NetName=NetLD1_1 Pin=LD1-1
Added Pin To Net: NetName=NetLD1_1 Pin=R28-1
Added Net: Name=NetLD1_1
Added Pin To Net: NetName=NetLD2_1 Pin=LD2-1
Added Pin To Net: NetName=NetLD2_1 Pin=R29-1
Added Net: Name=NetLD2_1
Added Pin To Net: NetName=NetLD3_1 Pin=LD3-1
Added Pin To Net: NetName=NetLD3_1 Pin=R30-1
Added Net: Name=NetLD3_1
Added Pin To Net: NetName=NetLD4_1 Pin=LD4-1
Added Pin To Net: NetName=NetLD4_1 Pin=R36-1
Added Net: Name=NetLD4_1
Added Pin To Net: NetName=NetLD5_1 Pin=LD5-1
Added Pin To Net: NetName=NetLD5_1 Pin=R37-1
Added Net: Name=NetLD5_1
Added Pin To Net: NetName=NetLD6_1 Pin=LD6-1
Added Pin To Net: NetName=NetLD6_1 Pin=R38-1
Added Net: Name=NetLD6_1
Added Pin To Net: NetName=NetLS1_2 Pin=LS1-2
Added Pin To Net: NetName=NetLS1_2 Pin=R25-2
Added Net: Name=NetLS1_2
Added Pin To Net: NetName=NetQ1_2 Pin=Q1-2
Added Pin To Net: NetName=NetQ1_2 Pin=R17-1
Added Net: Name=NetQ1_2
Added Pin To Net: NetName=NetQ1_3 Pin=Q1-3
Added Pin To Net: NetName=NetQ1_3 Pin=R19-2
Added Net: Name=NetQ1_3
Added Pin To Net: NetName=NetQ2_2 Pin=Q2-2
Added Pin To Net: NetName=NetQ2_2 Pin=R25-1
Added Net: Name=NetQ2_2
Added Pin To Net: NetName=NetQ2_3 Pin=Q2-3
Added Pin To Net: NetName=NetQ2_3 Pin=R26-2
Added Net: Name=NetQ2_3
Added Pin To Net: NetName=NetQ3_3 Pin=Q3-3
Added Pin To Net: NetName=NetQ3_3 Pin=R32-2
Added Net: Name=NetQ3_3
Added Pin To Net: NetName=NetQ4_3 Pin=Q4-3
Added Pin To Net: NetName=NetQ4_3 Pin=R33-2
Added Net: Name=NetQ4_3
Added Pin To Net: NetName=NetQ5_3 Pin=Q5-3
Added Pin To Net: NetName=NetQ5_3 Pin=R34-2
Added Net: Name=NetQ5_3
Added Pin To Net: NetName=NetQ6_3 Pin=Q6-3
Added Pin To Net: NetName=NetQ6_3 Pin=R41-2
Added Net: Name=NetQ6_3
Added Pin To Net: NetName=NetQ7_3 Pin=Q7-3
Added Pin To Net: NetName=NetQ7_3 Pin=R42-2
Added Net: Name=NetQ7_3
Added Pin To Net: NetName=NetQ8_3 Pin=Q8-3
Added Pin To Net: NetName=NetQ8_3 Pin=R43-2
Added Net: Name=NetQ8_3
Added Pin To Net: NetName=NetR27_2 Pin=R27-2
Added Net: Name=NetR27_2
Added Pin To Net: NetName=RL1 Pin=R32-1
Added Net: Name=RL1
Added Pin To Net: NetName=RL2 Pin=R33-1
Added Net: Name=RL2
Added Pin To Net: NetName=RL3 Pin=R34-1
Added Net: Name=RL3
Added Pin To Net: NetName=RL4 Pin=R41-1
Added Net: Name=RL4
Added Pin To Net: NetName=RL5 Pin=R42-1
Added Net: Name=RL5
Added Pin To Net: NetName=RL6 Pin=R43-1
Added Net: Name=RL6
Added Pin To Net: NetName=RS485_DE Pin=IC4-3
Added Pin To Net: NetName=RS485_DE Pin=J2-1
Added Pin To Net: NetName=RS485_DE Pin=J3-2
Added Net: Name=RS485_DE
Added Pin To Net: NetName=RS485_RE Pin=IC4-2
Added Pin To Net: NetName=RS485_RE Pin=J1-2
Added Pin To Net: NetName=RS485_RE Pin=J2-2
Added Net: Name=RS485_RE
Added Pin To Net: NetName=RS Pin=R9-1
Added Net: Name=RS
Added Pin To Net: NetName=RW Pin=R10-1
Added Net: Name=RW
Added Pin To Net: NetName=RX_485 Pin=D9-1
Added Pin To Net: NetName=RX_485 Pin=D10-1
Added Pin To Net: NetName=RX_485 Pin=IC4-4
Added Pin To Net: NetName=RX_485 Pin=R31-2
Added Net: Name=RX_485
Added Pin To Net: NetName=RX_PIC Pin=D11-1
Added Pin To Net: NetName=RX_PIC Pin=D12-1
Added Pin To Net: NetName=RX_PIC Pin=P2-4
Added Pin To Net: NetName=RX_PIC Pin=R35-2
Added Net: Name=RX_PIC
Added Pin To Net: NetName=RX_ZIGBEE Pin=D16-1
Added Pin To Net: NetName=RX_ZIGBEE Pin=D17-1
Added Pin To Net: NetName=RX_ZIGBEE Pin=P1-4
Added Pin To Net: NetName=RX_ZIGBEE Pin=R40-2
Added Net: Name=RX_ZIGBEE
Added Pin To Net: NetName=SCL Pin=R6-2
Added Net: Name=SCL
Added Pin To Net: NetName=SDA Pin=R7-2
Added Net: Name=SDA
Added Pin To Net: NetName=SPEAKER Pin=R26-1
Added Net: Name=SPEAKER
Added Pin To Net: NetName=SW1 Pin=C16-1
Added Pin To Net: NetName=SW1 Pin=R20-1
Added Pin To Net: NetName=SW1 Pin=SW1-2
Added Pin To Net: NetName=SW1 Pin=SW1-4
Added Net: Name=SW1
Added Pin To Net: NetName=SW2 Pin=C17-2
Added Pin To Net: NetName=SW2 Pin=SW2-1
Added Pin To Net: NetName=SW2 Pin=SW2-3
Added Net: Name=SW2
Added Pin To Net: NetName=SW3 Pin=C18-2
Added Pin To Net: NetName=SW3 Pin=SW3-1
Added Pin To Net: NetName=SW3 Pin=SW3-3
Added Net: Name=SW3
Added Pin To Net: NetName=SW4 Pin=C19-2
Added Pin To Net: NetName=SW4 Pin=SW4-1
Added Pin To Net: NetName=SW4 Pin=SW4-3
Added Net: Name=SW4
Added Pin To Net: NetName=SW5 Pin=C20-2
Added Pin To Net: NetName=SW5 Pin=SW5-1
Added Pin To Net: NetName=SW5 Pin=SW5-3
Added Net: Name=SW5
Added Pin To Net: NetName=TX_485 Pin=D11-2
Added Pin To Net: NetName=TX_485 Pin=D17-2
Added Pin To Net: NetName=TX_485 Pin=IC4-1
Added Net: Name=TX_485
Added Pin To Net: NetName=TX_PIC Pin=D9-2
Added Pin To Net: NetName=TX_PIC Pin=D16-2
Added Pin To Net: NetName=TX_PIC Pin=P2-3
Added Net: Name=TX_PIC
Added Pin To Net: NetName=TX_ZIGBEE Pin=D10-2
Added Pin To Net: NetName=TX_ZIGBEE Pin=D12-2
Added Pin To Net: NetName=TX_ZIGBEE Pin=P1-3
Added Net: Name=TX_ZIGBEE
Added Pin To Net: NetName=VAN1 Pin=K1-3
Added Net: Name=VAN1
Added Pin To Net: NetName=VAN2 Pin=K2-3
Added Net: Name=VAN2
Added Pin To Net: NetName=VAN3 Pin=K3-3
Added Net: Name=VAN3
Added Pin To Net: NetName=VAN4 Pin=K4-3
Added Net: Name=VAN4
Added Pin To Net: NetName=VAN5 Pin=K5-3
Added Net: Name=VAN5
Added Pin To Net: NetName=X1 Pin=C22-2
Added Pin To Net: NetName=X1 Pin=Y2-2
Added Net: Name=X1
Added Pin To Net: NetName=X2 Pin=C23-2
Added Pin To Net: NetName=X2 Pin=Y2-1
Added Net: Name=X2
Added Class: Name=Mach_actor_v1
Added Room: Name=Mach_actor_v1
