Removed Pin From Net: NetName=D5 Pin=U?-2
Removed Pin From Net: NetName=D6 Pin=U?-3
Removed Pin From Net: NetName=D7 Pin=U?-4
Removed Pin From Net: NetName=LED_LCD Pin=U?-5
Removed Pin From Net: NetName=NetP?_7 Pin=U?-16
Removed Pin From Net: NetName=NetP?_8 Pin=U?-17
Removed Pin From Net: NetName=RS Pin=U?-38
Removed Pin From Net: NetName=RW Pin=U?-39
Removed Pin From Net: NetName=EN Pin=U?-40
Removed Pin From Net: NetName=D4 Pin=U?-41
Added Pin To Net: NetName=RS Pin=U?-8
Added Pin To Net: NetName=RW Pin=U?-9
Added Pin To Net: NetName=EN Pin=U?-10
Added Pin To Net: NetName=D4 Pin=U?-11
Added Pin To Net: NetName=D5 Pin=U?-14
Added Pin To Net: NetName=D6 Pin=U?-15
Added Pin To Net: NetName=D7 Pin=U?-16
Added Pin To Net: NetName=LED_LCD Pin=U?-17
Added Pin To Net: NetName=NetP?_8 Pin=U?-38
Added Pin To Net: NetName=NetP?_7 Pin=U?-39
