Added Component: Designator=C1(RB7.6-15)
Added Component: Designator=C2(RB7.6-15)
Added Component: Designator=C3(RB7.6-15)
Added Component: Designator=C4(RB7.6-15)
Added Component: Designator=C5(RAD-0.3)
Added Component: Designator=C6(RAD-0.3)
Added Component: Designator=C7(RAD-0.3)
Added Component: Designator=D1(DZ0.5A)
Added Component: Designator=D2(LED-0)
Added Component: Designator=D3(LED-0)
Added Component: Designator=D4(LED-0)
Added Component: Designator=IC1(DIP16/W0.3)
Added Component: Designator=JDC1(DC-IN)
Added Component: Designator=L1(L/0.4)
Added Component: Designator=P1(HDR1X5)
Added Component: Designator=P2(HDR1X5)
Added Component: Designator=P3(HDR1X3)
Added Component: Designator=P4(HDR1X5)
Added Component: Designator=P5(HDR1X2)
Added Component: Designator=P6(HDR1X3)
Added Component: Designator=P7(HDR1X8)
Added Component: Designator=P8(HDR1X6)
Added Component: Designator=P9(HDR1X8)
Added Component: Designator=R1(R1/8W)
Added Component: Designator=R2(R1/8W)
Added Component: Designator=R3(R1/8W)
Added Component: Designator=R4(R1/8W)
Added Component: Designator=R5(AXIAL-0.3)
Added Component: Designator=R6(R1/8W)
Added Component: Designator=R7(R1/8W)
Added Component: Designator=R8(R1/8W)
Added Component: Designator=R9(AXIAL-0.3)
Added Component: Designator=R10(AXIAL-0.3)
Added Component: Designator=R11(AXIAL-0.3)
Added Component: Designator=RL1(RL_SPDT_10A)
Added Component: Designator=S1(SPST-2)
Added Component: Designator=U1(LM2576t)
Added Component: Designator=U2(LM1117-SOP)
Added Component: Designator=U3(TQFP-PT44_N)
Added Component: Designator=U4(NPSIP4A)
Added Component: Designator=X1(XT2)
Added Pin To Net: NetName=3.3V Pin=C3-1
Added Pin To Net: NetName=3.3V Pin=C6-2
Added Pin To Net: NetName=3.3V Pin=R9-1
Added Pin To Net: NetName=3.3V Pin=U2-2
Added Pin To Net: NetName=3.3V Pin=U2-2
Added Pin To Net: NetName=3.3V Pin=U3-7
Added Pin To Net: NetName=3.3V Pin=U3-28
Added Net: Name=3.3V
Added Pin To Net: NetName=5V Pin=C1-1
Added Pin To Net: NetName=5V Pin=C4-1
Added Pin To Net: NetName=5V Pin=IC1-3
Added Pin To Net: NetName=5V Pin=IC1-4
Added Pin To Net: NetName=5V Pin=IC1-16
Added Pin To Net: NetName=5V Pin=L1-2
Added Pin To Net: NetName=5V Pin=P3-2
Added Pin To Net: NetName=5V Pin=U1-4
Added Pin To Net: NetName=5V Pin=U2-3
Added Net: Name=5V
Added Pin To Net: NetName=12V Pin=C2-1
Added Pin To Net: NetName=12V Pin=JDC1-1
Added Pin To Net: NetName=12V Pin=RL1-1
Added Pin To Net: NetName=12V Pin=RL1-5
Added Pin To Net: NetName=12V Pin=U1-1
Added Net: Name=12V
Added Pin To Net: NetName=A1 Pin=P8-6
Added Pin To Net: NetName=A1 Pin=U3-20
Added Net: Name=A1
Added Pin To Net: NetName=A2 Pin=P8-5
Added Pin To Net: NetName=A2 Pin=U3-21
Added Net: Name=A2
Added Pin To Net: NetName=A3 Pin=P8-4
Added Pin To Net: NetName=A3 Pin=U3-22
Added Net: Name=A3
Added Pin To Net: NetName=A4 Pin=P8-3
Added Pin To Net: NetName=A4 Pin=U3-23
Added Net: Name=A4
Added Pin To Net: NetName=A5 Pin=P8-2
Added Pin To Net: NetName=A5 Pin=U3-24
Added Net: Name=A5
Added Pin To Net: NetName=A6 Pin=C5-2
Added Pin To Net: NetName=A6 Pin=P8-1
Added Pin To Net: NetName=A6 Pin=U3-31
Added Pin To Net: NetName=A6 Pin=X1-2
Added Net: Name=A6
Added Pin To Net: NetName=A7 Pin=C7-2
Added Pin To Net: NetName=A7 Pin=U3-30
Added Pin To Net: NetName=A7 Pin=X1-1
Added Net: Name=A7
Added Pin To Net: NetName=A Pin=IC1-7
Added Pin To Net: NetName=A Pin=R1-2
Added Pin To Net: NetName=A Pin=U3-8
Added Net: Name=A
Added Pin To Net: NetName=B Pin=IC1-1
Added Pin To Net: NetName=B Pin=R2-2
Added Pin To Net: NetName=B Pin=U3-9
Added Net: Name=B
Added Pin To Net: NetName=C0 Pin=P9-1
Added Pin To Net: NetName=C0 Pin=U3-32
Added Net: Name=C0
Added Pin To Net: NetName=C2 Pin=P9-3
Added Pin To Net: NetName=C2 Pin=U3-36
Added Net: Name=C2
Added Pin To Net: NetName=C3 Pin=P9-4
Added Pin To Net: NetName=C3 Pin=U3-37
Added Net: Name=C3
Added Pin To Net: NetName=C4 Pin=U3-42
Added Net: Name=C4
Added Pin To Net: NetName=C5 Pin=P9-5
Added Pin To Net: NetName=C5 Pin=U3-43
Added Net: Name=C5
Added Pin To Net: NetName=C Pin=IC1-2
Added Pin To Net: NetName=C Pin=R3-2
Added Pin To Net: NetName=C Pin=U3-10
Added Net: Name=C
Added Pin To Net: NetName=D0 Pin=P7-1
Added Pin To Net: NetName=D0 Pin=U3-38
Added Net: Name=D0
Added Pin To Net: NetName=D1 Pin=P7-2
Added Pin To Net: NetName=D1 Pin=U3-39
Added Net: Name=D1
Added Pin To Net: NetName=D2 Pin=P7-3
Added Pin To Net: NetName=D2 Pin=U3-40
Added Net: Name=D2
Added Pin To Net: NetName=D3 Pin=P7-4
Added Pin To Net: NetName=D3 Pin=U3-41
Added Net: Name=D3
Added Pin To Net: NetName=D4 Pin=P7-5
Added Pin To Net: NetName=D4 Pin=U3-2
Added Net: Name=D4
Added Pin To Net: NetName=D5 Pin=P7-6
Added Pin To Net: NetName=D5 Pin=U3-3
Added Net: Name=D5
Added Pin To Net: NetName=D6 Pin=P7-7
Added Pin To Net: NetName=D6 Pin=U3-4
Added Net: Name=D6
Added Pin To Net: NetName=D7 Pin=P7-8
Added Pin To Net: NetName=D7 Pin=U3-5
Added Net: Name=D7
Added Pin To Net: NetName=D Pin=IC1-6
Added Pin To Net: NetName=D Pin=R4-2
Added Pin To Net: NetName=D Pin=U3-11
Added Net: Name=D
Added Pin To Net: NetName=E0 Pin=P9-6
Added Pin To Net: NetName=E0 Pin=U3-25
Added Net: Name=E0
Added Pin To Net: NetName=E1 Pin=P9-7
Added Pin To Net: NetName=E1 Pin=U3-26
Added Net: Name=E1
Added Pin To Net: NetName=E2 Pin=P9-8
Added Pin To Net: NetName=E2 Pin=U3-27
Added Net: Name=E2
Added Pin To Net: NetName=E Pin=R6-2
Added Net: Name=E
Added Pin To Net: NetName=F Pin=R7-2
Added Net: Name=F
Added Pin To Net: NetName=GND Pin=C1-2
Added Pin To Net: NetName=GND Pin=C2-2
Added Pin To Net: NetName=GND Pin=C3-2
Added Pin To Net: NetName=GND Pin=C4-2
Added Pin To Net: NetName=GND Pin=C5-1
Added Pin To Net: NetName=GND Pin=C7-1
Added Pin To Net: NetName=GND Pin=D1-1
Added Pin To Net: NetName=GND Pin=D2-2
Added Pin To Net: NetName=GND Pin=D3-2
Added Pin To Net: NetName=GND Pin=D4-2
Added Pin To Net: NetName=GND Pin=IC1-5
Added Pin To Net: NetName=GND Pin=IC1-8
Added Pin To Net: NetName=GND Pin=JDC1-2
Added Pin To Net: NetName=GND Pin=P3-1
Added Pin To Net: NetName=GND Pin=P6-3
Added Pin To Net: NetName=GND Pin=U1-3
Added Pin To Net: NetName=GND Pin=U1-5
Added Pin To Net: NetName=GND Pin=U2-1
Added Pin To Net: NetName=GND Pin=U3-6
Added Pin To Net: NetName=GND Pin=U3-29
Added Pin To Net: NetName=GND Pin=U4-2
Added Net: Name=GND
Added Pin To Net: NetName=G Pin=R8-2
Added Net: Name=G
Added Pin To Net: NetName=LAMP Pin=RL1-3
Added Net: Name=LAMP
Added Pin To Net: NetName=LED1 Pin=U3-14
Added Net: Name=LED1
Added Pin To Net: NetName=LED2 Pin=U3-15
Added Net: Name=LED2
Added Pin To Net: NetName=MCLR Pin=C6-1
Added Pin To Net: NetName=MCLR Pin=R9-2
Added Pin To Net: NetName=MCLR Pin=S1-1
Added Pin To Net: NetName=MCLR Pin=U3-18
Added Net: Name=MCLR
Added Pin To Net: NetName=NetD1_2 Pin=D1-2
Added Pin To Net: NetName=NetD1_2 Pin=L1-1
Added Pin To Net: NetName=NetD1_2 Pin=U1-2
Added Net: Name=NetD1_2
Added Pin To Net: NetName=NetD2_1 Pin=D2-1
Added Pin To Net: NetName=NetD2_1 Pin=R5-2
Added Net: Name=NetD2_1
Added Pin To Net: NetName=NetD3_1 Pin=D3-1
Added Pin To Net: NetName=NetD3_1 Pin=R10-2
Added Net: Name=NetD3_1
Added Pin To Net: NetName=NetD4_1 Pin=D4-1
Added Pin To Net: NetName=NetD4_1 Pin=R11-2
Added Net: Name=NetD4_1
Added Pin To Net: NetName=NetIC1_9 Pin=IC1-9
Added Pin To Net: NetName=NetIC1_9 Pin=R6-1
Added Net: Name=NetIC1_9
Added Pin To Net: NetName=NetIC1_10 Pin=IC1-10
Added Pin To Net: NetName=NetIC1_10 Pin=R4-1
Added Net: Name=NetIC1_10
Added Pin To Net: NetName=NetIC1_11 Pin=IC1-11
Added Pin To Net: NetName=NetIC1_11 Pin=R3-1
Added Net: Name=NetIC1_11
Added Pin To Net: NetName=NetIC1_12 Pin=IC1-12
Added Pin To Net: NetName=NetIC1_12 Pin=R2-1
Added Net: Name=NetIC1_12
Added Pin To Net: NetName=NetIC1_13 Pin=IC1-13
Added Pin To Net: NetName=NetIC1_13 Pin=R1-1
Added Net: Name=NetIC1_13
Added Pin To Net: NetName=NetIC1_14 Pin=IC1-14
Added Pin To Net: NetName=NetIC1_14 Pin=R8-1
Added Net: Name=NetIC1_14
Added Pin To Net: NetName=NetIC1_15 Pin=IC1-15
Added Pin To Net: NetName=NetIC1_15 Pin=R7-1
Added Net: Name=NetIC1_15
Added Pin To Net: NetName=OPTO Pin=U3-19
Added Pin To Net: NetName=OPTO Pin=U4-1
Added Net: Name=OPTO
Added Pin To Net: NetName=PGC Pin=U3-16
Added Net: Name=PGC
Added Pin To Net: NetName=PGD Pin=U3-17
Added Net: Name=PGD
Added Pin To Net: NetName=PWM Pin=P3-3
Added Pin To Net: NetName=PWM Pin=P9-2
Added Pin To Net: NetName=PWM Pin=U3-35
Added Net: Name=PWM
Added Pin To Net: NetName=RELAY Pin=RL1-4
Added Net: Name=RELAY
Added Pin To Net: NetName=RX Pin=P6-2
Added Pin To Net: NetName=RX Pin=U3-1
Added Net: Name=RX
Added Pin To Net: NetName=TX Pin=P6-1
Added Pin To Net: NetName=TX Pin=U3-44
Added Net: Name=TX
Added Class: Name=machdongho
Added Room: Name=machdongho
