Added Component: Designator=C1(RB7.6-15)
Added Component: Designator=C1(RB7.6-15)
Added Component: Designator=C3(RB7.6-15)
Added Component: Designator=C3(RB7.6-15)
Added Component: Designator=C7(RAD-0.3)
Added Component: Designator=C8(RAD-0.3)
Added Component: Designator=C9(RAD-0.3)
Added Component: Designator=D1(LED-0)
Added Component: Designator=D2(DZ0.5A)
Added Component: Designator=D3(LED-0)
Added Component: Designator=D4(LED-0)
Added Component: Designator=IC3(DIP16/W0.3)
Added Component: Designator=JDC(DC-IN)
Added Component: Designator=L1(L/0.4)
Added Component: Designator=P2(HDR1X3)
Added Component: Designator=P3(HDR1X5)
Added Component: Designator=P4(HDR1X5)
Added Component: Designator=P4(HDR1X3)
Added Component: Designator=P5(HDR1X5)
Added Component: Designator=P5(HDR1X2)
Added Component: Designator=P6(HDR1X8)
Added Component: Designator=P8(HDR1X8)
Added Component: Designator=P9(HDR1X6)
Added Component: Designator=R5(AXIAL-0.3)
Added Component: Designator=R6(AXIAL-0.3)
Added Component: Designator=R7(R1/8W)
Added Component: Designator=R8(R1/8W)
Added Component: Designator=R9(R1/8W)
Added Component: Designator=R10(R1/8W)
Added Component: Designator=R11(R1/8W)
Added Component: Designator=R12(R1/8W)
Added Component: Designator=R14(R1/8W)
Added Component: Designator=R15(AXIAL-0.3)
Added Component: Designator=R16(AXIAL-0.3)
Added Component: Designator=RL1(RL_SPDT_10A)
Added Component: Designator=S2(SPST-2)
Added Component: Designator=U1(LM1117-SOP)
Added Component: Designator=U2(TQFP-PT44_N)
Added Component: Designator=U2(NPSIP4A)
Added Component: Designator=U3(LM2576t)
Added Component: Designator=X1(XT2)
Added Pin To Net: NetName=3.3V Pin=C1-1
Added Pin To Net: NetName=3.3V Pin=C7-2
Added Pin To Net: NetName=3.3V Pin=R5-1
Added Pin To Net: NetName=3.3V Pin=U1-2
Added Pin To Net: NetName=3.3V Pin=U1-2
Added Net: Name=3.3V
Added Pin To Net: NetName=5V Pin=C1-1
Added Pin To Net: NetName=5V Pin=C3-1
Added Pin To Net: NetName=5V Pin=IC3-3
Added Pin To Net: NetName=5V Pin=IC3-4
Added Pin To Net: NetName=5V Pin=IC3-16
Added Pin To Net: NetName=5V Pin=L1-2
Added Pin To Net: NetName=5V Pin=P2-2
Added Pin To Net: NetName=5V Pin=U1-3
Added Pin To Net: NetName=5V Pin=U3-4
Added Net: Name=5V
Added Pin To Net: NetName=12V Pin=C3-1
Added Pin To Net: NetName=12V Pin=JDC-1
Added Pin To Net: NetName=12V Pin=RL1-1
Added Pin To Net: NetName=12V Pin=RL1-5
Added Pin To Net: NetName=12V Pin=U3-1
Added Net: Name=12V
Added Pin To Net: NetName=A1 Pin=P9-6
Added Net: Name=A1
Added Pin To Net: NetName=A2 Pin=P9-5
Added Net: Name=A2
Added Pin To Net: NetName=A3 Pin=P9-4
Added Net: Name=A3
Added Pin To Net: NetName=A4 Pin=P9-3
Added Net: Name=A4
Added Pin To Net: NetName=A5 Pin=P9-2
Added Net: Name=A5
Added Pin To Net: NetName=A6 Pin=C8-2
Added Pin To Net: NetName=A6 Pin=P9-1
Added Pin To Net: NetName=A6 Pin=X1-2
Added Net: Name=A6
Added Pin To Net: NetName=A7 Pin=C9-2
Added Pin To Net: NetName=A7 Pin=X1-1
Added Net: Name=A7
Added Pin To Net: NetName=A Pin=IC3-7
Added Pin To Net: NetName=A Pin=R7-2
Added Net: Name=A
Added Pin To Net: NetName=B Pin=IC3-1
Added Pin To Net: NetName=B Pin=R8-2
Added Net: Name=B
Added Pin To Net: NetName=C0 Pin=P8-1
Added Net: Name=C0
Added Pin To Net: NetName=C2 Pin=P8-3
Added Net: Name=C2
Added Pin To Net: NetName=C3 Pin=P8-4
Added Net: Name=C3
Added Net: Name=C4
Added Pin To Net: NetName=C5 Pin=P8-5
Added Net: Name=C5
Added Pin To Net: NetName=C Pin=IC3-2
Added Pin To Net: NetName=C Pin=R9-2
Added Net: Name=C
Added Pin To Net: NetName=D0 Pin=P6-1
Added Net: Name=D0
Added Pin To Net: NetName=D1 Pin=P6-2
Added Net: Name=D1
Added Pin To Net: NetName=D2 Pin=P6-3
Added Net: Name=D2
Added Pin To Net: NetName=D3 Pin=P6-4
Added Net: Name=D3
Added Pin To Net: NetName=D4 Pin=P6-5
Added Pin To Net: NetName=D4 Pin=U2-2
Added Net: Name=D4
Added Pin To Net: NetName=D5 Pin=P6-6
Added Pin To Net: NetName=D5 Pin=U2-3
Added Net: Name=D5
Added Pin To Net: NetName=D6 Pin=P6-7
Added Pin To Net: NetName=D6 Pin=U2-4
Added Net: Name=D6
Added Pin To Net: NetName=D7 Pin=P6-8
Added Net: Name=D7
Added Pin To Net: NetName=D Pin=IC3-6
Added Pin To Net: NetName=D Pin=R10-2
Added Net: Name=D
Added Pin To Net: NetName=E0 Pin=P8-6
Added Net: Name=E0
Added Pin To Net: NetName=E1 Pin=P8-7
Added Net: Name=E1
Added Pin To Net: NetName=E2 Pin=P8-8
Added Net: Name=E2
Added Pin To Net: NetName=E Pin=R11-2
Added Net: Name=E
Added Pin To Net: NetName=F Pin=R12-2
Added Net: Name=F
Added Pin To Net: NetName=GND Pin=C1-2
Added Pin To Net: NetName=GND Pin=C1-2
Added Pin To Net: NetName=GND Pin=C3-2
Added Pin To Net: NetName=GND Pin=C3-2
Added Pin To Net: NetName=GND Pin=C8-1
Added Pin To Net: NetName=GND Pin=C9-1
Added Pin To Net: NetName=GND Pin=D1-2
Added Pin To Net: NetName=GND Pin=D2-1
Added Pin To Net: NetName=GND Pin=D3-2
Added Pin To Net: NetName=GND Pin=D4-2
Added Pin To Net: NetName=GND Pin=IC3-5
Added Pin To Net: NetName=GND Pin=IC3-8
Added Pin To Net: NetName=GND Pin=JDC-2
Added Pin To Net: NetName=GND Pin=P2-1
Added Pin To Net: NetName=GND Pin=P4-3
Added Pin To Net: NetName=GND Pin=U1-1
Added Pin To Net: NetName=GND Pin=U2-2
Added Pin To Net: NetName=GND Pin=U3-3
Added Pin To Net: NetName=GND Pin=U3-5
Added Net: Name=GND
Added Pin To Net: NetName=G Pin=R14-2
Added Net: Name=G
Added Pin To Net: NetName=LAMP Pin=RL1-3
Added Net: Name=LAMP
Added Net: Name=LED1
Added Net: Name=LED2
Added Pin To Net: NetName=MCLR Pin=C7-1
Added Pin To Net: NetName=MCLR Pin=R5-2
Added Pin To Net: NetName=MCLR Pin=S2-1
Added Net: Name=MCLR
Added Pin To Net: NetName=NetD1_1 Pin=D1-1
Added Pin To Net: NetName=NetD1_1 Pin=R6-2
Added Net: Name=NetD1_1
Added Pin To Net: NetName=NetD2_2 Pin=D2-2
Added Pin To Net: NetName=NetD2_2 Pin=L1-1
Added Pin To Net: NetName=NetD2_2 Pin=U3-2
Added Net: Name=NetD2_2
Added Pin To Net: NetName=NetD3_1 Pin=D3-1
Added Pin To Net: NetName=NetD3_1 Pin=R15-2
Added Net: Name=NetD3_1
Added Pin To Net: NetName=NetD4_1 Pin=D4-1
Added Pin To Net: NetName=NetD4_1 Pin=R16-2
Added Net: Name=NetD4_1
Added Pin To Net: NetName=NetIC3_9 Pin=IC3-9
Added Pin To Net: NetName=NetIC3_9 Pin=R11-1
Added Net: Name=NetIC3_9
Added Pin To Net: NetName=NetIC3_10 Pin=IC3-10
Added Pin To Net: NetName=NetIC3_10 Pin=R10-1
Added Net: Name=NetIC3_10
Added Pin To Net: NetName=NetIC3_11 Pin=IC3-11
Added Pin To Net: NetName=NetIC3_11 Pin=R9-1
Added Net: Name=NetIC3_11
Added Pin To Net: NetName=NetIC3_12 Pin=IC3-12
Added Pin To Net: NetName=NetIC3_12 Pin=R8-1
Added Net: Name=NetIC3_12
Added Pin To Net: NetName=NetIC3_13 Pin=IC3-13
Added Pin To Net: NetName=NetIC3_13 Pin=R7-1
Added Net: Name=NetIC3_13
Added Pin To Net: NetName=NetIC3_14 Pin=IC3-14
Added Pin To Net: NetName=NetIC3_14 Pin=R14-1
Added Net: Name=NetIC3_14
Added Pin To Net: NetName=NetIC3_15 Pin=IC3-15
Added Pin To Net: NetName=NetIC3_15 Pin=R12-1
Added Net: Name=NetIC3_15
Added Pin To Net: NetName=OPTO Pin=U2-1
Added Net: Name=OPTO
Added Net: Name=PGC
Added Net: Name=PGD
Added Pin To Net: NetName=PWM Pin=P2-3
Added Pin To Net: NetName=PWM Pin=P8-2
Added Net: Name=PWM
Added Pin To Net: NetName=RELAY Pin=RL1-4
Added Net: Name=RELAY
Added Pin To Net: NetName=RX Pin=P4-2
Added Pin To Net: NetName=RX Pin=U2-1
Added Net: Name=RX
Added Pin To Net: NetName=TX Pin=P4-1
Added Net: Name=TX
Added Class: Name=machdongho
Added Room: Name=machdongho
