Added Component: Designator=C1(SM-0805)
Added Component: Designator=C2(SM-0805)
Added Component: Designator=C4(SM-0805)
Added Component: Designator=C5(SM-0805)
Added Component: Designator=C6(SM-0805)
Added Component: Designator=C7(SM-0805)
Added Component: Designator=IC1(SOT223-4N)
Added Component: Designator=IDRO(CON3)
Added Component: Designator=ISP(CON5)
Added Component: Designator=LED1(LED-3)
Added Component: Designator=LED2(LED-3)
Added Component: Designator=LED3(LED-3)
Added Component: Designator=R1(SM-0805)
Added Component: Designator=R2(SM-0805)
Added Component: Designator=R3(SM-0805)
Added Component: Designator=R4(SM-0805)
Added Component: Designator=R5(SM-0805)
Added Component: Designator=RESET(SW2)
Added Component: Designator=U1(TQFP-PT44_N)
Added Component: Designator=VIN(CON2)
Added Component: Designator=X1(XT2)
Added Pin To Net: NetName=GND Pin=C1-1
Added Pin To Net: NetName=OSC1 Pin=C1-2
Added Pin To Net: NetName=GND Pin=C2-1
Added Pin To Net: NetName=OSC2 Pin=C2-2
Added Pin To Net: NetName=GND Pin=C4-1
Added Pin To Net: NetName=VCC-3.3V Pin=C4-2
Added Pin To Net: NetName=GND Pin=C5-1
Added Pin To Net: NetName=VCC-3.3V Pin=C5-2
Added Pin To Net: NetName=IN Pin=C6-1
Added Pin To Net: NetName=GND Pin=C6-2
Added Pin To Net: NetName=VCC-3.3V Pin=C7-1
Added Pin To Net: NetName=GND Pin=C7-2
Added Pin To Net: NetName=GND Pin=IC1-1
Added Pin To Net: NetName=VCC-3.3V Pin=IC1-2
Added Pin To Net: NetName=IN Pin=IC1-3
Added Pin To Net: NetName=VCC-3.3V Pin=IC1-4
Added Pin To Net: NetName=GND Pin=IDRO-1
Added Pin To Net: NetName=RXD Pin=IDRO-2
Added Pin To Net: NetName=TXD Pin=IDRO-3
Added Pin To Net: NetName=PGC Pin=ISP-1
Added Pin To Net: NetName=PGD Pin=ISP-2
Added Pin To Net: NetName=GND Pin=ISP-3
Added Pin To Net: NetName=VCC-3.3V Pin=ISP-4
Added Pin To Net: NetName=VPP Pin=ISP-5
Added Pin To Net: NetName=NetLED1_1 Pin=LED1-1
Added Pin To Net: NetName=GND Pin=LED1-2
Added Pin To Net: NetName=NetLED2_1 Pin=LED2-1
Added Pin To Net: NetName=GND Pin=LED2-2
Added Pin To Net: NetName=NetLED3_1 Pin=LED3-1
Added Pin To Net: NetName=GND Pin=LED3-2
Added Pin To Net: NetName=NetR1_1 Pin=R1-1
Added Pin To Net: NetName=VCC-3.3V Pin=R1-2
Added Pin To Net: NetName=VPP Pin=R2-1
Added Pin To Net: NetName=NetR1_1 Pin=R2-2
Added Pin To Net: NetName=NetLED1_1 Pin=R3-1
Added Pin To Net: NetName=LED1 Pin=R3-2
Added Pin To Net: NetName=NetLED2_1 Pin=R4-1
Added Pin To Net: NetName=LED2 Pin=R4-2
Added Pin To Net: NetName=NetLED3_1 Pin=R5-1
Added Pin To Net: NetName=LED3 Pin=R5-2
Added Pin To Net: NetName=GND Pin=RESET-1
Added Pin To Net: NetName=NetR1_1 Pin=RESET-2
Added Pin To Net: NetName=RXD Pin=U1-1
Added Pin To Net: NetName=GND Pin=U1-6
Added Pin To Net: NetName=VCC-3.3V Pin=U1-7
Added Pin To Net: NetName=PGC Pin=U1-16
Added Pin To Net: NetName=PGD Pin=U1-17
Added Pin To Net: NetName=VPP Pin=U1-18
Added Pin To Net: NetName=VCC-3.3V Pin=U1-28
Added Pin To Net: NetName=GND Pin=U1-29
Added Pin To Net: NetName=OSC2 Pin=U1-30
Added Pin To Net: NetName=OSC1 Pin=U1-31
Added Pin To Net: NetName=LED1 Pin=U1-35
Added Pin To Net: NetName=LED2 Pin=U1-36
Added Pin To Net: NetName=LED3 Pin=U1-37
Added Pin To Net: NetName=TXD Pin=U1-44
Added Pin To Net: NetName=GND Pin=VIN-1
Added Pin To Net: NetName=IN Pin=VIN-2
Added Pin To Net: NetName=OSC2 Pin=X1-1
Added Pin To Net: NetName=OSC1 Pin=X1-2
Added Member To Class: ClassName=idro900ma Member=Component C1 22pF
Added Member To Class: ClassName=idro900ma Member=Component C2 2pF
Added Member To Class: ClassName=idro900ma Member=Component C4 103
Added Member To Class: ClassName=idro900ma Member=Component C5 103
Added Member To Class: ClassName=idro900ma Member=Component C6 1uF/450V
Added Member To Class: ClassName=idro900ma Member=Component C7 1uF/450V
Added Member To Class: ClassName=idro900ma Member=Component IC1 LM1117
Added Member To Class: ClassName=idro900ma Member=Component IDRO JP3
Added Member To Class: ClassName=idro900ma Member=Component ISP JP5
Added Member To Class: ClassName=idro900ma Member=Component LED1 LED
Added Member To Class: ClassName=idro900ma Member=Component LED2 LED
Added Member To Class: ClassName=idro900ma Member=Component LED3 LED
Added Member To Class: ClassName=idro900ma Member=Component R1 4.7k
Added Member To Class: ClassName=idro900ma Member=Component R2 330
Added Member To Class: ClassName=idro900ma Member=Component R3 220
Added Member To Class: ClassName=idro900ma Member=Component R4 220
Added Member To Class: ClassName=idro900ma Member=Component R5 220
Added Member To Class: ClassName=idro900ma Member=Component RESET SW
Added Member To Class: ClassName=idro900ma Member=Component U1 PIC18F46K20-I/PT
Added Member To Class: ClassName=idro900ma Member=Component VIN JP2
Added Member To Class: ClassName=idro900ma Member=Component X1 4Mhz
Added Room: Name=idro900ma
