Added Component: Designator=C1(SM-0805)
Added Component: Designator=C2(SM-0805)
Added Component: Designator=C4(SM-0805)
Added Component: Designator=C5(SM-0805)
Added Component: Designator=C6(SM-0805)
Added Component: Designator=C7(SM-0805)
Added Component: Designator=IC1(SOT223-4N)
Added Component: Designator=IDRO(CON3)
Added Component: Designator=ISP(CON5)
Added Component: Designator=LED1(LED-3)
Added Component: Designator=LED2(LED-3)
Added Component: Designator=LED3(LED-3)
Added Component: Designator=R1(R1/4W)
Added Component: Designator=R2(R1/4W)
Added Component: Designator=R3(R1/4W)
Added Component: Designator=R4(R1/4W)
Added Component: Designator=R5(R1/4W)
Added Component: Designator=RESET(SW2)
Added Component: Designator=U1(TQFP-PT44_N)
Added Component: Designator=VIN(CON2)
Added Component: Designator=X1(XT2)
Added Pin To Net: NetName=GND Pin=C1-1
Added Pin To Net: NetName=GND Pin=C2-1
Added Pin To Net: NetName=GND Pin=C4-1
Added Pin To Net: NetName=GND Pin=C5-1
Added Pin To Net: NetName=GND Pin=C6-2
Added Pin To Net: NetName=GND Pin=C7-2
Added Pin To Net: NetName=GND Pin=IC1-1
Added Pin To Net: NetName=GND Pin=IDRO-1
Added Pin To Net: NetName=GND Pin=ISP-3
Added Pin To Net: NetName=GND Pin=LED1-2
Added Pin To Net: NetName=GND Pin=LED2-2
Added Pin To Net: NetName=GND Pin=LED3-2
Added Pin To Net: NetName=GND Pin=RESET-1
Added Pin To Net: NetName=GND Pin=U1-6
Added Pin To Net: NetName=GND Pin=U1-29
Added Pin To Net: NetName=GND Pin=VIN-1
Added Net: Name=GND
Added Pin To Net: NetName=IN Pin=C6-1
Added Pin To Net: NetName=IN Pin=IC1-3
Added Pin To Net: NetName=IN Pin=VIN-2
Added Net: Name=IN
Added Pin To Net: NetName=LED1 Pin=R3-2
Added Pin To Net: NetName=LED1 Pin=U1-35
Added Net: Name=LED1
Added Pin To Net: NetName=LED2 Pin=R4-2
Added Pin To Net: NetName=LED2 Pin=U1-36
Added Net: Name=LED2
Added Pin To Net: NetName=LED3 Pin=R5-2
Added Pin To Net: NetName=LED3 Pin=U1-37
Added Net: Name=LED3
Added Pin To Net: NetName=NetLED1_1 Pin=LED1-1
Added Pin To Net: NetName=NetLED1_1 Pin=R3-1
Added Net: Name=NetLED1_1
Added Pin To Net: NetName=NetLED2_1 Pin=LED2-1
Added Pin To Net: NetName=NetLED2_1 Pin=R4-1
Added Net: Name=NetLED2_1
Added Pin To Net: NetName=NetLED3_1 Pin=LED3-1
Added Pin To Net: NetName=NetLED3_1 Pin=R5-1
Added Net: Name=NetLED3_1
Added Pin To Net: NetName=NetR1_1 Pin=R1-1
Added Pin To Net: NetName=NetR1_1 Pin=R2-2
Added Pin To Net: NetName=NetR1_1 Pin=RESET-2
Added Net: Name=NetR1_1
Added Pin To Net: NetName=OSC1 Pin=C1-2
Added Pin To Net: NetName=OSC1 Pin=U1-31
Added Pin To Net: NetName=OSC1 Pin=X1-2
Added Net: Name=OSC1
Added Pin To Net: NetName=OSC2 Pin=C2-2
Added Pin To Net: NetName=OSC2 Pin=U1-30
Added Pin To Net: NetName=OSC2 Pin=X1-1
Added Net: Name=OSC2
Added Pin To Net: NetName=PGC Pin=ISP-1
Added Pin To Net: NetName=PGC Pin=U1-16
Added Net: Name=PGC
Added Pin To Net: NetName=PGD Pin=ISP-2
Added Pin To Net: NetName=PGD Pin=U1-17
Added Net: Name=PGD
Added Pin To Net: NetName=RXD Pin=IDRO-2
Added Pin To Net: NetName=RXD Pin=U1-1
Added Net: Name=RXD
Added Pin To Net: NetName=TXD Pin=IDRO-3
Added Pin To Net: NetName=TXD Pin=U1-44
Added Net: Name=TXD
Added Pin To Net: NetName=VCC-3.3V Pin=C4-2
Added Pin To Net: NetName=VCC-3.3V Pin=C5-2
Added Pin To Net: NetName=VCC-3.3V Pin=C7-1
Added Pin To Net: NetName=VCC-3.3V Pin=IC1-2
Added Pin To Net: NetName=VCC-3.3V Pin=IC1-4
Added Pin To Net: NetName=VCC-3.3V Pin=ISP-4
Added Pin To Net: NetName=VCC-3.3V Pin=R1-2
Added Pin To Net: NetName=VCC-3.3V Pin=U1-7
Added Pin To Net: NetName=VCC-3.3V Pin=U1-28
Added Net: Name=VCC-3.3V
Added Pin To Net: NetName=VPP Pin=ISP-5
Added Pin To Net: NetName=VPP Pin=R2-1
Added Pin To Net: NetName=VPP Pin=U1-18
Added Net: Name=VPP
Added Class: Name=idro900ma
Added Room: Name=idro900ma
