Removed Pin From Net: NetName=+5V Pin=C2-2
Removed Pin From Net: NetName=+5V Pin=C6-1
Removed Pin From Net: NetName=+5V Pin=DS1-2
Removed Pin From Net: NetName=NetD4_1 Pin=J2-1
Removed Pin From Net: NetName=NetD4_1 Pin=J2-2
Removed Pin From Net: NetName=NetD4_1 Pin=J2-3
Removed Pin From Net: NetName=NetD4_1 Pin=J2-4
Removed Pin From Net: NetName=RL1 Pin=J3-7
Removed Pin From Net: NetName=MISO Pin=J4-2
Removed Pin From Net: NetName=+5V Pin=LS1-1
Removed Pin From Net: NetName=+5V Pin=R2-1
Removed Pin From Net: NetName=+5V Pin=R14-2
Removed Pin From Net: NetName=+5V Pin=U1-8
Removed Pin From Net: NetName=+5V Pin=U3-3
Removed Pin From Net: NetName=RL1 Pin=U4-31
Added Component: Designator=C?(CP2/4)
Added Component: Designator=C?(CP2/4)
Added Component: Designator=C?(CP2/4)
Added Component: Designator=C?(CP2/4)
Added Component: Designator=C?(CP2/4)
Added Component: Designator=C?(CP2/4)
Added Component: Designator=C?(CP2/4)
Added Component: Designator=C?(CP4/8.5)
Added Component: Designator=C?(CP4/8.5)
Added Component: Designator=D4(1n4148 smd)
Added Component: Designator=D?(D5A)
Added Component: Designator=D?(D5A)
Added Component: Designator=D?(D5A)
Added Component: Designator=HD1(HED2T)
Added Component: Designator=JP?(CON3)
Added Component: Designator=JP?(CON2)
Added Component: Designator=JP?(CON2)
Added Component: Designator=JP?(CON2)
Added Component: Designator=JP?(CON2)
Added Component: Designator=K2(RELAY SONGCHUAN 834)
Added Component: Designator=L?(Inductor200)
Added Component: Designator=Q4(SOT23B)
Added Component: Designator=Q?(QTO-220)
Added Component: Designator=R23(SM-0805)
Added Component: Designator=R23(SM-0805)
Added Component: Designator=R?(SM-0805)
Added Component: Designator=R?(SM-0805)
Added Component: Designator=R?(SM-0805)
Added Component: Designator=R?(SM-0805)
Added Component: Designator=R?(SM-0805)
Added Component: Designator=R?(SM-0805)
Added Component: Designator=U?(TO263-5)
Added Component: Designator=U?(DIODE BRIDGE(FLAT))
Added Pin To Net: NetName=+5V Pin=C?-1
Added Pin To Net: NetName=+5V Pin=C?-1
Added Pin To Net: NetName=+5V Pin=K2-1
Added Pin To Net: NetName=NetD4_1 Pin=K2-2
Added Pin To Net: NetName=+5V Pin=L?-2
Added Pin To Net: NetName=NetD4_1 Pin=Q4-2
Added Pin To Net: NetName=RL1 Pin=R23-1
Added Pin To Net: NetName=RL1 Pin=R23-1
Added Pin To Net: NetName=RL1 Pin=U4-27
Added Pin To Net: NetName=+5V Pin=U?-4
Added Pin To Net: NetName=24V-DC Pin=C19-1
Added Pin To Net: NetName=24V-DC Pin=C20-1
Added Pin To Net: NetName=24V-DC Pin=C21-1
Added Pin To Net: NetName=24V-DC Pin=C22-1
Added Pin To Net: NetName=24V-DC Pin=C?-1
Added Pin To Net: NetName=24V-DC Pin=C?-1
Added Pin To Net: NetName=24V-DC Pin=C?-1
Added Pin To Net: NetName=24V-DC Pin=C?-1
Added Pin To Net: NetName=24V-DC Pin=C?-2
Added Pin To Net: NetName=24V-DC Pin=C?-2
Added Pin To Net: NetName=24V-DC Pin=C?-2
Added Pin To Net: NetName=24V-DC Pin=C?-2
Added Pin To Net: NetName=24V-DC Pin=C?-2
Added Pin To Net: NetName=24V-DC Pin=C?-2
Added Pin To Net: NetName=24V-DC Pin=C?-2
Added Pin To Net: NetName=24V-DC Pin=C?-2
Added Pin To Net: NetName=24V-DC Pin=D4-1
Added Pin To Net: NetName=24V-DC Pin=HD1-2
Added Pin To Net: NetName=24V-DC Pin=J1-2
Added Pin To Net: NetName=24V-DC Pin=JP?-1
Added Pin To Net: NetName=24V-DC Pin=JP?-2
Added Pin To Net: NetName=24V-DC Pin=JP?-2
Added Pin To Net: NetName=24V-DC Pin=Q4-1
Added Pin To Net: NetName=24V-DC Pin=Q?-1
Added Pin To Net: NetName=24V-DC Pin=R?-1
Added Pin To Net: NetName=24V-DC Pin=R?-2
Added Pin To Net: NetName=24V-DC Pin=U4-3
Added Pin To Net: NetName=24V-DC Pin=U4-5
Added Pin To Net: NetName=24V-DC Pin=U4-21
Added Pin To Net: NetName=24V-DC Pin=U?-1
Added Pin To Net: NetName=24V-DC Pin=U?-3
Added Pin To Net: NetName=24V-DC Pin=U?-4
Added Net: Name=24V-DC
Added Pin To Net: NetName=AC_ON Pin=R?-1
Added Pin To Net: NetName=AC_ON Pin=R?-2
Added Pin To Net: NetName=AC_ON Pin=U4-23
Added Net: Name=AC_ON
Added Pin To Net: NetName=BAT Pin=C?-1
Added Pin To Net: NetName=BAT Pin=D?-1
Added Pin To Net: NetName=BAT Pin=R?-1
Added Pin To Net: NetName=BAT Pin=U4-24
Added Net: Name=BAT
Added Pin To Net: NetName=MOSI Pin=J1-6
Added Pin To Net: NetName=MOSI Pin=U4-15
Added Net: Name=MOSI
Added Pin To Net: NetName=NetC?_2 Pin=C?-2
Added Pin To Net: NetName=NetC?_2 Pin=JP?-1
Added Pin To Net: NetName=NetC?_2 Pin=R?-2
Added Pin To Net: NetName=NetC?_2 Pin=R?-2
Added Net: Name=NetC?_2
Added Pin To Net: NetName=NetD4_2 Pin=D4-2
Added Pin To Net: NetName=NetD4_2 Pin=L?-1
Added Pin To Net: NetName=NetD4_2 Pin=U?-2
Added Net: Name=NetD4_2
Added Pin To Net: NetName=NetD?_1 Pin=D?-1
Added Pin To Net: NetName=NetD?_1 Pin=K2-3
Added Pin To Net: NetName=NetD?_1 Pin=Q?-3
Added Net: Name=NetD?_1
Added Pin To Net: NetName=NetIC?_1 Pin=Q?-3
Added Pin To Net: NetName=NetIC?_1 Pin=R?-2
Added Net: Name=NetIC?_1
Added Pin To Net: NetName=NetJP?_1 Pin=JP?-1
Added Pin To Net: NetName=NetJP?_1 Pin=U?-2
Added Net: Name=NetJP?_1
Added Pin To Net: NetName=NetJP?_2 Pin=JP?-2
Added Pin To Net: NetName=NetJP?_2 Pin=U?-3
Added Net: Name=NetJP?_2
Added Pin To Net: NetName=NetQ4_3 Pin=Q4-3
Added Pin To Net: NetName=NetQ4_3 Pin=R23-2
Added Net: Name=NetQ4_3
Added Pin To Net: NetName=NetQ?_1 Pin=Q?-1
Added Pin To Net: NetName=NetQ?_1 Pin=R23-2
Added Net: Name=NetQ?_1
Added Pin To Net: NetName=NetQ?_2 Pin=Q?-2
Added Pin To Net: NetName=NetQ?_2 Pin=R?-1
Added Net: Name=NetQ?_2
Added Pin To Net: NetName=NetR?_1 Pin=R?-1
Added Pin To Net: NetName=NetR?_1 Pin=R?-2
Added Net: Name=NetR?_1
Added Pin To Net: NetName=SCK Pin=J1-4
Added Pin To Net: NetName=SCK Pin=U4-17
Added Net: Name=SCK
Added Pin To Net: NetName=V_BAT Pin=D?-2
Added Pin To Net: NetName=V_BAT Pin=HD1-1
Added Pin To Net: NetName=V_BAT Pin=JP?-2
Added Pin To Net: NetName=V_BAT Pin=K2-4
Added Pin To Net: NetName=V_BAT Pin=Q?-2
Added Net: Name=V_BAT
Added Pin To Net: NetName=V_IN Pin=C?-1
Added Pin To Net: NetName=V_IN Pin=C?-1
Added Pin To Net: NetName=V_IN Pin=D?-2
Added Pin To Net: NetName=V_IN Pin=D?-2
Added Pin To Net: NetName=V_IN Pin=U?-1
Added Net: Name=V_IN
Added Class: Name=mach_sac_acquy
Added Room: Name=mach_sac_acquy
