Added Component: Designator=C1(C0805)
Added Component: Designator=C2(C0805)
Added Component: Designator=MRF24J40Mx(MRF24J40MB)
Added Component: Designator=MRF_CON(HDR2X6)
Added Pin To Net: NetName=GND Pin=C1-1
Added Pin To Net: NetName=3.3VDC Pin=C1-2
Added Pin To Net: NetName=3.3VDC Pin=C2-1
Added Pin To Net: NetName=GND Pin=C2-2
Added Pin To Net: NetName=GND Pin=MRF24J40Mx-1
Added Pin To Net: NetName=RESET Pin=MRF24J40Mx-2
Added Pin To Net: NetName=WAKE Pin=MRF24J40Mx-3
Added Pin To Net: NetName=INT Pin=MRF24J40Mx-4
Added Pin To Net: NetName=SDI Pin=MRF24J40Mx-5
Added Pin To Net: NetName=SCK Pin=MRF24J40Mx-6
Added Pin To Net: NetName=SDO Pin=MRF24J40Mx-7
Added Pin To Net: NetName=CS Pin=MRF24J40Mx-8
Added Pin To Net: NetName=3.3VDC Pin=MRF24J40Mx-10
Added Pin To Net: NetName=GND Pin=MRF24J40Mx-11
Added Pin To Net: NetName=3.3VDC Pin=MRF_CON-1
Added Pin To Net: NetName=GND Pin=MRF_CON-2
Added Pin To Net: NetName=RESET Pin=MRF_CON-3
Added Pin To Net: NetName=CS Pin=MRF_CON-6
Added Pin To Net: NetName=SDI Pin=MRF_CON-7
Added Pin To Net: NetName=SDO Pin=MRF_CON-8
Added Pin To Net: NetName=SCK Pin=MRF_CON-9
Added Member To Class: ClassName=Sheet2 Member=Component C1 Cap
Added Member To Class: ClassName=Sheet2 Member=Component C2 Cap
Added Member To Class: ClassName=Sheet2 Member=Component MRF24J40Mx MRF24J40MB
Added Member To Class: ClassName=Sheet2 Member=Component MRF_CON Header 6X2
Added Room: Name=Sheet2
