Removed Pin From Net: NetName=GND Pin=C5-1
Removed Pin From Net: NetName=GND Pin=RstButton-1
Removed Member From Class: ClassName=Sheet1 Member=C11
Removed Member From Class: ClassName=Sheet1 Member=RstButton
Change Component Designator: OldDesignator=C3 NewDesignator=C2
Change Component Designator: OldDesignator=C6 NewDesignator=C3
Change Component Designator: OldDesignator=C7 NewDesignator=C4
Change Component Designator: OldDesignator=C8 NewDesignator=C5
Change Component Designator: OldDesignator=C9 NewDesignator=C6
Change Component Designator: OldDesignator=C10 NewDesignator=C7
Change Component Designator: OldDesignator=C11 NewDesignator=C8
Change Component Designator: OldDesignator=C12 NewDesignator=C9
Added Component: Designator=SW_RESET(SW4)
Added Pin To Net: NetName=GND Pin=SW_RESET-1
Added Pin To Net: NetName=GND Pin=SW_RESET-3
Change Net Name : Old Net Name=NetC9_1 New Net Name=NetC6_1
Added Pin To Net: NetName=NetR1_1 Pin=R1-1
Added Pin To Net: NetName=NetR1_1 Pin=R2-1
Added Pin To Net: NetName=NetR1_1 Pin=SW_RESET-2
Added Pin To Net: NetName=NetR1_1 Pin=SW_RESET-4
Added Net: Name=NetR1_1
Added Member To Class: ClassName=Sheet1 Member=Component SW_RESET SW
