Removed Pin From Net: NetName=U2TX/RP23 Pin=JP?-1
Removed Pin From Net: NetName=U2RX/RP24 Pin=JP?-2
Removed Pin From Net: NetName=NetMQ6_1 Pin=MQ6-1
Removed Pin From Net: NetName=RAINOUPUT Pin=MQ6-2
Change Component Footprint: Designator=R2 Old Footprint=C0805 New Footprint=HDR2X19H
Change Component Footprint: Designator=MQ6 Old Footprint=HDR1X2 New Footprint=CON2
Change Component Footprint: Designator=MQ6 Old Footprint=HDR1X2 New Footprint=CON2
Change Component Footprint: Designator=JP? Old Footprint=HDR1X3 New Footprint=CON3
Change Component Footprint: Designator=JP? Old Footprint=HDR1X3 New Footprint=CON3
Change Component Footprint: Designator=SHT Old Footprint=HDR1X4 New Footprint=CON4
Change Component Footprint: Designator=ICSP Old Footprint=HDR1X5 New Footprint=CON5
Change Component Footprint: Designator=DIODE1 Old Footprint=RAD-0.2 New Footprint=DIODE/POW/1A
Change Component Footprint: Designator=RstButton Old Footprint=RAD-0.2 New Footprint=SW-4P-S
Change Component Footprint: Designator=LM1117 Old Footprint=SOT223_L New Footprint=LM1117-SOP
Added Pin To Net: NetName=U1TX/RP25 Pin=JP?-1
Added Pin To Net: NetName=U2TX/RP23 Pin=JP?-1
Added Pin To Net: NetName=U1RX/RP22 Pin=JP?-2
Added Pin To Net: NetName=U2RX/RP24 Pin=JP?-2
Added Pin To Net: NetName=GND Pin=MQ6-1
Added Pin To Net: NetName=NetMQ6_1 Pin=MQ6-1
Added Pin To Net: NetName=CVREF+ Pin=MQ6-2
Added Pin To Net: NetName=RAINOUPUT Pin=MQ6-2
