*** Error 18 "C:\Users\Tuan\Desktop\Actor\code_ccs_full\setup_time_date\setup_time.c" Line 4(10,19): File can not be opened
    Not in "C:\Program Files\PICC\devices\delay.h"
    Not in "C:\Program Files\PICC\drivers\delay.h"
    Not in "C:\Users\Tuan\Desktop\Actor\code_ccs_full\setup_time_date\delay.h"
    Not in project "C:\Users\Tuan\Desktop\Actor\code_ccs_full\setup_time_date\delay.h"
*** Error 18 "C:\Users\Tuan\Desktop\Actor\code_ccs_full\setup_time_date\setup_time.c" Line 5(10,22): File can not be opened
    Not in "C:\Program Files\PICC\devices\fixedlcd.h"
    Not in "C:\Program Files\PICC\drivers\fixedlcd.h"
    Not in "C:\Users\Tuan\Desktop\Actor\code_ccs_full\setup_time_date\fixedlcd.h"
    Not in project "C:\Users\Tuan\Desktop\Actor\code_ccs_full\setup_time_date\fixedlcd.h"
*** Error 18 "C:\Users\Tuan\Desktop\Actor\code_ccs_full\setup_time_date\setup_time.c" Line 9(13,23): File can not be opened
    Not in "C:\Program Files\PICC\devices\ds1307.h"
    Not in "C:\Program Files\PICC\drivers\ds1307.h"
    Not in "C:\Users\Tuan\Desktop\Actor\code_ccs_full\setup_time_date\ds1307.h"
    Not in project "C:\Users\Tuan\Desktop\Actor\code_ccs_full\setup_time_date\ds1307.h"
*** Error 12 "C:\Users\Tuan\Desktop\Actor\code_ccs_full\setup_time_date\setup_time.c" Line 54(15,16): Undefined identifier  -- lcd_gotoxy
*** Error 12 "C:\Users\Tuan\Desktop\Actor\code_ccs_full\setup_time_date\setup_time.c" Line 55(16,17): Undefined identifier  -- lcd_putchar
*** Error 12 "C:\Users\Tuan\Desktop\Actor\code_ccs_full\setup_time_date\setup_time.c" Line 56(16,17): Undefined identifier  -- lcd_putchar
*** Error 12 "C:\Users\Tuan\Desktop\Actor\code_ccs_full\setup_time_date\setup_time.c" Line 65(15,16): Undefined identifier  -- lcd_gotoxy
*** Error 12 "C:\Users\Tuan\Desktop\Actor\code_ccs_full\setup_time_date\setup_time.c" Line 66(13,14): Undefined identifier  -- lcd_puts
*** Error 12 "C:\Users\Tuan\Desktop\Actor\code_ccs_full\setup_time_date\setup_time.c" Line 71(21,22): Undefined identifier  -- lcd_puts
*** Error 12 "C:\Users\Tuan\Desktop\Actor\code_ccs_full\setup_time_date\setup_time.c" Line 75(21,22): Undefined identifier  -- lcd_puts
*** Error 12 "C:\Users\Tuan\Desktop\Actor\code_ccs_full\setup_time_date\setup_time.c" Line 79(17,18): Undefined identifier  -- lcd_puts
*** Error 12 "C:\Users\Tuan\Desktop\Actor\code_ccs_full\setup_time_date\setup_time.c" Line 83(17,18): Undefined identifier  -- lcd_puts
*** Error 12 "C:\Users\Tuan\Desktop\Actor\code_ccs_full\setup_time_date\setup_time.c" Line 87(17,18): Undefined identifier  -- lcd_puts
*** Error 12 "C:\Users\Tuan\Desktop\Actor\code_ccs_full\setup_time_date\setup_time.c" Line 91(17,18): Undefined identifier  -- lcd_puts
*** Error 12 "C:\Users\Tuan\Desktop\Actor\code_ccs_full\setup_time_date\setup_time.c" Line 95(17,18): Undefined identifier  -- lcd_puts
*** Error 12 "C:\Users\Tuan\Desktop\Actor\code_ccs_full\setup_time_date\setup_time.c" Line 102(16,17): Undefined identifier  -- lcd_putchar
*** Error 12 "C:\Users\Tuan\Desktop\Actor\code_ccs_full\setup_time_date\setup_time.c" Line 104(16,17): Undefined identifier  -- lcd_putchar
*** Error 12 "C:\Users\Tuan\Desktop\Actor\code_ccs_full\setup_time_date\setup_time.c" Line 105(15,16): Undefined identifier  -- lcd_gotoxy
*** Error 12 "C:\Users\Tuan\Desktop\Actor\code_ccs_full\setup_time_date\setup_time.c" Line 106(13,14): Undefined identifier  -- lcd_puts
*** Error 12 "C:\Users\Tuan\Desktop\Actor\code_ccs_full\setup_time_date\setup_time.c" Line 116(15,16): Undefined identifier  -- lcd_gotoxy
*** Error 12 "C:\Users\Tuan\Desktop\Actor\code_ccs_full\setup_time_date\setup_time.c" Line 117(13,14): Undefined identifier  -- lcd_puts
*** Error 12 "C:\Users\Tuan\Desktop\Actor\code_ccs_full\setup_time_date\setup_time.c" Line 119(16,17): Undefined identifier  -- lcd_putchar
*** Error 12 "C:\Users\Tuan\Desktop\Actor\code_ccs_full\setup_time_date\setup_time.c" Line 121(16,17): Undefined identifier  -- lcd_putchar
*** Error 12 "C:\Users\Tuan\Desktop\Actor\code_ccs_full\setup_time_date\setup_time.c" Line 123(15,16): Undefined identifier  -- lcd_gotoxy
*** Error 12 "C:\Users\Tuan\Desktop\Actor\code_ccs_full\setup_time_date\setup_time.c" Line 124(13,14): Undefined identifier  -- lcd_puts
*** Error 12 "C:\Users\Tuan\Desktop\Actor\code_ccs_full\setup_time_date\setup_time.c" Line 131(16,17): Undefined identifier  -- lcd_putchar
*** Error 12 "C:\Users\Tuan\Desktop\Actor\code_ccs_full\setup_time_date\setup_time.c" Line 132(13,14): Undefined identifier  -- delay_us
*** Error 12 "C:\Users\Tuan\Desktop\Actor\code_ccs_full\setup_time_date\setup_time.c" Line 139(16,17): Undefined identifier  -- lcd_putchar
*** Error 12 "C:\Users\Tuan\Desktop\Actor\code_ccs_full\setup_time_date\setup_time.c" Line 140(13,14): Undefined identifier  -- delay_us
*** Error 12 "C:\Users\Tuan\Desktop\Actor\code_ccs_full\setup_time_date\setup_time.c" Line 157(27,28): Undefined identifier  -- lcd_gotoxy
*** Error 12 "C:\Users\Tuan\Desktop\Actor\code_ccs_full\setup_time_date\setup_time.c" Line 161(27,28): Undefined identifier  -- lcd_gotoxy
*** Error 12 "C:\Users\Tuan\Desktop\Actor\code_ccs_full\setup_time_date\setup_time.c" Line 165(27,28): Undefined identifier  -- lcd_gotoxy
*** Error 12 "C:\Users\Tuan\Desktop\Actor\code_ccs_full\setup_time_date\setup_time.c" Line 169(27,28): Undefined identifier  -- lcd_gotoxy
*** Error 12 "C:\Users\Tuan\Desktop\Actor\code_ccs_full\setup_time_date\setup_time.c" Line 173(27,28): Undefined identifier  -- lcd_gotoxy
*** Error 12 "C:\Users\Tuan\Desktop\Actor\code_ccs_full\setup_time_date\setup_time.c" Line 177(27,28): Undefined identifier  -- lcd_gotoxy
*** Error 12 "C:\Users\Tuan\Desktop\Actor\code_ccs_full\setup_time_date\setup_time.c" Line 181(27,28): Undefined identifier  -- lcd_gotoxy
*** Error 12 "C:\Users\Tuan\Desktop\Actor\code_ccs_full\setup_time_date\setup_time.c" Line 198(20,21): Undefined identifier   PIND
*** Error 12 "C:\Users\Tuan\Desktop\Actor\code_ccs_full\setup_time_date\setup_time.c" Line 200(20,21): Undefined identifier   PORTC
*** Error 12 "C:\Users\Tuan\Desktop\Actor\code_ccs_full\setup_time_date\setup_time.c" Line 201(21,22): Undefined identifier  -- delay_ms
*** Error 12 "C:\Users\Tuan\Desktop\Actor\code_ccs_full\setup_time_date\setup_time.c" Line 202(20,21): Undefined identifier   PORTC
*** Error 12 "C:\Users\Tuan\Desktop\Actor\code_ccs_full\setup_time_date\setup_time.c" Line 203(21,22): Undefined identifier  -- delay_ms
*** Error 12 "C:\Users\Tuan\Desktop\Actor\code_ccs_full\setup_time_date\setup_time.c" Line 206(27,28): Undefined identifier   PIND
*** Error 12 "C:\Users\Tuan\Desktop\Actor\code_ccs_full\setup_time_date\setup_time.c" Line 242(22,23): Undefined identifier   PINC
*** Error 12 "C:\Users\Tuan\Desktop\Actor\code_ccs_full\setup_time_date\setup_time.c" Line 246(20,21): Undefined identifier   PORTC
*** Error 12 "C:\Users\Tuan\Desktop\Actor\code_ccs_full\setup_time_date\setup_time.c" Line 247(21,22): Undefined identifier  -- delay_ms
*** Error 12 "C:\Users\Tuan\Desktop\Actor\code_ccs_full\setup_time_date\setup_time.c" Line 248(20,21): Undefined identifier   PORTC
*** Error 12 "C:\Users\Tuan\Desktop\Actor\code_ccs_full\setup_time_date\setup_time.c" Line 249(21,22): Undefined identifier  -- delay_ms
*** Error 12 "C:\Users\Tuan\Desktop\Actor\code_ccs_full\setup_time_date\setup_time.c" Line 252(24,25): Undefined identifier   PIND
*** Error 12 "C:\Users\Tuan\Desktop\Actor\code_ccs_full\setup_time_date\setup_time.c" Line 256(20,21): Undefined identifier   PORTC
*** Error 12 "C:\Users\Tuan\Desktop\Actor\code_ccs_full\setup_time_date\setup_time.c" Line 257(21,22): Undefined identifier  -- delay_ms
*** Error 12 "C:\Users\Tuan\Desktop\Actor\code_ccs_full\setup_time_date\setup_time.c" Line 258(20,21): Undefined identifier   PORTC
*** Error 12 "C:\Users\Tuan\Desktop\Actor\code_ccs_full\setup_time_date\setup_time.c" Line 259(21,22): Undefined identifier  -- delay_ms
*** Error 12 "C:\Users\Tuan\Desktop\Actor\code_ccs_full\setup_time_date\setup_time.c" Line 262(19,20): Undefined identifier   PIND
*** Error 12 "C:\Users\Tuan\Desktop\Actor\code_ccs_full\setup_time_date\setup_time.c" Line 264(20,21): Undefined identifier   PORTC
*** Error 12 "C:\Users\Tuan\Desktop\Actor\code_ccs_full\setup_time_date\setup_time.c" Line 265(21,22): Undefined identifier  -- delay_ms
*** Error 12 "C:\Users\Tuan\Desktop\Actor\code_ccs_full\setup_time_date\setup_time.c" Line 266(20,21): Undefined identifier   PORTC
*** Error 12 "C:\Users\Tuan\Desktop\Actor\code_ccs_full\setup_time_date\setup_time.c" Line 267(21,22): Undefined identifier  -- delay_ms
*** Error 12 "C:\Users\Tuan\Desktop\Actor\code_ccs_full\setup_time_date\setup_time.c" Line 268(27,28): Undefined identifier   PIND
*** Error 12 "C:\Users\Tuan\Desktop\Actor\code_ccs_full\setup_time_date\setup_time.c" Line 278(27,28): Undefined identifier  -- lcd_gotoxy
*** Error 12 "C:\Users\Tuan\Desktop\Actor\code_ccs_full\setup_time_date\setup_time.c" Line 279(25,26): Undefined identifier  -- lcd_puts
*** Error 12 "C:\Users\Tuan\Desktop\Actor\code_ccs_full\setup_time_date\setup_time.c" Line 286(27,28): Undefined identifier  -- lcd_gotoxy
*** Error 12 "C:\Users\Tuan\Desktop\Actor\code_ccs_full\setup_time_date\setup_time.c" Line 287(25,26): Undefined identifier  -- lcd_puts
*** Error 12 "C:\Users\Tuan\Desktop\Actor\code_ccs_full\setup_time_date\setup_time.c" Line 288(25,26): Undefined identifier  -- rtc_set_time
*** Error 12 "C:\Users\Tuan\Desktop\Actor\code_ccs_full\setup_time_date\setup_time.c" Line 289(29,30): Undefined identifier  -- rtc_set_date
*** Error 12 "C:\Users\Tuan\Desktop\Actor\code_ccs_full\setup_time_date\setup_time.c" Line 329(31,32): Undefined identifier  -- lcd_gotoxy
*** Error 12 "C:\Users\Tuan\Desktop\Actor\code_ccs_full\setup_time_date\setup_time.c" Line 339(31,32): Undefined identifier  -- lcd_gotoxy
*** Error 12 "C:\Users\Tuan\Desktop\Actor\code_ccs_full\setup_time_date\setup_time.c" Line 349(31,32): Undefined identifier  -- lcd_gotoxy
*** Error 12 "C:\Users\Tuan\Desktop\Actor\code_ccs_full\setup_time_date\setup_time.c" Line 359(31,32): Undefined identifier  -- lcd_gotoxy
*** Error 12 "C:\Users\Tuan\Desktop\Actor\code_ccs_full\setup_time_date\setup_time.c" Line 369(31,32): Undefined identifier  -- lcd_gotoxy
*** Error 12 "C:\Users\Tuan\Desktop\Actor\code_ccs_full\setup_time_date\setup_time.c" Line 379(31,32): Undefined identifier  -- lcd_gotoxy
*** Error 12 "C:\Users\Tuan\Desktop\Actor\code_ccs_full\setup_time_date\setup_time.c" Line 389(31,32): Undefined identifier  -- lcd_gotoxy
*** Error 12 "C:\Users\Tuan\Desktop\Actor\code_ccs_full\setup_time_date\setup_time.c" Line 411(19,20): Undefined identifier  -- lcd_gotoxy
*** Error 12 "C:\Users\Tuan\Desktop\Actor\code_ccs_full\setup_time_date\setup_time.c" Line 412(17,18): Undefined identifier  -- lcd_puts
*** Error 12 "C:\Users\Tuan\Desktop\Actor\code_ccs_full\setup_time_date\setup_time.c" Line 413(19,20): Undefined identifier  -- lcd_gotoxy
*** Error 12 "C:\Users\Tuan\Desktop\Actor\code_ccs_full\setup_time_date\setup_time.c" Line 414(17,18): Undefined identifier  -- lcd_puts
*** Error 12 "C:\Users\Tuan\Desktop\Actor\code_ccs_full\setup_time_date\setup_time.c" Line 417(17,18): Undefined identifier  -- lcd_puts
*** Error 12 "C:\Users\Tuan\Desktop\Actor\code_ccs_full\setup_time_date\setup_time.c" Line 419(17,18): Undefined identifier  -- lcd_puts
*** Error 12 "C:\Users\Tuan\Desktop\Actor\code_ccs_full\setup_time_date\setup_time.c" Line 425(16,17): Undefined identifier   PIND
*** Error 12 "C:\Users\Tuan\Desktop\Actor\code_ccs_full\setup_time_date\setup_time.c" Line 428(16,17): Undefined identifier   PORTC
*** Error 12 "C:\Users\Tuan\Desktop\Actor\code_ccs_full\setup_time_date\setup_time.c" Line 429(17,18): Undefined identifier  -- delay_ms
*** Error 12 "C:\Users\Tuan\Desktop\Actor\code_ccs_full\setup_time_date\setup_time.c" Line 430(16,17): Undefined identifier   PORTC
*** Error 12 "C:\Users\Tuan\Desktop\Actor\code_ccs_full\setup_time_date\setup_time.c" Line 431(17,18): Undefined identifier  -- delay_ms
*** Error 12 "C:\Users\Tuan\Desktop\Actor\code_ccs_full\setup_time_date\setup_time.c" Line 432(9,21): Undefined identifier   set_flagtiet
*** Error 12 "C:\Users\Tuan\Desktop\Actor\code_ccs_full\setup_time_date\setup_time.c" Line 433(12,24): Undefined identifier   set_flagtiet
*** Error 12 "C:\Users\Tuan\Desktop\Actor\code_ccs_full\setup_time_date\setup_time.c" Line 434(12,24): Undefined identifier   set_flagtiet
*** Error 12 "C:\Users\Tuan\Desktop\Actor\code_ccs_full\setup_time_date\setup_time.c" Line 436(23,24): Undefined identifier  -- lcd_gotoxy
*** Error 12 "C:\Users\Tuan\Desktop\Actor\code_ccs_full\setup_time_date\setup_time.c" Line 437(21,22): Undefined identifier  -- lcd_puts
*** Error 12 "C:\Users\Tuan\Desktop\Actor\code_ccs_full\setup_time_date\setup_time.c" Line 441(12,24): Undefined identifier   set_flagtiet
*** Error 51 "C:\Users\Tuan\Desktop\Actor\code_ccs_full\setup_time_date\setup_time.c" Line 443(9,13): A numeric expression must appear here
*** Error 12 "C:\Users\Tuan\Desktop\Actor\code_ccs_full\setup_time_date\setup_time.c" Line 445(23,24): Undefined identifier  -- lcd_gotoxy
*** Error 12 "C:\Users\Tuan\Desktop\Actor\code_ccs_full\setup_time_date\setup_time.c" Line 447(21,22): Undefined identifier  -- delay_ms
*** Error 12 "C:\Users\Tuan\Desktop\Actor\code_ccs_full\setup_time_date\setup_time.c" Line 448(23,24): Undefined identifier  -- lcd_gotoxy
*** Error 12 "C:\Users\Tuan\Desktop\Actor\code_ccs_full\setup_time_date\setup_time.c" Line 449(16,22): Undefined identifier   enable
*** Error 51 "C:\Users\Tuan\Desktop\Actor\code_ccs_full\setup_time_date\setup_time.c" Line 451(13,17): A numeric expression must appear here
*** Error 12 "C:\Users\Tuan\Desktop\Actor\code_ccs_full\setup_time_date\setup_time.c" Line 453(23,24): Undefined identifier   PINC
*** Error 12 "C:\Users\Tuan\Desktop\Actor\code_ccs_full\setup_time_date\setup_time.c" Line 456(24,25): Undefined identifier   PORTC
*** Error 12 "C:\Users\Tuan\Desktop\Actor\code_ccs_full\setup_time_date\setup_time.c" Line 457(25,26): Undefined identifier  -- delay_ms
*** Error 12 "C:\Users\Tuan\Desktop\Actor\code_ccs_full\setup_time_date\setup_time.c" Line 458(24,25): Undefined identifier   PORTC
*** Error 12 "C:\Users\Tuan\Desktop\Actor\code_ccs_full\setup_time_date\setup_time.c" Line 459(25,26): Undefined identifier  -- delay_ms
*** Error 12 "C:\Users\Tuan\Desktop\Actor\code_ccs_full\setup_time_date\setup_time.c" Line 460(17,25): Undefined identifier   STT_tiet
*** "C:\Users\Tuan\Desktop\Actor\code_ccs_full\setup_time_date\setup_time.c" Line 461: Error #12: Undefined identifier   STT_tiet
      230 Errors,  0 Warnings.
