Removed Pin From Net: NetName=RL2 Pin=K2-2
Removed Pin From Net: NetName=RL3 Pin=K4-2
Removed Pin From Net: NetName=RL4 Pin=K5-2
Removed Pin From Net: NetName=RL5 Pin=K6-2
Removed Pin From Net: NetName=RL7 Pin=K8-2
Removed Pin From Net: NetName=RL6 Pin=K9-1
Added Component: Designator=Q?(SOT23B)
Added Component: Designator=Q?(SOT23B)
Added Component: Designator=Q?(SOT23B)
Added Component: Designator=Q?(SOT23B)
Added Component: Designator=Q?(SOT23B)
Added Component: Designator=Q?(SOT23B)
Added Pin To Net: NetName=12V Pin=K8-1
Added Pin To Net: NetName=GND Pin=Q?-1
Added Pin To Net: NetName=GND Pin=Q?-1
Added Pin To Net: NetName=GND Pin=Q?-1
Added Pin To Net: NetName=GND Pin=Q?-1
Added Pin To Net: NetName=GND Pin=Q?-1
Added Pin To Net: NetName=GND Pin=Q?-1
Added Pin To Net: NetName=RL2 Pin=Q?-3
Added Pin To Net: NetName=RL3 Pin=Q?-3
Added Pin To Net: NetName=RL4 Pin=Q?-3
Added Pin To Net: NetName=RL5 Pin=Q?-3
Added Pin To Net: NetName=RL6 Pin=Q?-3
Added Pin To Net: NetName=RL7 Pin=Q?-3
Added Pin To Net: NetName=NetK2_2 Pin=K2-2
Added Pin To Net: NetName=NetK2_2 Pin=Q?-2
Added Net: Name=NetK2_2
Added Pin To Net: NetName=NetK4_2 Pin=K4-2
Added Pin To Net: NetName=NetK4_2 Pin=Q?-2
Added Net: Name=NetK4_2
Added Pin To Net: NetName=NetK5_2 Pin=K5-2
Added Pin To Net: NetName=NetK5_2 Pin=Q?-2
Added Net: Name=NetK5_2
Added Pin To Net: NetName=NetK6_2 Pin=K6-2
Added Pin To Net: NetName=NetK6_2 Pin=Q?-2
Added Net: Name=NetK6_2
Added Pin To Net: NetName=NetK8_2 Pin=K8-2
Added Pin To Net: NetName=NetK8_2 Pin=Q?-2
Added Net: Name=NetK8_2
Added Pin To Net: NetName=NetK9_1 Pin=K9-1
Added Pin To Net: NetName=NetK9_1 Pin=Q?-2
Added Net: Name=NetK9_1
Added Member To Class: ClassName=Sheet1 Member=Component Q? C1815
