Removed Pin From Net: NetName=RL7 Pin=Q?-3
Change Component Designator: OldDesignator=Q? NewDesignator=Q3
Change Component Designator: OldDesignator=Q? NewDesignator=Q4
Change Component Designator: OldDesignator=Q? NewDesignator=Q5
Change Component Designator: OldDesignator=Q? NewDesignator=Q6
Change Component Designator: OldDesignator=Q? NewDesignator=Q7
Change Component Designator: OldDesignator=Q? NewDesignator=Q8
Added Component: Designator=D6(1n4148 smd)
Added Pin To Net: NetName=NetD6_1 Pin=D6-1
Added Pin To Net: NetName=12V Pin=D6-2
Added Pin To Net: NetName=GND Pin=Q3-1
Added Pin To Net: NetName=NetK2_2 Pin=Q3-2
Added Pin To Net: NetName=RL2 Pin=Q3-3
Added Pin To Net: NetName=GND Pin=Q4-1
Added Pin To Net: NetName=NetK4_2 Pin=Q4-2
Added Pin To Net: NetName=RL3 Pin=Q4-3
Added Pin To Net: NetName=GND Pin=Q5-1
Added Pin To Net: NetName=NetK5_2 Pin=Q5-2
Added Pin To Net: NetName=RL4 Pin=Q5-3
Added Pin To Net: NetName=GND Pin=Q6-1
Added Pin To Net: NetName=NetK6_2 Pin=Q6-2
Added Pin To Net: NetName=RL5 Pin=Q6-3
Added Pin To Net: NetName=RL6 Pin=Q7-3
Added Pin To Net: NetName=GND Pin=Q8-1
Added Pin To Net: NetName=NetK8_2 Pin=Q8-2
Added Pin To Net: NetName=RL7 Pin=Q8-3
Added Member To Class: ClassName=Sheet1 Member=Component D6 1N4148
Added Member To Class: ClassName=Sheet1 Member=Component Q3 C1815
Added Member To Class: ClassName=Sheet1 Member=Component Q4 C1815
Added Member To Class: ClassName=Sheet1 Member=Component Q5 C1815
Added Member To Class: ClassName=Sheet1 Member=Component Q7 C1815
Added Member To Class: ClassName=Sheet1 Member=Component Q8 C1815
