Removed Pin From Net: NetName=NetJP4_1 Pin=JP4-1
Removed Pin From Net: NetName=NetJP4_2 Pin=JP4-2
Removed Pin From Net: NetName=GND Pin=K1-4
Removed Pin From Net: NetName=GND Pin=K4-4
Removed Pin From Net: NetName=GND Pin=K6-4
Removed Pin From Net: NetName=RL1 Pin=K9-3
Removed Pin From Net: NetName=BAT Pin=R5-1
Removed Pin From Net: NetName=NetIC1_1 Pin=R5-2
Removed Pin From Net: NetName=NetQ1_2 Pin=R7-1
Removed Pin From Net: NetName=NetC3_2 Pin=R7-2
Removed Pin From Net: NetName=GND Pin=R10-1
Removed Pin From Net: NetName=NetR10_2 Pin=R10-2
Removed Pin From Net: NetName=NetR10_2 Pin=R11-1
Removed Pin From Net: NetName=NetC3_2 Pin=R11-2
Change Component Footprint: Designator=JP6 Old Footprint=CON2 New Footprint=HED2T
Added Component: Designator=JP4(CON2)
Added Component: Designator=JP7(HED2T)
Added Component: Designator=JP8(HED2T)
Added Component: Designator=JP9(HED2T)
Added Component: Designator=JP10(HED2T)
Added Component: Designator=JP11(HED2T)
Added Component: Designator=JP12(HED2T)
Added Component: Designator=JP13(HED2T)
Added Component: Designator=R5(SM-0805)
Added Component: Designator=R7(SM-0805)
Added Component: Designator=R10(R2W)
Added Component: Designator=R11(R2W)
Added Pin To Net: NetName=NetJP4_1 Pin=JP4-1
Added Pin To Net: NetName=NetJP4_2 Pin=JP4-2
Added Pin To Net: NetName=RL1 Pin=JP13-2
Added Pin To Net: NetName=BAT Pin=R5-1
Added Pin To Net: NetName=NetIC1_1 Pin=R5-2
Added Pin To Net: NetName=NetQ1_2 Pin=R7-1
Added Pin To Net: NetName=NetC3_2 Pin=R7-2
Added Pin To Net: NetName=GND Pin=R10-1
Added Pin To Net: NetName=NetR10_2 Pin=R10-2
Added Pin To Net: NetName=NetR10_2 Pin=R11-1
Added Pin To Net: NetName=NetC3_2 Pin=R11-2
Change Net Name : Old Net Name=RL1 New Net Name=L
Added Pin To Net: NetName=NetJP6_2 Pin=JP6-2
Added Pin To Net: NetName=NetJP6_2 Pin=K1-4
Added Net: Name=NetJP6_2
Added Pin To Net: NetName=NetJP7_2 Pin=JP7-2
Added Pin To Net: NetName=NetJP7_2 Pin=K2-4
Added Net: Name=NetJP7_2
Added Pin To Net: NetName=NetJP8_2 Pin=JP8-2
Added Pin To Net: NetName=NetJP8_2 Pin=K4-4
Added Net: Name=NetJP8_2
Added Pin To Net: NetName=NetJP9_2 Pin=JP9-2
Added Pin To Net: NetName=NetJP9_2 Pin=K5-4
Added Net: Name=NetJP9_2
Added Pin To Net: NetName=NetJP10_2 Pin=JP10-2
Added Pin To Net: NetName=NetJP10_2 Pin=K6-4
Added Net: Name=NetJP10_2
Added Pin To Net: NetName=NetJP11_2 Pin=JP11-2
Added Pin To Net: NetName=NetJP11_2 Pin=K7-4
Added Net: Name=NetJP11_2
Added Pin To Net: NetName=NetJP12_2 Pin=JP12-2
Added Pin To Net: NetName=NetJP12_2 Pin=K8-4
Added Net: Name=NetJP12_2
Added Pin To Net: NetName=N Pin=JP6-1
Added Pin To Net: NetName=N Pin=JP7-1
Added Pin To Net: NetName=N Pin=JP8-1
Added Pin To Net: NetName=N Pin=JP9-1
Added Pin To Net: NetName=N Pin=JP10-1
Added Pin To Net: NetName=N Pin=JP11-1
Added Pin To Net: NetName=N Pin=JP12-1
Added Pin To Net: NetName=N Pin=JP13-1
Added Net: Name=N
Added Pin To Net: NetName=RL1 Pin=K9-3
Added Net: Name=RL1
Added Member To Class: ClassName=Sheet1 Member=Component JP4 Connector 2
Added Member To Class: ClassName=Sheet1 Member=Component JP7 Connector 2
Added Member To Class: ClassName=Sheet1 Member=Component JP8 Connector 2
Added Member To Class: ClassName=Sheet1 Member=Component JP9 Connector 2
Added Member To Class: ClassName=Sheet1 Member=Component JP10 Connector 2
Added Member To Class: ClassName=Sheet1 Member=Component JP11 Connector 2
Added Member To Class: ClassName=Sheet1 Member=Component JP12 Connector 2
Added Member To Class: ClassName=Sheet1 Member=Component JP13 Connector 2
