Added Component: Designator=C1(CP2/4)
Added Component: Designator=C2(CP2/4)
Added Component: Designator=C3(CP2/4)
Added Component: Designator=C8(CP4/8.5)
Added Component: Designator=C9(CP4/8.5)
Added Component: Designator=D1(D5A)
Added Component: Designator=JP1(CON2)
Added Component: Designator=JP3(CON2)
Added Component: Designator=JP4(CON2)
Added Component: Designator=JP(CON2)
Added Component: Designator=R1(SM-0805)
Added Component: Designator=R2(SM-0805)
Added Component: Designator=R3(R2W)
Added Component: Designator=R4(R2W)
Added Component: Designator=U2(DIODE BRIDGE(FLAT))
Added Pin To Net: NetName=24V-DC Pin=C1-1
Added Pin To Net: NetName=24V-DC Pin=C2-1
Added Pin To Net: NetName=24V-DC Pin=C8-1
Added Pin To Net: NetName=24V-DC Pin=C9-1
Added Pin To Net: NetName=24V-DC Pin=JP4-2
Added Pin To Net: NetName=24V-DC Pin=U2-1
Added Net: Name=24V-DC
Added Pin To Net: NetName=BAT Pin=C3-1
Added Pin To Net: NetName=BAT Pin=D1-1
Added Pin To Net: NetName=BAT Pin=R1-1
Added Net: Name=BAT
Added Pin To Net: NetName=GND Pin=C1-2
Added Pin To Net: NetName=GND Pin=C2-2
Added Pin To Net: NetName=GND Pin=C8-2
Added Pin To Net: NetName=GND Pin=C9-2
Added Pin To Net: NetName=GND Pin=JP4-1
Added Pin To Net: NetName=GND Pin=JP-1
Added Pin To Net: NetName=GND Pin=R3-1
Added Pin To Net: NetName=GND Pin=U2-4
Added Net: Name=GND
Added Pin To Net: NetName=NetC3_2 Pin=C3-2
Added Pin To Net: NetName=NetC3_2 Pin=JP1-1
Added Pin To Net: NetName=NetC3_2 Pin=R2-2
Added Pin To Net: NetName=NetC3_2 Pin=R4-2
Added Net: Name=NetC3_2
Added Pin To Net: NetName=NetIC1_1 Pin=R1-2
Added Net: Name=NetIC1_1
Added Pin To Net: NetName=NetJP3_1 Pin=JP3-1
Added Pin To Net: NetName=NetJP3_1 Pin=U2-2
Added Net: Name=NetJP3_1
Added Pin To Net: NetName=NetJP3_2 Pin=JP3-2
Added Pin To Net: NetName=NetJP3_2 Pin=U2-3
Added Net: Name=NetJP3_2
Added Pin To Net: NetName=NetQ1_2 Pin=R2-1
Added Net: Name=NetQ1_2
Added Pin To Net: NetName=NetR3_2 Pin=R3-2
Added Pin To Net: NetName=NetR3_2 Pin=R4-1
Added Net: Name=NetR3_2
Added Pin To Net: NetName=V_BAT Pin=D1-2
Added Pin To Net: NetName=V_BAT Pin=JP1-2
Added Pin To Net: NetName=V_BAT Pin=JP-2
Added Net: Name=V_BAT
Added Class: Name=Sheet1
Added Room: Name=Sheet1
