Removed Pin From Net: NetName=NetJP4_1 Pin=JP4-1
Removed Pin From Net: NetName=NetJP4_2 Pin=JP4-2
Added Component: Designator=IC1(QTO-220)
Added Component: Designator=JP4(CON2)
Added Component: Designator=Q1(QTO-92)
Added Component: Designator=VR1(VR)
Added Pin To Net: NetName=NetIC1_1 Pin=IC1-1
Added Pin To Net: NetName=BAT Pin=IC1-2
Added Pin To Net: NetName=24V-DC Pin=IC1-3
Added Pin To Net: NetName=NetJP4_1 Pin=JP4-1
Added Pin To Net: NetName=NetJP4_2 Pin=JP4-2
Added Pin To Net: NetName=GND Pin=Q1-1
Added Pin To Net: NetName=NetQ1_2 Pin=Q1-2
Added Pin To Net: NetName=NetIC1_1 Pin=Q1-3
Added Pin To Net: NetName=NetC3_2 Pin=VR1-2
Added Pin To Net: NetName=NetIC1_1 Pin=VR1-3
Added Member To Class: ClassName=Sheet1 Member=Component IC1 LM317
Added Member To Class: ClassName=Sheet1 Member=Component JP4 Connector 2
Added Member To Class: ClassName=Sheet1 Member=Component Q1 C9014
Added Member To Class: ClassName=Sheet1 Member=Component VR1 10K
Added Room: Name=Sheet1
