Added Component: Designator=C1(CN1)
Added Component: Designator=C2(CN1)
Added Component: Designator=C3(CN1)
Added Component: Designator=C4(CP1.5/2.5)
Added Component: Designator=C5(CN1)
Added Component: Designator=C6(CP1/2)
Added Component: Designator=C7(CN1)
Added Component: Designator=C8(CN1)
Added Component: Designator=D1(D2A)
Added Component: Designator=D2(D2A)
Added Component: Designator=D3(D2A)
Added Component: Designator=D4(LED-5TRED)
Added Component: Designator=D5(D2A)
Added Component: Designator=D6(LED-5TRED)
Added Component: Designator=D7(D2A)
Added Component: Designator=D8(D2A)
Added Component: Designator=D9(LED-5TRED)
Added Component: Designator=D10(D2A)
Added Component: Designator=D11(LED-5TRED)
Added Component: Designator=D12(D2A)
Added Component: Designator=D13(LED-5TRED)
Added Component: Designator=D14(D2A)
Added Component: Designator=D15(LED-5TRED)
Added Component: Designator=D16(LED-5TRED)
Added Component: Designator=D17(D2A)
Added Component: Designator=D18(D2A)
Added Component: Designator=OptoA(DIP4/W0.3)
Added Component: Designator=OptoB(DIP4/W0.3)
Added Component: Designator=OptoC(DIP4/W0.3)
Added Component: Designator=OptoD(DIP4/W0.3)
Added Component: Designator=OptoE(DIP4/W0.3)
Added Component: Designator=OptoPump(DIP4/W0.3)
Added Component: Designator=P3(JP5)
Added Component: Designator=P4(JP3)
Added Component: Designator=P5(JP3)
Added Component: Designator=P8(DC-IN)
Added Component: Designator=P9(JP3)
Added Component: Designator=Pump_CON(CON2)
Added Component: Designator=Q1(QTO-92)
Added Component: Designator=Q2(QTO-92)
Added Component: Designator=Q3(QTO-92)
Added Component: Designator=Q4(QTO-92)
Added Component: Designator=Q5(QTO-92)
Added Component: Designator=Q6(QTO-92)
Added Component: Designator=R1(R1/4W)
Added Component: Designator=R2(R1/4W)
Added Component: Designator=R3(R1/4W)
Added Component: Designator=R4(R1/4W)
Added Component: Designator=R5(R1/4W)
Added Component: Designator=R6(R1/4W)
Added Component: Designator=R7(R1/4W)
Added Component: Designator=R8(R1/4W)
Added Component: Designator=R9(R1/4W)
Added Component: Designator=R10(R1/4W)
Added Component: Designator=R11(R1/4W)
Added Component: Designator=R12(R1/4W)
Added Component: Designator=R13(R1/4W)
Added Component: Designator=R14(R1/4W)
Added Component: Designator=RelayA(RL_SPDT_10A)
Added Component: Designator=RelayB(RL_SPDT_10A)
Added Component: Designator=RelayC(RL_SPDT_10A)
Added Component: Designator=RelayD(RL_SPDT_10A)
Added Component: Designator=RelayE(RL_SPDT_10A)
Added Component: Designator=S1(SW2)
Added Component: Designator=U1(SOP_28M_127)
Added Component: Designator=ValA_CON(CON2)
Added Component: Designator=ValB_CON(CON2)
Added Component: Designator=ValC_CON(CON2)
Added Component: Designator=ValD_CON(CON2)
Added Component: Designator=ValE_CON(CON2)
Added Component: Designator=Y1(XT2)
Added Pin To Net: NetName=3V Pin=C1-1
Added Pin To Net: NetName=3V Pin=C8-1
Added Pin To Net: NetName=3V Pin=P3-2
Added Pin To Net: NetName=3V Pin=P9-2
Added Pin To Net: NetName=3V Pin=R5-2
Added Pin To Net: NetName=3V Pin=R9-1
Added Pin To Net: NetName=3V Pin=U1-20
Added Net: Name=3V
Added Pin To Net: NetName=12V Pin=C4-1
Added Pin To Net: NetName=12V Pin=C5-1
Added Pin To Net: NetName=12V Pin=D1-1
Added Pin To Net: NetName=12V Pin=D2-1
Added Pin To Net: NetName=12V Pin=D3-2
Added Pin To Net: NetName=12V Pin=D5-2
Added Pin To Net: NetName=12V Pin=D7-1
Added Pin To Net: NetName=12V Pin=D10-2
Added Pin To Net: NetName=12V Pin=D12-1
Added Pin To Net: NetName=12V Pin=D14-1
Added Pin To Net: NetName=12V Pin=D17-2
Added Pin To Net: NetName=12V Pin=D18-2
Added Pin To Net: NetName=12V Pin=OptoA-4
Added Pin To Net: NetName=12V Pin=OptoB-4
Added Pin To Net: NetName=12V Pin=OptoC-4
Added Pin To Net: NetName=12V Pin=OptoD-4
Added Pin To Net: NetName=12V Pin=OptoE-4
Added Pin To Net: NetName=12V Pin=OptoPump-4
Added Pin To Net: NetName=12V Pin=P5-1
Added Pin To Net: NetName=12V Pin=P8-2
Added Pin To Net: NetName=12V Pin=Pump_CON-1
Added Pin To Net: NetName=12V Pin=Q1-3
Added Pin To Net: NetName=12V Pin=Q2-3
Added Pin To Net: NetName=12V Pin=Q4-3
Added Pin To Net: NetName=12V Pin=Q5-3
Added Pin To Net: NetName=12V Pin=Q6-3
Added Pin To Net: NetName=12V Pin=R14-1
Added Pin To Net: NetName=12V Pin=RelayA-4
Added Pin To Net: NetName=12V Pin=RelayB-4
Added Pin To Net: NetName=12V Pin=RelayC-4
Added Pin To Net: NetName=12V Pin=RelayD-4
Added Net: Name=12V
Added Pin To Net: NetName=GND Pin=C1-2
Added Pin To Net: NetName=GND Pin=C2-2
Added Pin To Net: NetName=GND Pin=C3-2
Added Pin To Net: NetName=GND Pin=C4-2
Added Pin To Net: NetName=GND Pin=C5-2
Added Pin To Net: NetName=GND Pin=C6-2
Added Pin To Net: NetName=GND Pin=C7-2
Added Pin To Net: NetName=GND Pin=C8-2
Added Pin To Net: NetName=GND Pin=D13-2
Added Pin To Net: NetName=GND Pin=OptoA-2
Added Pin To Net: NetName=GND Pin=OptoB-2
Added Pin To Net: NetName=GND Pin=OptoC-2
Added Pin To Net: NetName=GND Pin=OptoD-2
Added Pin To Net: NetName=GND Pin=OptoE-2
Added Pin To Net: NetName=GND Pin=OptoPump-2
Added Pin To Net: NetName=GND Pin=P3-3
Added Pin To Net: NetName=GND Pin=P4-1
Added Pin To Net: NetName=GND Pin=P5-2
Added Pin To Net: NetName=GND Pin=P8-1
Added Pin To Net: NetName=GND Pin=P9-1
Added Pin To Net: NetName=GND Pin=RelayA-3
Added Pin To Net: NetName=GND Pin=RelayB-3
Added Pin To Net: NetName=GND Pin=RelayC-3
Added Pin To Net: NetName=GND Pin=RelayD-3
Added Pin To Net: NetName=GND Pin=RelayE-3
Added Pin To Net: NetName=GND Pin=S1-1
Added Pin To Net: NetName=GND Pin=U1-8
Added Pin To Net: NetName=GND Pin=U1-19
Added Net: Name=GND
Added Pin To Net: NetName=MOTO Pin=OptoPump-1
Added Pin To Net: NetName=MOTO Pin=U1-21
Added Net: Name=MOTO
Added Pin To Net: NetName=NetC6_1 Pin=C6-1
Added Pin To Net: NetName=NetC6_1 Pin=C7-1
Added Pin To Net: NetName=NetC6_1 Pin=P5-3
Added Pin To Net: NetName=NetC6_1 Pin=P9-3
Added Net: Name=NetC6_1
Added Pin To Net: NetName=NetD1_2 Pin=D1-2
Added Pin To Net: NetName=NetD1_2 Pin=R3-1
Added Net: Name=NetD1_2
Added Pin To Net: NetName=NetD2_2 Pin=D2-2
Added Pin To Net: NetName=NetD2_2 Pin=R4-1
Added Net: Name=NetD2_2
Added Pin To Net: NetName=NetD4_1 Pin=D4-1
Added Pin To Net: NetName=NetD4_1 Pin=R3-2
Added Net: Name=NetD4_1
Added Pin To Net: NetName=NetD4_2 Pin=D4-2
Added Pin To Net: NetName=NetD4_2 Pin=RelayA-5
Added Net: Name=NetD4_2
Added Pin To Net: NetName=NetD6_1 Pin=D6-1
Added Pin To Net: NetName=NetD6_1 Pin=R4-2
Added Net: Name=NetD6_1
Added Pin To Net: NetName=NetD6_2 Pin=D6-2
Added Pin To Net: NetName=NetD6_2 Pin=RelayD-5
Added Net: Name=NetD6_2
Added Pin To Net: NetName=NetD7_2 Pin=D7-2
Added Pin To Net: NetName=NetD7_2 Pin=R8-1
Added Net: Name=NetD7_2
Added Pin To Net: NetName=NetD8_1 Pin=D8-1
Added Pin To Net: NetName=NetD8_1 Pin=RelayE-4
Added Net: Name=NetD8_1
Added Pin To Net: NetName=NetD8_2 Pin=D8-2
Added Pin To Net: NetName=NetD8_2 Pin=R10-1
Added Net: Name=NetD8_2
Added Pin To Net: NetName=NetD9_1 Pin=D9-1
Added Pin To Net: NetName=NetD9_1 Pin=R8-2
Added Net: Name=NetD9_1
Added Pin To Net: NetName=NetD11_1 Pin=D11-1
Added Pin To Net: NetName=NetD11_1 Pin=R10-2
Added Net: Name=NetD11_1
Added Pin To Net: NetName=NetD13_1 Pin=D13-1
Added Pin To Net: NetName=NetD13_1 Pin=R9-2
Added Net: Name=NetD13_1
Added Pin To Net: NetName=NetD14_2 Pin=D14-2
Added Pin To Net: NetName=NetD14_2 Pin=R13-1
Added Net: Name=NetD14_2
Added Pin To Net: NetName=NetD15_1 Pin=D15-1
Added Pin To Net: NetName=NetD15_1 Pin=R13-2
Added Net: Name=NetD15_1
Added Pin To Net: NetName=NetD16_1 Pin=D16-1
Added Pin To Net: NetName=NetD16_1 Pin=R14-2
Added Net: Name=NetD16_1
Added Pin To Net: NetName=NetOptoA_3 Pin=OptoA-3
Added Pin To Net: NetName=NetOptoA_3 Pin=R1-1
Added Net: Name=NetOptoA_3
Added Pin To Net: NetName=NetOptoB_3 Pin=OptoB-3
Added Pin To Net: NetName=NetOptoB_3 Pin=R6-1
Added Net: Name=NetOptoB_3
Added Pin To Net: NetName=NetOptoC_3 Pin=OptoC-3
Added Pin To Net: NetName=NetOptoC_3 Pin=R11-1
Added Net: Name=NetOptoC_3
Added Pin To Net: NetName=NetOptoD_3 Pin=OptoD-3
Added Pin To Net: NetName=NetOptoD_3 Pin=R2-1
Added Net: Name=NetOptoD_3
Added Pin To Net: NetName=NetOptoE_3 Pin=OptoE-3
Added Pin To Net: NetName=NetOptoE_3 Pin=R7-1
Added Net: Name=NetOptoE_3
Added Pin To Net: NetName=NetOptoPump_3 Pin=OptoPump-3
Added Pin To Net: NetName=NetOptoPump_3 Pin=R12-1
Added Net: Name=NetOptoPump_3
Added Pin To Net: NetName=NetQ1_2 Pin=Q1-2
Added Pin To Net: NetName=NetQ1_2 Pin=R1-2
Added Net: Name=NetQ1_2
Added Pin To Net: NetName=NetQ2_2 Pin=Q2-2
Added Pin To Net: NetName=NetQ2_2 Pin=R6-2
Added Net: Name=NetQ2_2
Added Pin To Net: NetName=NetQ3_2 Pin=Q3-2
Added Pin To Net: NetName=NetQ3_2 Pin=R11-2
Added Net: Name=NetQ3_2
Added Pin To Net: NetName=NetQ4_2 Pin=Q4-2
Added Pin To Net: NetName=NetQ4_2 Pin=R2-2
Added Net: Name=NetQ4_2
Added Pin To Net: NetName=NetQ5_2 Pin=Q5-2
Added Pin To Net: NetName=NetQ5_2 Pin=R7-2
Added Net: Name=NetQ5_2
Added Pin To Net: NetName=NetQ6_2 Pin=Q6-2
Added Pin To Net: NetName=NetQ6_2 Pin=R12-2
Added Net: Name=NetQ6_2
Added Pin To Net: NetName=NetRelayA_1 Pin=RelayA-1
Added Pin To Net: NetName=NetRelayA_1 Pin=ValA_CON-1
Added Net: Name=NetRelayA_1
Added Pin To Net: NetName=NetRelayA_2 Pin=RelayA-2
Added Pin To Net: NetName=NetRelayA_2 Pin=ValA_CON-2
Added Net: Name=NetRelayA_2
Added Pin To Net: NetName=NetRelayB_1 Pin=RelayB-1
Added Pin To Net: NetName=NetRelayB_1 Pin=ValB_CON-1
Added Net: Name=NetRelayB_1
Added Pin To Net: NetName=NetRelayB_2 Pin=RelayB-2
Added Pin To Net: NetName=NetRelayB_2 Pin=ValB_CON-2
Added Net: Name=NetRelayB_2
Added Pin To Net: NetName=NetRelayC_1 Pin=RelayC-1
Added Pin To Net: NetName=NetRelayC_1 Pin=ValC_CON-1
Added Net: Name=NetRelayC_1
Added Pin To Net: NetName=NetRelayC_2 Pin=RelayC-2
Added Pin To Net: NetName=NetRelayC_2 Pin=ValC_CON-2
Added Net: Name=NetRelayC_2
Added Pin To Net: NetName=NetRelayD_1 Pin=RelayD-1
Added Pin To Net: NetName=NetRelayD_1 Pin=ValD_CON-1
Added Net: Name=NetRelayD_1
Added Pin To Net: NetName=NetRelayD_2 Pin=RelayD-2
Added Pin To Net: NetName=NetRelayD_2 Pin=ValD_CON-2
Added Net: Name=NetRelayD_2
Added Pin To Net: NetName=NetRelayE_1 Pin=RelayE-1
Added Pin To Net: NetName=NetRelayE_1 Pin=ValE_CON-1
Added Net: Name=NetRelayE_1
Added Pin To Net: NetName=NetRelayE_2 Pin=RelayE-2
Added Pin To Net: NetName=NetRelayE_2 Pin=ValE_CON-2
Added Net: Name=NetRelayE_2
Added Pin To Net: NetName=OSC1 Pin=C3-1
Added Pin To Net: NetName=OSC1 Pin=U1-9
Added Pin To Net: NetName=OSC1 Pin=Y1-1
Added Net: Name=OSC1
Added Pin To Net: NetName=OSC2 Pin=C2-1
Added Pin To Net: NetName=OSC2 Pin=U1-10
Added Pin To Net: NetName=OSC2 Pin=Y1-2
Added Net: Name=OSC2
Added Pin To Net: NetName=PGC Pin=P3-5
Added Pin To Net: NetName=PGC Pin=U1-27
Added Net: Name=PGC
Added Pin To Net: NetName=PGD Pin=P3-4
Added Pin To Net: NetName=PGD Pin=U1-28
Added Net: Name=PGD
Added Pin To Net: NetName=QA Pin=D3-1
Added Pin To Net: NetName=QA Pin=Q1-1
Added Net: Name=QA
Added Pin To Net: NetName=QB Pin=D9-2
Added Pin To Net: NetName=QB Pin=D10-1
Added Pin To Net: NetName=QB Pin=Q2-1
Added Pin To Net: NetName=QB Pin=RelayB-5
Added Net: Name=QB
Added Pin To Net: NetName=QC Pin=D15-2
Added Pin To Net: NetName=QC Pin=D17-1
Added Pin To Net: NetName=QC Pin=Q3-1
Added Pin To Net: NetName=QC Pin=RelayC-5
Added Net: Name=QC
Added Pin To Net: NetName=QD Pin=D5-1
Added Pin To Net: NetName=QD Pin=Q4-1
Added Net: Name=QD
Added Pin To Net: NetName=QE Pin=D11-2
Added Pin To Net: NetName=QE Pin=D12-2
Added Pin To Net: NetName=QE Pin=Q5-1
Added Pin To Net: NetName=QE Pin=RelayE-5
Added Net: Name=QE
Added Pin To Net: NetName=QM Pin=D16-2
Added Pin To Net: NetName=QM Pin=D18-1
Added Pin To Net: NetName=QM Pin=Pump_CON-2
Added Pin To Net: NetName=QM Pin=Q6-1
Added Net: Name=QM
Added Pin To Net: NetName=RX Pin=P4-2
Added Pin To Net: NetName=RX Pin=U1-18
Added Net: Name=RX
Added Pin To Net: NetName=TX Pin=P4-3
Added Pin To Net: NetName=TX Pin=U1-17
Added Net: Name=TX
Added Pin To Net: NetName=VANA Pin=OptoA-1
Added Pin To Net: NetName=VANA Pin=U1-22
Added Net: Name=VANA
Added Pin To Net: NetName=VANB Pin=OptoB-1
Added Pin To Net: NetName=VANB Pin=U1-23
Added Net: Name=VANB
Added Pin To Net: NetName=VANC Pin=OptoC-1
Added Pin To Net: NetName=VANC Pin=U1-24
Added Net: Name=VANC
Added Pin To Net: NetName=VAND Pin=OptoD-1
Added Pin To Net: NetName=VAND Pin=U1-25
Added Net: Name=VAND
Added Pin To Net: NetName=VANE Pin=OptoE-1
Added Pin To Net: NetName=VANE Pin=U1-26
Added Net: Name=VANE
Added Pin To Net: NetName=VPP Pin=P3-1
Added Pin To Net: NetName=VPP Pin=R5-1
Added Pin To Net: NetName=VPP Pin=S1-2
Added Pin To Net: NetName=VPP Pin=U1-1
Added Net: Name=VPP
Added Class: Name=Sheet1
Added Room: Name=Sheet1
