Change Component Footprint: Designator=SW_BUTTON Old Footprint=SW-2P-S New Footprint=SW2
Added Component: Designator=C6(CAP 1uF SMD)
Added Component: Designator=C8(C1206)
Added Component: Designator=C9(C1206)
Added Component: Designator=R3(SM-1206)
Added Component: Designator=R4(SM-1206)
Added Component: Designator=R5(SM-1206)
Added Pin To Net: NetName=NetC6_1 Pin=C6-1
Added Pin To Net: NetName=GND Pin=C6-2
Added Pin To Net: NetName=GND Pin=C8-1
Added Pin To Net: NetName=OSCO Pin=C8-2
Added Pin To Net: NetName=GND Pin=C9-1
Added Pin To Net: NetName=OSCI Pin=C9-2
Added Pin To Net: NetName=NetLED1_1 Pin=R3-1
Added Pin To Net: NetName=LED1 Pin=R3-2
Added Pin To Net: NetName=NetLED2_1 Pin=R4-1
Added Pin To Net: NetName=LED2 Pin=R4-2
Added Pin To Net: NetName=NetLED3_1 Pin=R5-1
Added Pin To Net: NetName=LED3 Pin=R5-2
Added Member To Class: ClassName=Sheet1 Member=Component C6 Cap2
Added Member To Class: ClassName=Sheet1 Member=Component C8 Cap
Added Member To Class: ClassName=Sheet1 Member=Component C9 Cap
Added Member To Class: ClassName=Sheet1 Member=Component R3 220
Added Member To Class: ClassName=Sheet1 Member=Component R4 220
Added Member To Class: ClassName=Sheet1 Member=Component R5 220
