Added Component: Designator=3.3VDC(HDR1X2)
Added Component: Designator=25LC256(DIP-8)
Added Component: Designator=C6(C0805)
Added Component: Designator=C7(C0805)
Added Component: Designator=C8(C0805)
Added Component: Designator=C9(2220)
Added Component: Designator=C10(C0805)
Added Component: Designator=C11(C0805)
Added Component: Designator=C12(C0805)
Added Component: Designator=D1(RAD-0.1)
Added Component: Designator=DIODE1(RAD-0.2)
Added Component: Designator=ICSP(HDR1X5)
Added Component: Designator=MRF24J40MB(MRF24J40MB_board_mini)
Added Component: Designator=R1(C0805)
Added Component: Designator=R2(C0805)
Added Component: Designator=R3(C0805)
Added Component: Designator=R4(C0805)
Added Component: Designator=R7(C0805)
Added Component: Designator=SHT_CON(HDR1X4)
Added Component: Designator=SW_RST(SW2)
Added Component: Designator=U1(TQFP-PT64_N)
Added Component: Designator=UART1(CON3)
Added Component: Designator=UART2(CON3)
Added Component: Designator=Y1(RAD-0.2)
Added Pin To Net: NetName=3.3VDC Pin=3.3VDC-1
Added Pin To Net: NetName=3.3VDC Pin=25LC256-3
Added Pin To Net: NetName=3.3VDC Pin=25LC256-7
Added Pin To Net: NetName=3.3VDC Pin=25LC256-8
Added Pin To Net: NetName=3.3VDC Pin=C6-1
Added Pin To Net: NetName=3.3VDC Pin=C7-2
Added Pin To Net: NetName=3.3VDC Pin=C8-1
Added Pin To Net: NetName=3.3VDC Pin=C10-1
Added Pin To Net: NetName=3.3VDC Pin=MRF24J40MB-1
Added Pin To Net: NetName=3.3VDC Pin=R7-2
Added Pin To Net: NetName=3.3VDC Pin=SHT_CON-1
Added Pin To Net: NetName=3.3VDC Pin=U1-10
Added Pin To Net: NetName=3.3VDC Pin=U1-19
Added Pin To Net: NetName=3.3VDC Pin=U1-26
Added Pin To Net: NetName=3.3VDC Pin=U1-38
Added Net: Name=3.3VDC
Added Pin To Net: NetName=AN8 Pin=DIODE1-1
Added Pin To Net: NetName=AN8 Pin=R3-1
Added Pin To Net: NetName=AN8 Pin=U1-21
Added Net: Name=AN8
Added Pin To Net: NetName=CS1 Pin=MRF24J40MB-6
Added Pin To Net: NetName=CS1 Pin=U1-3
Added Net: Name=CS1
Added Pin To Net: NetName=CS2 Pin=25LC256-1
Added Pin To Net: NetName=CS2 Pin=R7-1
Added Pin To Net: NetName=CS2 Pin=U1-45
Added Net: Name=CS2
Added Pin To Net: NetName=GND Pin=3.3VDC-2
Added Pin To Net: NetName=GND Pin=25LC256-4
Added Pin To Net: NetName=GND Pin=C6-2
Added Pin To Net: NetName=GND Pin=C7-1
Added Pin To Net: NetName=GND Pin=C8-2
Added Pin To Net: NetName=GND Pin=C9-2
Added Pin To Net: NetName=GND Pin=C10-2
Added Pin To Net: NetName=GND Pin=C11-1
Added Pin To Net: NetName=GND Pin=C12-1
Added Pin To Net: NetName=GND Pin=D1-2
Added Pin To Net: NetName=GND Pin=DIODE1-2
Added Pin To Net: NetName=GND Pin=ICSP-3
Added Pin To Net: NetName=GND Pin=MRF24J40MB-2
Added Pin To Net: NetName=GND Pin=SHT_CON-4
Added Pin To Net: NetName=GND Pin=SW_RST-1
Added Pin To Net: NetName=GND Pin=U1-9
Added Pin To Net: NetName=GND Pin=U1-20
Added Pin To Net: NetName=GND Pin=U1-25
Added Pin To Net: NetName=GND Pin=U1-41
Added Pin To Net: NetName=GND Pin=UART1-3
Added Pin To Net: NetName=GND Pin=UART2-3
Added Net: Name=GND
Added Pin To Net: NetName=INT1_RP21 Pin=MRF24J40MB-5
Added Pin To Net: NetName=INT1_RP21 Pin=U1-4
Added Net: Name=INT1_RP21
Added Pin To Net: NetName=LED1 Pin=R4-2
Added Pin To Net: NetName=LED1 Pin=U1-33
Added Net: Name=LED1
Added Pin To Net: NetName=NetC9_1 Pin=C9-1
Added Pin To Net: NetName=NetC9_1 Pin=U1-56
Added Net: Name=NetC9_1
Added Pin To Net: NetName=NetD1_1 Pin=D1-1
Added Pin To Net: NetName=NetD1_1 Pin=R4-1
Added Net: Name=NetD1_1
Added Pin To Net: NetName=NetR1_1 Pin=R1-1
Added Pin To Net: NetName=NetR1_1 Pin=R2-1
Added Pin To Net: NetName=NetR1_1 Pin=SW_RST-2
Added Net: Name=NetR1_1
Added Pin To Net: NetName=OSCI Pin=C12-2
Added Pin To Net: NetName=OSCI Pin=U1-39
Added Pin To Net: NetName=OSCI Pin=Y1-1
Added Net: Name=OSCI
Added Pin To Net: NetName=OSCO Pin=C11-2
Added Pin To Net: NetName=OSCO Pin=U1-40
Added Pin To Net: NetName=OSCO Pin=Y1-2
Added Net: Name=OSCO
Added Pin To Net: NetName=PGC Pin=ICSP-1
Added Pin To Net: NetName=PGC Pin=U1-15
Added Net: Name=PGC
Added Pin To Net: NetName=PGD Pin=ICSP-2
Added Pin To Net: NetName=PGD Pin=U1-16
Added Net: Name=PGD
Added Pin To Net: NetName=RB10 Pin=R3-2
Added Pin To Net: NetName=RB10 Pin=U1-23
Added Net: Name=RB10
Added Pin To Net: NetName=RSTMRF Pin=MRF24J40MB-3
Added Pin To Net: NetName=RSTMRF Pin=U1-1
Added Net: Name=RSTMRF
Added Pin To Net: NetName=SCK1_RP26 Pin=MRF24J40MB-9
Added Pin To Net: NetName=SCK1_RP26 Pin=U1-5
Added Net: Name=SCK1_RP26
Added Pin To Net: NetName=SCK2_RP3 Pin=25LC256-6
Added Pin To Net: NetName=SCK2_RP3 Pin=U1-44
Added Net: Name=SCK2_RP3
Added Pin To Net: NetName=SCL1 Pin=SHT_CON-2
Added Pin To Net: NetName=SCL1 Pin=U1-37
Added Net: Name=SCL1
Added Pin To Net: NetName=SDA1 Pin=SHT_CON-3
Added Pin To Net: NetName=SDA1 Pin=U1-36
Added Net: Name=SDA1
Added Pin To Net: NetName=SDI1_RP27 Pin=MRF24J40MB-8
Added Pin To Net: NetName=SDI1_RP27 Pin=U1-8
Added Net: Name=SDI1_RP27
Added Pin To Net: NetName=SDI2_RP4 Pin=25LC256-2
Added Pin To Net: NetName=SDI2_RP4 Pin=U1-43
Added Net: Name=SDI2_RP4
Added Pin To Net: NetName=SDO1_RP19 Pin=MRF24J40MB-7
Added Pin To Net: NetName=SDO1_RP19 Pin=U1-6
Added Net: Name=SDO1_RP19
Added Pin To Net: NetName=SDO2_RP2 Pin=25LC256-5
Added Pin To Net: NetName=SDO2_RP2 Pin=U1-42
Added Net: Name=SDO2_RP2
Added Pin To Net: NetName=U1RX_RP22 Pin=U1-51
Added Net: Name=U1RX_RP22
Added Pin To Net: NetName=U1RX_RP23 Pin=UART1-2
Added Net: Name=U1RX_RP23
Added Pin To Net: NetName=U1TX_RP25 Pin=U1-52
Added Pin To Net: NetName=U1TX_RP25 Pin=UART1-1
Added Net: Name=U1TX_RP25
Added Pin To Net: NetName=U2RX_RP24 Pin=U1-49
Added Pin To Net: NetName=U2RX_RP24 Pin=UART2-2
Added Net: Name=U2RX_RP24
Added Pin To Net: NetName=U2TX_RP23 Pin=U1-50
Added Pin To Net: NetName=U2TX_RP23 Pin=UART2-1
Added Net: Name=U2TX_RP23
Added Pin To Net: NetName=VCC Pin=ICSP-4
Added Pin To Net: NetName=VCC Pin=R1-2
Added Net: Name=VCC
Added Pin To Net: NetName=VPP Pin=ICSP-5
Added Pin To Net: NetName=VPP Pin=R2-2
Added Pin To Net: NetName=VPP Pin=U1-7
Added Net: Name=VPP
Added Pin To Net: NetName=WAKE Pin=MRF24J40MB-4
Added Pin To Net: NetName=WAKE Pin=U1-2
Added Net: Name=WAKE
Added Class: Name=Sheet1
Added Room: Name=Sheet1
