Removed Pin From Net: NetName=24V-DC Pin=C1-1
Removed Pin From Net: NetName=24V-DC Pin=C1-2
Removed Pin From Net: NetName=24V-DC Pin=C2-1
Removed Pin From Net: NetName=24V-DC Pin=C2-2
Removed Pin From Net: NetName=BAT Pin=C3-1
Removed Pin From Net: NetName=24V-DC Pin=C8-1
Removed Pin From Net: NetName=24V-DC Pin=C8-2
Removed Pin From Net: NetName=24V-DC Pin=C9-1
Removed Pin From Net: NetName=24V-DC Pin=C9-2
Removed Pin From Net: NetName=BAT Pin=D1-1
Removed Pin From Net: NetName=V_BAT Pin=D1-2
Removed Pin From Net: NetName=V_BAT Pin=JP1-2
Removed Pin From Net: NetName=24V-DC Pin=JP4-1
Removed Pin From Net: NetName=24V-DC Pin=JP4-2
Removed Pin From Net: NetName=BAT Pin=R1-1
Removed Pin From Net: NetName=24V-DC Pin=R3-1
Removed Pin From Net: NetName=24V-DC Pin=U2-1
Removed Pin From Net: NetName=24V-DC Pin=U2-4
Removed Member From Class: ClassName=mach_sac_acquy Member=C3
Removed Member From Class: ClassName=mach_sac_acquy Member=U2
Change Net Name : Old Net Name=24V-DC New Net Name=GND
