Removed Pin From Net: NetName=595_LAT Pin=IC1-12
Removed Pin From Net: NetName=595_LAT Pin=IC2-12
Removed Pin From Net: NetName=595_LAT Pin=IC3-12
Added Component: Designator=R?(RES 0805 BUT)
Added Component: Designator=R?(RES 0805 BUT)
Added Component: Designator=R?(RES 0805 BUT)
Added Component: Designator=VIT4(VIT)
Added Pin To Net: NetName=595_LAT Pin=R?-2
Added Pin To Net: NetName=595_LAT Pin=R?-2
Added Pin To Net: NetName=595_LAT Pin=R?-2
Added Pin To Net: NetName=NetIC1_12 Pin=IC1-12
Added Pin To Net: NetName=NetIC1_12 Pin=R?-1
Added Net: Name=NetIC1_12
Added Pin To Net: NetName=NetIC2_12 Pin=IC2-12
Added Pin To Net: NetName=NetIC2_12 Pin=R?-1
Added Net: Name=NetIC2_12
Added Pin To Net: NetName=NetIC3_12 Pin=IC3-12
Added Pin To Net: NetName=NetIC3_12 Pin=R?-1
Added Net: Name=NetIC3_12
Added Member To Class: ClassName=dislay Member=Component R? 1
Added Member To Class: ClassName=dislay Member=Component VIT4 1
