Added Component: Designator=ISP(CON5)
Added Component: Designator=LM1117(SOT223-4N)
Added Component: Designator=SW_BUTTON(SW-2P-S)
Added Component: Designator=U1(TQFP64_10X10MC)
Added Component: Designator=UART1 (CON3)
Added Component: Designator=UART2 (CON3)
Added Component: Designator=Y1(XT2)
Added Pin To Net: NetName=PGC Pin=ISP-1
Added Pin To Net: NetName=PGD Pin=ISP-2
Added Pin To Net: NetName=GND Pin=ISP-3
Added Pin To Net: NetName=3.3VDC Pin=ISP-4
Added Pin To Net: NetName=VPP Pin=ISP-5
Added Pin To Net: NetName=GND Pin=LM1117-1
Added Pin To Net: NetName=3.3VDC Pin=LM1117-2
Added Pin To Net: NetName=5VDC Pin=LM1117-3
Added Pin To Net: NetName=GND Pin=SW_BUTTON-1
Added Pin To Net: NetName=NetR1_1 Pin=SW_BUTTON-2
Added Pin To Net: NetName=VPP Pin=U1-7
Added Pin To Net: NetName=GND Pin=U1-9
Added Pin To Net: NetName=3.3VDC Pin=U1-10
Added Pin To Net: NetName=PGC Pin=U1-15
Added Pin To Net: NetName=PGD Pin=U1-16
Added Pin To Net: NetName=3.3VDC Pin=U1-19
Added Pin To Net: NetName=GND Pin=U1-20
Added Pin To Net: NetName=AN8 Pin=U1-21
Added Pin To Net: NetName=RB10 Pin=U1-23
Added Pin To Net: NetName=GND Pin=U1-25
Added Pin To Net: NetName=3.3VDC Pin=U1-26
Added Pin To Net: NetName=3.3VDC Pin=U1-38
Added Pin To Net: NetName=OSCI Pin=U1-39
Added Pin To Net: NetName=OSCO Pin=U1-40
Added Pin To Net: NetName=GND Pin=U1-41
Added Pin To Net: NetName=U2RX_RP24 Pin=U1-49
Added Pin To Net: NetName=U2TX_RP23 Pin=U1-50
Added Pin To Net: NetName=U1RX_RP22 Pin=U1-51
Added Pin To Net: NetName=U1TX_RP25 Pin=U1-52
Added Pin To Net: NetName=NetC6_1 Pin=U1-56
Added Pin To Net: NetName=LED3 Pin=U1-62
Added Pin To Net: NetName=LED2 Pin=U1-63
Added Pin To Net: NetName=GND Pin=UART1 -1
Added Pin To Net: NetName=U1RX_RP22 Pin=UART1 -2
Added Pin To Net: NetName=U1TX_RP25 Pin=UART1 -3
Added Pin To Net: NetName=GND Pin=UART2 -1
Added Pin To Net: NetName=U2RX_RP24 Pin=UART2 -2
Added Pin To Net: NetName=U2TX_RP23 Pin=UART2 -3
Added Pin To Net: NetName=OSCI Pin=Y1-1
Added Pin To Net: NetName=OSCO Pin=Y1-2
Added Member To Class: ClassName=Sheet1 Member=Component ISP JP5
Added Member To Class: ClassName=Sheet1 Member=Component LM1117 LM317
Added Member To Class: ClassName=Sheet1 Member=Component SW_BUTTON SW
Added Member To Class: ClassName=Sheet1 Member=Component U1 PIC24FJ128GA306
Added Member To Class: ClassName=Sheet1 Member=Component UART1  JP3
Added Member To Class: ClassName=Sheet1 Member=Component UART2  JP3
Added Member To Class: ClassName=Sheet1 Member=Component Y1 XTAL
