Added Component: Designator=3.3VDC(HDR1X2)
Added Component: Designator=5VDC(HDR1X2)
Added Component: Designator=C1(C0805)
Added Component: Designator=C2(C0805)
Added Component: Designator=C3(C0805)
Added Component: Designator=C4(C0805)
Added Component: Designator=C5(C0805)
Added Component: Designator=C7(C0805)
Added Component: Designator=R1(C0805)
Added Component: Designator=R2(C0805)
Added Pin To Net: NetName=3.3VDC Pin=3.3VDC-1
Added Pin To Net: NetName=3.3VDC Pin=C2-2
Added Pin To Net: NetName=3.3VDC Pin=C3-1
Added Pin To Net: NetName=3.3VDC Pin=C4-2
Added Pin To Net: NetName=3.3VDC Pin=C5-1
Added Pin To Net: NetName=3.3VDC Pin=C7-1
Added Pin To Net: NetName=3.3VDC Pin=R1-2
Added Net: Name=3.3VDC
Added Pin To Net: NetName=5VDC Pin=5VDC-2
Added Pin To Net: NetName=5VDC Pin=C1-2
Added Net: Name=5VDC
Added Net: Name=AN8
Added Pin To Net: NetName=GND Pin=3.3VDC-2
Added Pin To Net: NetName=GND Pin=5VDC-1
Added Pin To Net: NetName=GND Pin=C1-1
Added Pin To Net: NetName=GND Pin=C2-1
Added Pin To Net: NetName=GND Pin=C3-2
Added Pin To Net: NetName=GND Pin=C4-1
Added Pin To Net: NetName=GND Pin=C5-2
Added Pin To Net: NetName=GND Pin=C7-2
Added Net: Name=GND
Added Net: Name=LED1
Added Net: Name=LED2
Added Net: Name=LED3
Added Net: Name=NetC6_1
Added Net: Name=NetLED1_1
Added Net: Name=NetLED2_1
Added Net: Name=NetLED3_1
Added Pin To Net: NetName=NetR1_1 Pin=R1-1
Added Pin To Net: NetName=NetR1_1 Pin=R2-1
Added Net: Name=NetR1_1
Added Net: Name=OSCI
Added Net: Name=OSCO
Added Net: Name=PGC
Added Net: Name=PGD
Added Net: Name=RB10
Added Net: Name=U1RX_RP22
Added Net: Name=U1TX_RP25
Added Net: Name=U2RX_RP24
Added Net: Name=U2TX_RP23
Added Pin To Net: NetName=VPP Pin=R2-2
Added Net: Name=VPP
Added Class: Name=Sheet1
Added Room: Name=Sheet1
