Added Component: Designator=3.3VDC(HDR1X2)
Added Component: Designator=C3(C0805)
Added Component: Designator=C4(C0805)
Added Component: Designator=C5(C0805)
Added Component: Designator=C6(CAP 1uF SMD)
Added Component: Designator=C7(C0805)
Added Component: Designator=C8(C1206)
Added Component: Designator=C9(C1206)
Added Component: Designator=ISP(CON5)
Added Component: Designator=LED1(SM-LED-GEEN)
Added Component: Designator=LED2(SM-LED-GEEN)
Added Component: Designator=LED3(SM-LED-GEEN)
Added Component: Designator=R1(SM-1206)
Added Component: Designator=R2(C0805)
Added Component: Designator=R3(SM-1206)
Added Component: Designator=R4(SM-1206)
Added Component: Designator=R5(SM-1206)
Added Component: Designator=SW_BUTTON(SW2)
Added Component: Designator=U1(TQFP64_10X10MC)
Added Component: Designator=UART1(CON3)
Added Component: Designator=UART2(CON3)
Added Component: Designator=Y1(XT455k)
Added Pin To Net: NetName=3.3VDC Pin=3.3VDC-1
Added Pin To Net: NetName=3.3VDC Pin=C3-1
Added Pin To Net: NetName=3.3VDC Pin=C4-2
Added Pin To Net: NetName=3.3VDC Pin=C5-1
Added Pin To Net: NetName=3.3VDC Pin=C7-1
Added Pin To Net: NetName=3.3VDC Pin=ISP-4
Added Pin To Net: NetName=3.3VDC Pin=R1-2
Added Pin To Net: NetName=3.3VDC Pin=U1-10
Added Pin To Net: NetName=3.3VDC Pin=U1-19
Added Pin To Net: NetName=3.3VDC Pin=U1-26
Added Pin To Net: NetName=3.3VDC Pin=U1-38
Added Net: Name=3.3VDC
Added Pin To Net: NetName=GND Pin=3.3VDC-2
Added Pin To Net: NetName=GND Pin=C3-2
Added Pin To Net: NetName=GND Pin=C4-1
Added Pin To Net: NetName=GND Pin=C5-2
Added Pin To Net: NetName=GND Pin=C6-2
Added Pin To Net: NetName=GND Pin=C7-2
Added Pin To Net: NetName=GND Pin=C8-1
Added Pin To Net: NetName=GND Pin=C9-1
Added Pin To Net: NetName=GND Pin=ISP-3
Added Pin To Net: NetName=GND Pin=LED1-2
Added Pin To Net: NetName=GND Pin=LED2-2
Added Pin To Net: NetName=GND Pin=LED3-2
Added Pin To Net: NetName=GND Pin=SW_BUTTON-1
Added Pin To Net: NetName=GND Pin=U1-9
Added Pin To Net: NetName=GND Pin=U1-20
Added Pin To Net: NetName=GND Pin=U1-25
Added Pin To Net: NetName=GND Pin=U1-41
Added Pin To Net: NetName=GND Pin=UART1-1
Added Pin To Net: NetName=GND Pin=UART2-1
Added Net: Name=GND
Added Pin To Net: NetName=LED1 Pin=R3-2
Added Pin To Net: NetName=LED1 Pin=U1-64
Added Net: Name=LED1
Added Pin To Net: NetName=LED2 Pin=R4-2
Added Pin To Net: NetName=LED2 Pin=U1-63
Added Net: Name=LED2
Added Pin To Net: NetName=LED3 Pin=R5-2
Added Pin To Net: NetName=LED3 Pin=U1-62
Added Net: Name=LED3
Added Pin To Net: NetName=NetC6_1 Pin=C6-1
Added Pin To Net: NetName=NetC6_1 Pin=U1-56
Added Net: Name=NetC6_1
Added Pin To Net: NetName=NetLED1_1 Pin=LED1-1
Added Pin To Net: NetName=NetLED1_1 Pin=R3-1
Added Net: Name=NetLED1_1
Added Pin To Net: NetName=NetLED2_1 Pin=LED2-1
Added Pin To Net: NetName=NetLED2_1 Pin=R4-1
Added Net: Name=NetLED2_1
Added Pin To Net: NetName=NetLED3_1 Pin=LED3-1
Added Pin To Net: NetName=NetLED3_1 Pin=R5-1
Added Net: Name=NetLED3_1
Added Pin To Net: NetName=NetR1_1 Pin=R1-1
Added Pin To Net: NetName=NetR1_1 Pin=R2-1
Added Pin To Net: NetName=NetR1_1 Pin=SW_BUTTON-2
Added Net: Name=NetR1_1
Added Pin To Net: NetName=OSCI Pin=C9-2
Added Pin To Net: NetName=OSCI Pin=U1-39
Added Pin To Net: NetName=OSCI Pin=Y1-1
Added Net: Name=OSCI
Added Pin To Net: NetName=OSCO Pin=C8-2
Added Pin To Net: NetName=OSCO Pin=U1-40
Added Pin To Net: NetName=OSCO Pin=Y1-2
Added Net: Name=OSCO
Added Pin To Net: NetName=PGC Pin=ISP-1
Added Pin To Net: NetName=PGC Pin=U1-15
Added Net: Name=PGC
Added Pin To Net: NetName=PGD Pin=ISP-2
Added Pin To Net: NetName=PGD Pin=U1-16
Added Net: Name=PGD
Added Pin To Net: NetName=U1RX_RP22 Pin=U1-51
Added Pin To Net: NetName=U1RX_RP22 Pin=UART1-2
Added Net: Name=U1RX_RP22
Added Pin To Net: NetName=U1TX_RP25 Pin=U1-52
Added Pin To Net: NetName=U1TX_RP25 Pin=UART1-3
Added Net: Name=U1TX_RP25
Added Pin To Net: NetName=U2RX_RP24 Pin=U1-49
Added Pin To Net: NetName=U2RX_RP24 Pin=UART2-2
Added Net: Name=U2RX_RP24
Added Pin To Net: NetName=U2TX_RP23 Pin=U1-50
Added Pin To Net: NetName=U2TX_RP23 Pin=UART2-3
Added Net: Name=U2TX_RP23
Added Pin To Net: NetName=VPP Pin=ISP-5
Added Pin To Net: NetName=VPP Pin=R2-2
Added Pin To Net: NetName=VPP Pin=U1-7
Added Net: Name=VPP
Added Class: Name=Sheet1
Added Room: Name=Sheet1
