Added Component: Designator=C1(RB7.6-15)
Added Component: Designator=C2(RAD-0.3)
Added Component: Designator=C3(RB7.6-15)
Added Component: Designator=C4(RAD-0.3)
Added Component: Designator=C5(RB7.6-15)
Added Component: Designator=C6(RAD-0.3)
Added Component: Designator=C7(RAD-0.3)
Added Component: Designator=D1(LED-0)
Added Component: Designator=P1(HDR1X2)
Added Component: Designator=P2(HDR1X3)
Added Component: Designator=P3(HDR1X5)
Added Component: Designator=P4(HDR1X3)
Added Component: Designator=R1(AXIAL-0.3)
Added Component: Designator=R2(AXIAL-0.3)
Added Component: Designator=R4(AXIAL-0.3)
Added Component: Designator=R5(VR5)
Added Component: Designator=R6(VR5)
Added Component: Designator=R7(AXIAL-0.3)
Added Component: Designator=S1(DIP-4)
Added Component: Designator=S2(SPST-2)
Added Component: Designator=U1(PDIP600-P40)
Added Component: Designator=VR1(D2PAK_N)
Added Component: Designator=VR2(D2PAK_N)
Added Pin To Net: NetName=7.8V Pin=C5-1
Added Pin To Net: NetName=7.8V Pin=C6-2
Added Pin To Net: NetName=7.8V Pin=P2-2
Added Pin To Net: NetName=7.8V Pin=R1-2
Added Pin To Net: NetName=7.8V Pin=VR2-3
Added Net: Name=7.8V
Added Pin To Net: NetName=12V Pin=C3-1
Added Pin To Net: NetName=12V Pin=C4-2
Added Pin To Net: NetName=12V Pin=S1-1
Added Pin To Net: NetName=12V Pin=S1-2
Added Net: Name=12V
Added Pin To Net: NetName=GND Pin=C1-2
Added Pin To Net: NetName=GND Pin=C2-1
Added Pin To Net: NetName=GND Pin=C3-2
Added Pin To Net: NetName=GND Pin=C4-1
Added Pin To Net: NetName=GND Pin=C5-2
Added Pin To Net: NetName=GND Pin=C6-1
Added Pin To Net: NetName=GND Pin=D1-2
Added Pin To Net: NetName=GND Pin=P2-1
Added Pin To Net: NetName=GND Pin=P4-3
Added Pin To Net: NetName=GND Pin=R5-2
Added Pin To Net: NetName=GND Pin=R6-2
Added Pin To Net: NetName=GND Pin=U1-12
Added Pin To Net: NetName=GND Pin=U1-31
Added Net: Name=GND
Added Pin To Net: NetName=MCLR Pin=S2-2
Added Pin To Net: NetName=MCLR Pin=U1-1
Added Net: Name=MCLR
Added Pin To Net: NetName=NetD1_1 Pin=D1-1
Added Pin To Net: NetName=NetD1_1 Pin=R4-2
Added Net: Name=NetD1_1
Added Pin To Net: NetName=NetR1_1 Pin=R1-1
Added Pin To Net: NetName=NetR1_1 Pin=R5-3
Added Pin To Net: NetName=NetR1_1 Pin=VR2-2
Added Net: Name=NetR1_1
Added Pin To Net: NetName=NetR2_2 Pin=R2-2
Added Pin To Net: NetName=NetR2_2 Pin=R6-3
Added Pin To Net: NetName=NetR2_2 Pin=VR1-2
Added Net: Name=NetR2_2
Added Pin To Net: NetName=NetR7_2 Pin=R7-2
Added Pin To Net: NetName=NetR7_2 Pin=S2-1
Added Net: Name=NetR7_2
Added Pin To Net: NetName=NetS1_3 Pin=S1-3
Added Pin To Net: NetName=NetS1_3 Pin=VR2-1
Added Net: Name=NetS1_3
Added Pin To Net: NetName=NetS1_4 Pin=S1-4
Added Pin To Net: NetName=NetS1_4 Pin=VR1-1
Added Net: Name=NetS1_4
Added Pin To Net: NetName=PGC Pin=U1-39
Added Net: Name=PGC
Added Pin To Net: NetName=PGD Pin=U1-40
Added Net: Name=PGD
Added Pin To Net: NetName=PWM Pin=P2-3
Added Pin To Net: NetName=PWM Pin=U1-16
Added Net: Name=PWM
Added Pin To Net: NetName=RX Pin=P4-2
Added Pin To Net: NetName=RX Pin=U1-26
Added Net: Name=RX
Added Pin To Net: NetName=TX Pin=P4-1
Added Pin To Net: NetName=TX Pin=U1-25
Added Net: Name=TX
Added Pin To Net: NetName=VDD Pin=C1-1
Added Pin To Net: NetName=VDD Pin=C2-2
Added Pin To Net: NetName=VDD Pin=R2-1
Added Pin To Net: NetName=VDD Pin=R7-1
Added Pin To Net: NetName=VDD Pin=U1-11
Added Pin To Net: NetName=VDD Pin=U1-32
Added Pin To Net: NetName=VDD Pin=VR1-3
Added Net: Name=VDD
Added Class: Name=machdongho
Added Room: Name=machdongho
