Removed Pin From Net: NetName=B Pin=IC1-1
Removed Pin From Net: NetName=C Pin=IC1-2
Removed Pin From Net: NetName=D Pin=IC1-6
Removed Pin From Net: NetName=A Pin=IC1-7
Removed Pin From Net: NetName=A Pin=U3-8
Removed Pin From Net: NetName=B Pin=U3-9
Removed Pin From Net: NetName=C Pin=U3-10
Removed Pin From Net: NetName=D Pin=U3-11
Added Pin To Net: NetName=AI Pin=IC1-7
Added Pin To Net: NetName=AI Pin=U3-8
Added Net: Name=AI
Added Pin To Net: NetName=BI Pin=IC1-1
Added Pin To Net: NetName=BI Pin=U3-9
Added Net: Name=BI
Added Pin To Net: NetName=CI Pin=IC1-2
Added Pin To Net: NetName=CI Pin=U3-10
Added Net: Name=CI
Added Pin To Net: NetName=DI Pin=IC1-6
Added Pin To Net: NetName=DI Pin=U3-11
Added Net: Name=DI
