Added Component: Designator=C1(SM-0805)
Added Component: Designator=C2(SM-0805)
Added Component: Designator=C3(SM-0805)
Added Component: Designator=C4(SM-0805)
Added Component: Designator=C5(SM-0805)
Added Component: Designator=C6(SM-0805)
Added Component: Designator=C7(SM-0805)
Added Component: Designator=C8(SM-0805)
Added Component: Designator=IC1(SO-16)
Added Component: Designator=IC2(SO-16)
Added Component: Designator=IC3(SO-16)
Added Component: Designator=IC4(SO-16)
Added Component: Designator=P1(con2)
Added Component: Designator=P2(HDR1X4)
Added Component: Designator=VIT1(VIT)
Added Component: Designator=VIT2(VIT)
Added Component: Designator=VIT3(VIT)
Added Component: Designator=VIT4(VIT)
Added Pin To Net: NetName=595_LAT Pin=IC1-12
Added Pin To Net: NetName=595_LAT Pin=IC2-12
Added Pin To Net: NetName=595_LAT Pin=IC3-12
Added Pin To Net: NetName=595_LAT Pin=IC4-12
Added Pin To Net: NetName=595_LAT Pin=P2-2
Added Net: Name=595_LAT
Added Pin To Net: NetName=595_SCK Pin=IC1-11
Added Pin To Net: NetName=595_SCK Pin=IC2-11
Added Pin To Net: NetName=595_SCK Pin=IC3-11
Added Pin To Net: NetName=595_SCK Pin=IC4-11
Added Pin To Net: NetName=595_SCK Pin=P2-3
Added Net: Name=595_SCK
Added Pin To Net: NetName=DATA Pin=P2-4
Added Net: Name=DATA
Added Pin To Net: NetName=GND Pin=C1-2
Added Pin To Net: NetName=GND Pin=C2-2
Added Pin To Net: NetName=GND Pin=C3-2
Added Pin To Net: NetName=GND Pin=C4-2
Added Pin To Net: NetName=GND Pin=C5-2
Added Pin To Net: NetName=GND Pin=C6-2
Added Pin To Net: NetName=GND Pin=C7-2
Added Pin To Net: NetName=GND Pin=C8-2
Added Pin To Net: NetName=GND Pin=IC1-8
Added Pin To Net: NetName=GND Pin=IC1-13
Added Pin To Net: NetName=GND Pin=IC2-8
Added Pin To Net: NetName=GND Pin=IC2-13
Added Pin To Net: NetName=GND Pin=IC3-8
Added Pin To Net: NetName=GND Pin=IC3-13
Added Pin To Net: NetName=GND Pin=IC4-8
Added Pin To Net: NetName=GND Pin=IC4-13
Added Pin To Net: NetName=GND Pin=P1-2
Added Net: Name=GND
Added Pin To Net: NetName=LED Pin=P2-1
Added Net: Name=LED
Added Net: Name=NetDS1_1
Added Net: Name=NetDS1_2
Added Net: Name=NetDS1_4
Added Net: Name=NetDS1_6
Added Net: Name=NetDS1_7
Added Net: Name=NetDS1_9
Added Net: Name=NetDS1_10
Added Net: Name=NetDS2_1
Added Net: Name=NetDS2_2
Added Net: Name=NetDS2_4
Added Net: Name=NetDS2_6
Added Net: Name=NetDS2_7
Added Net: Name=NetDS2_9
Added Net: Name=NetDS2_10
Added Net: Name=NetDS3_1
Added Net: Name=NetDS3_2
Added Net: Name=NetDS3_4
Added Net: Name=NetDS3_6
Added Net: Name=NetDS3_7
Added Net: Name=NetDS3_9
Added Net: Name=NetDS3_10
Added Net: Name=NetDS4_1
Added Net: Name=NetDS4_2
Added Net: Name=NetDS4_4
Added Net: Name=NetDS4_6
Added Net: Name=NetDS4_7
Added Net: Name=NetDS4_9
Added Net: Name=NetDS4_10
Added Pin To Net: NetName=NetIC1_1 Pin=IC1-1
Added Net: Name=NetIC1_1
Added Pin To Net: NetName=NetIC1_2 Pin=IC1-2
Added Net: Name=NetIC1_2
Added Pin To Net: NetName=NetIC1_3 Pin=IC1-3
Added Net: Name=NetIC1_3
Added Pin To Net: NetName=NetIC1_4 Pin=IC1-4
Added Net: Name=NetIC1_4
Added Pin To Net: NetName=NetIC1_5 Pin=IC1-5
Added Net: Name=NetIC1_5
Added Pin To Net: NetName=NetIC1_6 Pin=IC1-6
Added Net: Name=NetIC1_6
Added Pin To Net: NetName=NetIC1_7 Pin=IC1-7
Added Net: Name=NetIC1_7
Added Pin To Net: NetName=NetIC1_10 Pin=IC1-10
Added Net: Name=NetIC1_10
Added Pin To Net: NetName=NetIC2_1 Pin=IC2-1
Added Net: Name=NetIC2_1
Added Pin To Net: NetName=NetIC2_2 Pin=IC2-2
Added Net: Name=NetIC2_2
Added Pin To Net: NetName=NetIC2_3 Pin=IC2-3
Added Net: Name=NetIC2_3
Added Pin To Net: NetName=NetIC2_4 Pin=IC2-4
Added Net: Name=NetIC2_4
Added Pin To Net: NetName=NetIC2_5 Pin=IC2-5
Added Net: Name=NetIC2_5
Added Pin To Net: NetName=NetIC2_6 Pin=IC2-6
Added Net: Name=NetIC2_6
Added Pin To Net: NetName=NetIC2_7 Pin=IC2-7
Added Net: Name=NetIC2_7
Added Pin To Net: NetName=NetIC2_10 Pin=IC2-10
Added Net: Name=NetIC2_10
Added Pin To Net: NetName=NetIC3_1 Pin=IC3-1
Added Net: Name=NetIC3_1
Added Pin To Net: NetName=NetIC3_2 Pin=IC3-2
Added Net: Name=NetIC3_2
Added Pin To Net: NetName=NetIC3_3 Pin=IC3-3
Added Net: Name=NetIC3_3
Added Pin To Net: NetName=NetIC3_4 Pin=IC3-4
Added Net: Name=NetIC3_4
Added Pin To Net: NetName=NetIC3_5 Pin=IC3-5
Added Net: Name=NetIC3_5
Added Pin To Net: NetName=NetIC3_6 Pin=IC3-6
Added Net: Name=NetIC3_6
Added Pin To Net: NetName=NetIC3_7 Pin=IC3-7
Added Net: Name=NetIC3_7
Added Pin To Net: NetName=NetIC3_10 Pin=IC3-10
Added Net: Name=NetIC3_10
Added Pin To Net: NetName=NetIC4_1 Pin=IC4-1
Added Net: Name=NetIC4_1
Added Pin To Net: NetName=NetIC4_2 Pin=IC4-2
Added Net: Name=NetIC4_2
Added Pin To Net: NetName=NetIC4_3 Pin=IC4-3
Added Net: Name=NetIC4_3
Added Pin To Net: NetName=NetIC4_4 Pin=IC4-4
Added Net: Name=NetIC4_4
Added Pin To Net: NetName=NetIC4_5 Pin=IC4-5
Added Net: Name=NetIC4_5
Added Pin To Net: NetName=NetIC4_6 Pin=IC4-6
Added Net: Name=NetIC4_6
Added Pin To Net: NetName=NetIC4_7 Pin=IC4-7
Added Net: Name=NetIC4_7
Added Pin To Net: NetName=NetIC4_10 Pin=IC4-10
Added Net: Name=NetIC4_10
Added Net: Name=NetLD1_1
Added Net: Name=NetLD1_2
Added Pin To Net: NetName=VCC Pin=C1-1
Added Pin To Net: NetName=VCC Pin=C2-1
Added Pin To Net: NetName=VCC Pin=C3-1
Added Pin To Net: NetName=VCC Pin=C4-1
Added Pin To Net: NetName=VCC Pin=C5-1
Added Pin To Net: NetName=VCC Pin=C6-1
Added Pin To Net: NetName=VCC Pin=C7-1
Added Pin To Net: NetName=VCC Pin=C8-1
Added Pin To Net: NetName=VCC Pin=IC1-16
Added Pin To Net: NetName=VCC Pin=IC2-16
Added Pin To Net: NetName=VCC Pin=IC3-16
Added Pin To Net: NetName=VCC Pin=IC4-16
Added Pin To Net: NetName=VCC Pin=P1-1
Added Net: Name=VCC
Added Class: Name=dislay
Added Room: Name=dislay
