Tue Apr 17 03:46:41 Saved as file BACKUP1.MAX
Tue Apr 17 03:46:41 Saved as file E:\LAB-411\PIC\PIC24FJ128GA310\MRF24J40MB_BOARD\RFCARD-MB.MAX
Tue Apr 17 03:46:42 UserDiv from Layout.INI for AutoECO: 60
Tue Apr 17 03:46:42 Loaded file E:\LAB-411\PIC\PIC24FJ128GA310\MRF24J40MB_BOARD\RFCARD-MB.MAX
Tue Apr 17 03:46:42 Loaded file D:\ORCAD\LAYOUT\library\BCON100T.llb
Tue Apr 17 03:46:42 Loaded file D:\ORCAD\LAYOUT\library\BCON156T.llb
Tue Apr 17 03:46:42 Loaded file D:\ORCAD\LAYOUT\library\BGA.llb
Tue Apr 17 03:46:42 Loaded file D:\ORCAD\LAYOUT\library\CLCC.llb
Tue Apr 17 03:46:42 Loaded file D:\ORCAD\LAYOUT\library\DCON050T.llb
Tue Apr 17 03:46:42 Loaded file D:\ORCAD\LAYOUT\library\DCON085T.llb
Tue Apr 17 03:46:42 Loaded file D:\ORCAD\LAYOUT\library\DIMM050F.llb
Tue Apr 17 03:46:42 Loaded file D:\ORCAD\LAYOUT\library\DIMM050T.llb
Tue Apr 17 03:46:42 Loaded file D:\ORCAD\LAYOUT\library\DIN.llb
Tue Apr 17 03:46:42 Loaded file D:\ORCAD\LAYOUT\library\DIP100B.llb
Tue Apr 17 03:46:42 Loaded file D:\ORCAD\LAYOUT\library\DIP100T.llb
Tue Apr 17 03:46:42 Loaded file D:\ORCAD\LAYOUT\library\DSUBT.llb
Tue Apr 17 03:46:42 Loaded file D:\ORCAD\LAYOUT\library\DSUBT_HD.LLB
Tue Apr 17 03:46:42 Loaded file D:\ORCAD\LAYOUT\library\ECON100T.llb
Tue Apr 17 03:46:42 Loaded file D:\ORCAD\LAYOUT\library\FBUS.llb
Tue Apr 17 03:46:42 Loaded file D:\ORCAD\LAYOUT\library\ISA.llb
Tue Apr 17 03:46:42 Loaded file D:\ORCAD\LAYOUT\library\JUMPER.LLB
Tue Apr 17 03:46:42 Loaded file D:\ORCAD\LAYOUT\library\LAYOUT.llb
Tue Apr 17 03:46:42 Loaded file D:\ORCAD\LAYOUT\library\LCON100T.llb
Tue Apr 17 03:46:42 Loaded file D:\ORCAD\LAYOUT\library\PC104.llb
Tue Apr 17 03:46:42 Loaded file D:\ORCAD\LAYOUT\library\PCI.llb
Tue Apr 17 03:46:42 Loaded file D:\ORCAD\LAYOUT\library\PCON100T.llb
Tue Apr 17 03:46:42 Loaded file D:\ORCAD\LAYOUT\library\PCON156T.llb
Tue Apr 17 03:46:42 Loaded file D:\ORCAD\LAYOUT\library\PGA.llb
Tue Apr 17 03:46:42 Loaded file D:\ORCAD\LAYOUT\library\PLCC.llb
Tue Apr 17 03:46:42 Loaded file D:\ORCAD\LAYOUT\library\QUAD.llb
Tue Apr 17 03:46:42 Loaded file D:\ORCAD\LAYOUT\library\QUADB.llb
Tue Apr 17 03:46:42 Loaded file D:\ORCAD\LAYOUT\library\RELAY.llb
Tue Apr 17 03:46:42 Loaded file D:\ORCAD\LAYOUT\library\RF.llb
Tue Apr 17 03:46:42 Loaded file D:\ORCAD\LAYOUT\library\SBUS.llb
Tue Apr 17 03:46:42 Loaded file D:\ORCAD\LAYOUT\library\SIMM050F.llb
Tue Apr 17 03:46:42 Loaded file D:\ORCAD\LAYOUT\library\SIMM050T.llb
Tue Apr 17 03:46:42 Loaded file D:\ORCAD\LAYOUT\library\SIMM100F.llb
Tue Apr 17 03:46:42 Loaded file D:\ORCAD\LAYOUT\library\SIMM100T.llb
Tue Apr 17 03:46:42 Loaded file D:\ORCAD\LAYOUT\library\SIP.llb
Tue Apr 17 03:46:42 Loaded file D:\ORCAD\LAYOUT\library\SM.llb
Tue Apr 17 03:46:42 Loaded file D:\ORCAD\LAYOUT\library\SOG.llb
Tue Apr 17 03:46:42 Loaded file D:\ORCAD\LAYOUT\library\SOJ.llb
Tue Apr 17 03:46:42 Loaded file D:\ORCAD\LAYOUT\library\STIFF.llb
Tue Apr 17 03:46:42 Loaded file D:\ORCAD\LAYOUT\library\TELE.llb
Tue Apr 17 03:46:42 Loaded file D:\ORCAD\LAYOUT\library\TM_AXIAL.llb
Tue Apr 17 03:46:42 Loaded file D:\ORCAD\LAYOUT\library\TM_CAP_P.llb
Tue Apr 17 03:46:42 Loaded file D:\ORCAD\LAYOUT\library\TM_CYLND.llb
Tue Apr 17 03:46:42 Loaded file D:\ORCAD\LAYOUT\library\TM_DIODE.llb
Tue Apr 17 03:46:43 Loaded file D:\ORCAD\LAYOUT\library\TM_DISC.llb
Tue Apr 17 03:46:43 Loaded file D:\ORCAD\LAYOUT\library\TM_RAD.llb
Tue Apr 17 03:46:43 Loaded file D:\ORCAD\LAYOUT\library\TO.llb
Tue Apr 17 03:46:43 Loaded file D:\ORCAD\LAYOUT\library\TRAINING.LLB
Tue Apr 17 03:46:43 Loaded file D:\ORCAD\LAYOUT\library\VRES.llb
Tue Apr 17 03:46:43 Loaded file D:\ORCAD\LAYOUT\library\WCON100T.llb
Tue Apr 17 03:46:43 Loaded file D:\ORCAD\LAYOUT\library\XT.llb
Tue Apr 17 03:46:43 Loaded file D:\ORCAD\LAYOUT\library\ZIGZAG.llb
Tue Apr 17 03:46:43 Saved as file E:\LAB-411\PIC\PIC24FJ128GA310\MRF24J40MB_BOARD\RFCARD-MB.MAX
Tue Apr 17 03:46:43 Loaded file E:\LAB-411\PIC\PIC24FJ128GA310\MRF24J40MB_BOARD\RFCARD-MB.MAX
Tue Apr 17 03:46:47 Saved as file BACKUP1.MAX
Tue Apr 17 03:46:47 Saved as file E:\LAB-411\PIC\PIC24FJ128GA310\MRF24J40MB_BOARD\RFCARD-MB.MAX
Tue Apr 17 03:46:47 UserDiv from Layout.INI for AutoECO: 60
Tue Apr 17 03:46:47 Loaded file E:\LAB-411\PIC\PIC24FJ128GA310\MRF24J40MB_BOARD\RFCARD-MB.MAX
Tue Apr 17 03:46:47 Loaded file D:\ORCAD\LAYOUT\library\BCON100T.llb
Tue Apr 17 03:46:47 Loaded file D:\ORCAD\LAYOUT\library\BCON156T.llb
Tue Apr 17 03:46:47 Loaded file D:\ORCAD\LAYOUT\library\BGA.llb
Tue Apr 17 03:46:47 Loaded file D:\ORCAD\LAYOUT\library\CLCC.llb
Tue Apr 17 03:46:47 Loaded file D:\ORCAD\LAYOUT\library\DCON050T.llb
Tue Apr 17 03:46:47 Loaded file D:\ORCAD\LAYOUT\library\DCON085T.llb
Tue Apr 17 03:46:47 Loaded file D:\ORCAD\LAYOUT\library\DIMM050F.llb
Tue Apr 17 03:46:47 Loaded file D:\ORCAD\LAYOUT\library\DIMM050T.llb
Tue Apr 17 03:46:47 Loaded file D:\ORCAD\LAYOUT\library\DIN.llb
Tue Apr 17 03:46:47 Loaded file D:\ORCAD\LAYOUT\library\DIP100B.llb
Tue Apr 17 03:46:47 Loaded file D:\ORCAD\LAYOUT\library\DIP100T.llb
Tue Apr 17 03:46:47 Loaded file D:\ORCAD\LAYOUT\library\DSUBT.llb
Tue Apr 17 03:46:47 Loaded file D:\ORCAD\LAYOUT\library\DSUBT_HD.LLB
Tue Apr 17 03:46:47 Loaded file D:\ORCAD\LAYOUT\library\ECON100T.llb
Tue Apr 17 03:46:47 Loaded file D:\ORCAD\LAYOUT\library\FBUS.llb
Tue Apr 17 03:46:47 Loaded file D:\ORCAD\LAYOUT\library\ISA.llb
Tue Apr 17 03:46:47 Loaded file D:\ORCAD\LAYOUT\library\JUMPER.LLB
Tue Apr 17 03:46:47 Loaded file D:\ORCAD\LAYOUT\library\LAYOUT.llb
Tue Apr 17 03:46:47 Loaded file D:\ORCAD\LAYOUT\library\LCON100T.llb
Tue Apr 17 03:46:47 Loaded file D:\ORCAD\LAYOUT\library\PC104.llb
Tue Apr 17 03:46:47 Loaded file D:\ORCAD\LAYOUT\library\PCI.llb
Tue Apr 17 03:46:47 Loaded file D:\ORCAD\LAYOUT\library\PCON100T.llb
Tue Apr 17 03:46:47 Loaded file D:\ORCAD\LAYOUT\library\PCON156T.llb
Tue Apr 17 03:46:47 Loaded file D:\ORCAD\LAYOUT\library\PGA.llb
Tue Apr 17 03:46:47 Loaded file D:\ORCAD\LAYOUT\library\PLCC.llb
Tue Apr 17 03:46:47 Loaded file D:\ORCAD\LAYOUT\library\QUAD.llb
Tue Apr 17 03:46:47 Loaded file D:\ORCAD\LAYOUT\library\QUADB.llb
Tue Apr 17 03:46:47 Loaded file D:\ORCAD\LAYOUT\library\RELAY.llb
Tue Apr 17 03:46:47 Loaded file D:\ORCAD\LAYOUT\library\RF.llb
Tue Apr 17 03:46:47 Loaded file D:\ORCAD\LAYOUT\library\SBUS.llb
Tue Apr 17 03:46:47 Loaded file D:\ORCAD\LAYOUT\library\SIMM050F.llb
Tue Apr 17 03:46:47 Loaded file D:\ORCAD\LAYOUT\library\SIMM050T.llb
Tue Apr 17 03:46:47 Loaded file D:\ORCAD\LAYOUT\library\SIMM100F.llb
Tue Apr 17 03:46:47 Loaded file D:\ORCAD\LAYOUT\library\SIMM100T.llb
Tue Apr 17 03:46:47 Loaded file D:\ORCAD\LAYOUT\library\SIP.llb
Tue Apr 17 03:46:47 Loaded file D:\ORCAD\LAYOUT\library\SM.llb
Tue Apr 17 03:46:47 Loaded file D:\ORCAD\LAYOUT\library\SOG.llb
Tue Apr 17 03:46:47 Loaded file D:\ORCAD\LAYOUT\library\SOJ.llb
Tue Apr 17 03:46:47 Loaded file D:\ORCAD\LAYOUT\library\STIFF.llb
Tue Apr 17 03:46:47 Loaded file D:\ORCAD\LAYOUT\library\TELE.llb
Tue Apr 17 03:46:47 Loaded file D:\ORCAD\LAYOUT\library\TM_AXIAL.llb
Tue Apr 17 03:46:47 Loaded file D:\ORCAD\LAYOUT\library\TM_CAP_P.llb
Tue Apr 17 03:46:47 Loaded file D:\ORCAD\LAYOUT\library\TM_CYLND.llb
Tue Apr 17 03:46:47 Loaded file D:\ORCAD\LAYOUT\library\TM_DIODE.llb
Tue Apr 17 03:46:47 Loaded file D:\ORCAD\LAYOUT\library\TM_DISC.llb
Tue Apr 17 03:46:47 Loaded file D:\ORCAD\LAYOUT\library\TM_RAD.llb
Tue Apr 17 03:46:47 Loaded file D:\ORCAD\LAYOUT\library\TO.llb
Tue Apr 17 03:46:47 Loaded file D:\ORCAD\LAYOUT\library\TRAINING.LLB
Tue Apr 17 03:46:47 Loaded file D:\ORCAD\LAYOUT\library\VRES.llb
Tue Apr 17 03:46:47 Loaded file D:\ORCAD\LAYOUT\library\WCON100T.llb
Tue Apr 17 03:46:47 Loaded file D:\ORCAD\LAYOUT\library\XT.llb
Tue Apr 17 03:46:47 Loaded file D:\ORCAD\LAYOUT\library\ZIGZAG.llb
Tue Apr 17 03:46:47 Saved as file E:\LAB-411\PIC\PIC24FJ128GA310\MRF24J40MB_BOARD\RFCARD-MB.MAX
Tue Apr 17 03:46:47 Loaded file E:\LAB-411\PIC\PIC24FJ128GA310\MRF24J40MB_BOARD\RFCARD-MB.MAX
Tue Apr 17 04:43:33 Saved as file BACKUP1.MAX
Tue Apr 17 04:53:34 Saved as file BACKUP1.MAX
Tue Apr 17 05:03:34 Saved as file BACKUP1.MAX
Tue Apr 17 05:13:34 Saved as file BACKUP1.MAX
Tue Apr 17 05:23:34 Saved as file BACKUP1.MAX
Tue Apr 17 05:33:35 Saved as file BACKUP1.MAX
Tue Apr 17 05:43:35 Saved as file BACKUP1.MAX
Tue Apr 17 05:53:35 Saved as file BACKUP1.MAX
Tue Apr 17 06:03:36 Saved as file BACKUP1.MAX
Tue Apr 17 06:13:36 Saved as file BACKUP1.MAX
Tue Apr 17 06:23:36 Saved as file BACKUP1.MAX
Tue Apr 17 06:33:37 Saved as file BACKUP1.MAX
Tue Apr 17 06:43:37 Saved as file BACKUP1.MAX
Tue Apr 17 06:53:37 Saved as file BACKUP1.MAX
Tue Apr 17 07:03:37 Saved as file BACKUP1.MAX
Tue Apr 17 07:08:42 Saved as file E:\LAB-411\PIC\PIC24FJ128GA310\MRF24J40MB_BOARD\RFCARD-MB.MAX
Wed Apr 18 22:02:45 Saved as file BACKUP1.MAX
Wed Apr 18 22:02:45 Saved as file E:\LAB-411\PIC\PIC24FJ128GA310\MRF24J40MB_BOARD\RFCARD-MB-NEW.MAX
Wed Apr 18 22:02:45 UserDiv from Layout.INI for AutoECO: 60
Wed Apr 18 22:02:45 Loaded file E:\LAB-411\PIC\PIC24FJ128GA310\MRF24J40MB_BOARD\RFCARD-MB-NEW.MAX
Wed Apr 18 22:02:45 Loaded file D:\ORCAD\LAYOUT\library\BCON100T.llb
Wed Apr 18 22:02:45 Loaded file D:\ORCAD\LAYOUT\library\BCON156T.llb
Wed Apr 18 22:02:45 Loaded file D:\ORCAD\LAYOUT\library\BGA.llb
Wed Apr 18 22:02:45 Loaded file D:\ORCAD\LAYOUT\library\CLCC.llb
Wed Apr 18 22:02:45 Loaded file D:\ORCAD\LAYOUT\library\DCON050T.llb
Wed Apr 18 22:02:45 Loaded file D:\ORCAD\LAYOUT\library\DCON085T.llb
Wed Apr 18 22:02:45 Loaded file D:\ORCAD\LAYOUT\library\DIMM050F.llb
Wed Apr 18 22:02:45 Loaded file D:\ORCAD\LAYOUT\library\DIMM050T.llb
Wed Apr 18 22:02:45 Loaded file D:\ORCAD\LAYOUT\library\DIN.llb
Wed Apr 18 22:02:45 Loaded file D:\ORCAD\LAYOUT\library\DIP100B.llb
Wed Apr 18 22:02:45 Loaded file D:\ORCAD\LAYOUT\library\DIP100T.llb
Wed Apr 18 22:02:45 Loaded file D:\ORCAD\LAYOUT\library\DSUBT.llb
Wed Apr 18 22:02:46 Loaded file D:\ORCAD\LAYOUT\library\DSUBT_HD.LLB
Wed Apr 18 22:02:46 Loaded file D:\ORCAD\LAYOUT\library\ECON100T.llb
Wed Apr 18 22:02:46 Loaded file D:\ORCAD\LAYOUT\library\FBUS.llb
Wed Apr 18 22:02:46 Loaded file D:\ORCAD\LAYOUT\library\ISA.llb
Wed Apr 18 22:02:46 Loaded file D:\ORCAD\LAYOUT\library\JUMPER.LLB
Wed Apr 18 22:02:46 Loaded file D:\ORCAD\LAYOUT\library\LAYOUT.llb
Wed Apr 18 22:02:46 Loaded file D:\ORCAD\LAYOUT\library\LCON100T.llb
Wed Apr 18 22:02:46 Loaded file D:\ORCAD\LAYOUT\library\PC104.llb
Wed Apr 18 22:02:46 Loaded file D:\ORCAD\LAYOUT\library\PCI.llb
Wed Apr 18 22:02:46 Loaded file D:\ORCAD\LAYOUT\library\PCON100T.llb
Wed Apr 18 22:02:46 Loaded file D:\ORCAD\LAYOUT\library\PCON156T.llb
Wed Apr 18 22:02:46 Loaded file D:\ORCAD\LAYOUT\library\PGA.llb
Wed Apr 18 22:02:46 Loaded file D:\ORCAD\LAYOUT\library\PLCC.llb
Wed Apr 18 22:02:46 Loaded file D:\ORCAD\LAYOUT\library\QUAD.llb
Wed Apr 18 22:02:46 Loaded file D:\ORCAD\LAYOUT\library\QUADB.llb
Wed Apr 18 22:02:46 Loaded file D:\ORCAD\LAYOUT\library\RELAY.llb
Wed Apr 18 22:02:46 Loaded file D:\ORCAD\LAYOUT\library\RF.llb
Wed Apr 18 22:02:46 Loaded file D:\ORCAD\LAYOUT\library\SBUS.llb
Wed Apr 18 22:02:46 Loaded file D:\ORCAD\LAYOUT\library\SIMM050F.llb
Wed Apr 18 22:02:46 Loaded file D:\ORCAD\LAYOUT\library\SIMM050T.llb
Wed Apr 18 22:02:46 Loaded file D:\ORCAD\LAYOUT\library\SIMM100F.llb
Wed Apr 18 22:02:46 Loaded file D:\ORCAD\LAYOUT\library\SIMM100T.llb
Wed Apr 18 22:02:46 Loaded file D:\ORCAD\LAYOUT\library\SIP.llb
Wed Apr 18 22:02:46 Loaded file D:\ORCAD\LAYOUT\library\SM.llb
Wed Apr 18 22:02:46 Loaded file D:\ORCAD\LAYOUT\library\SOG.llb
Wed Apr 18 22:02:46 Loaded file D:\ORCAD\LAYOUT\library\SOJ.llb
Wed Apr 18 22:02:46 Loaded file D:\ORCAD\LAYOUT\library\STIFF.llb
Wed Apr 18 22:02:46 Loaded file D:\ORCAD\LAYOUT\library\TELE.llb
Wed Apr 18 22:02:46 Loaded file D:\ORCAD\LAYOUT\library\TM_AXIAL.llb
Wed Apr 18 22:02:46 Loaded file D:\ORCAD\LAYOUT\library\TM_CAP_P.llb
Wed Apr 18 22:02:46 Loaded file D:\ORCAD\LAYOUT\library\TM_CYLND.llb
Wed Apr 18 22:02:46 Loaded file D:\ORCAD\LAYOUT\library\TM_DIODE.llb
Wed Apr 18 22:02:46 Loaded file D:\ORCAD\LAYOUT\library\TM_DISC.llb
Wed Apr 18 22:02:46 Loaded file D:\ORCAD\LAYOUT\library\TM_RAD.llb
Wed Apr 18 22:02:46 Loaded file D:\ORCAD\LAYOUT\library\TO.llb
Wed Apr 18 22:02:46 Loaded file D:\ORCAD\LAYOUT\library\TRAINING.LLB
Wed Apr 18 22:02:46 Loaded file D:\ORCAD\LAYOUT\library\VRES.llb
Wed Apr 18 22:02:46 Loaded file D:\ORCAD\LAYOUT\library\WCON100T.llb
Wed Apr 18 22:02:47 Loaded file D:\ORCAD\LAYOUT\library\XT.llb
Wed Apr 18 22:02:47 Loaded file D:\ORCAD\LAYOUT\library\ZIGZAG.llb
Wed Apr 18 22:02:47 Saved as file E:\LAB-411\PIC\PIC24FJ128GA310\MRF24J40MB_BOARD\RFCARD-MB-NEW.MAX
Wed Apr 18 22:02:47 Loaded file E:\LAB-411\PIC\PIC24FJ128GA310\MRF24J40MB_BOARD\RFCARD-MB-NEW.MAX
Wed Apr 18 22:13:39 Saved as file BACKUP1.MAX
Wed Apr 18 22:23:39 Saved as file BACKUP1.MAX
Wed Apr 18 22:26:10 Saved as file E:\LAB-411\PIC\PIC24FJ128GA310\MRF24J40MB_BOARD\RFCARD-MB-NEW.MAX
