
ROM used: 48 (0%)
          48 (0%) including unused fragments

          0 Average locations per line
          24 Average locations per statement

RAM used: 4 (0%) at main() level
          4 (0%) worst case

Stack used: 0 worst case (out of 31 total available)

Lines Stmts  %   Files
----- ----- ---  -----
   22     2 100  main.c
  494     0   0  ..\..\..\..\..\..\Program Files\PICC\devices\18F46K20.h
----- -----
  516     2 Total

Page ROM  %  RAM   Vol Diff  Functions:
---- --- --- ---   --- ----  ----------
0     44  46   0    42  1.4  main

Program metrics:
    Functions               1
    Statements              2
    Comments                110
    Volume (V)              42
    Difficilty (D)          1.4
    Effort to implement (E) 59
    Time to implement (T)   0 minutes
    Est Delivered Bugs (B)  0
    Cyclomatic Complexity   1
    Maintainability (MI)    114

 Segment     Used  Free
-----------  ----  ----
00000-00002     4  0  
00004-0FFFE    44  65488  



