Removed Pin From Net: NetName=GND Pin=JP3-1
Removed Pin From Net: NetName=12V Pin=JP3-2
Removed Pin From Net: NetName=NetP8_1 Pin=P15-1
Removed Pin From Net: NetName=NetP8_2 Pin=P15-2
Removed Pin From Net: NetName=NetP8_3 Pin=P15-3
Removed Pin From Net: NetName=NetP8_4 Pin=P15-4
Removed Pin From Net: NetName=NetP8_5 Pin=P15-5
Removed Pin From Net: NetName=NetP8_6 Pin=P15-6
Removed Pin From Net: NetName=NetP8_7 Pin=P15-7
Removed Pin From Net: NetName=NetP8_8 Pin=P15-8
Change Component DesignItemId : Designator=JP3 Old DesignItemId=CON2 New DesignItemId=CON3
Change Component Footprint: Designator=JP3 Old Footprint=CON2 New Footprint=CON3
Change Component Footprint: Designator=J3 Old Footprint=J2 New Footprint=SM-0805
Change Component Footprint: Designator=J4 Old Footprint=J2 New Footprint=SM-0805
Change Component Comment : Designator=JP3 Old Comment=Connector 2 New Comment=Connector 3
Added Component: Designator=J1(RJ45)
Added Component: Designator=P15(con8)
Added Pin To Net: NetName=+5V Pin=J1-2
Added Pin To Net: NetName=GND Pin=J1-4
Added Pin To Net: NetName=A Pin=J1-6
Added Pin To Net: NetName=B Pin=J1-8
Added Pin To Net: NetName=GND Pin=JP3-2
Added Pin To Net: NetName=12V Pin=JP3-3
Added Pin To Net: NetName=NetP8_1 Pin=P15-1
Added Pin To Net: NetName=NetP8_2 Pin=P15-2
Added Pin To Net: NetName=NetP8_3 Pin=P15-3
Added Pin To Net: NetName=NetP8_4 Pin=P15-4
Added Pin To Net: NetName=NetP8_5 Pin=P15-5
Added Pin To Net: NetName=NetP8_6 Pin=P15-6
Added Pin To Net: NetName=NetP8_7 Pin=P15-7
Added Pin To Net: NetName=NetP8_8 Pin=P15-8
Added Pin To Net: NetName=V_Z Pin=JP3-1
Added Net: Name=V_Z
Added Member To Class: ClassName=Sheet1 Member=Component C37 104
Added Member To Class: ClassName=Mach_actor_v1 Member=Component J1 RJ45
Added Room: Name=Mach_actor_v1
