Removed Pin From Net: NetName=GND Pin=P?1-6
Removed Pin From Net: NetName=GND Pin=VIT1-VIT1
Removed Member From Class: ClassName=Mach_actor_v1 Member=L?
Added Component: Designator=P?(HDR1X8)
Added Pin To Net: NetName=D5 Pin=U?-2
Added Pin To Net: NetName=D6 Pin=U?-3
Added Pin To Net: NetName=D7 Pin=U?-4
Added Pin To Net: NetName=LED_LCD Pin=U?-5
Added Pin To Net: NetName=X2 Pin=U?-30
Added Pin To Net: NetName=X1 Pin=U?-31
Added Pin To Net: NetName=RS Pin=U?-38
Added Pin To Net: NetName=RW Pin=U?-39
Added Pin To Net: NetName=EN Pin=U?-40
Added Pin To Net: NetName=D4 Pin=U?-41
Added Pin To Net: NetName=NetP?_7 Pin=P?-7
Added Pin To Net: NetName=NetP?_7 Pin=U?-16
Added Net: Name=NetP?_7
Added Pin To Net: NetName=NetP?_8 Pin=P?-8
Added Pin To Net: NetName=NetP?_8 Pin=U?-17
Added Net: Name=NetP?_8
Added Member To Class: ClassName=Mach_actor_v1 Member=Component LCD1 LCD 20x4A
