Removed Pin From Net: NetName=D5 Pin=U2-2
Removed Pin From Net: NetName=D6 Pin=U2-3
Removed Pin From Net: NetName=D7 Pin=U2-4
Removed Pin From Net: NetName=D4 Pin=U2-41
Change Component Designator: OldDesignator=C21 NewDesignator=C17
Change Component Designator: OldDesignator=C22 NewDesignator=C16
Change Component Designator: OldDesignator=C23 NewDesignator=C18
Change Component Designator: OldDesignator=C24 NewDesignator=C19
Change Component Designator: OldDesignator=C25 NewDesignator=C20
Change Component Designator: OldDesignator=C26 NewDesignator=C21
Change Component Designator: OldDesignator=C27 NewDesignator=C22
Change Component Designator: OldDesignator=C28 NewDesignator=C23
Change Component Designator: OldDesignator=C29 NewDesignator=C24
Change Component Designator: OldDesignator=C30 NewDesignator=C25
Change Component Designator: OldDesignator=C31 NewDesignator=C26
Change Component Designator: OldDesignator=C32 NewDesignator=C27
Change Component Designator: OldDesignator=C33 NewDesignator=C28
Change Component Designator: OldDesignator=C34 NewDesignator=C29
Change Component Designator: OldDesignator=C35 NewDesignator=C30
Change Component Designator: OldDesignator=C36 NewDesignator=C31
Change Component Designator: OldDesignator=C37 NewDesignator=C32
Change Component Designator: OldDesignator=C38 NewDesignator=C33
Change Component Designator: OldDesignator=C39 NewDesignator=C34
Change Component Designator: OldDesignator=D3 NewDesignator=D4
Change Component Designator: OldDesignator=D4 NewDesignator=D5
Change Component Designator: OldDesignator=D5 NewDesignator=D6
Change Component Designator: OldDesignator=D6 NewDesignator=D3
Change Component Designator: OldDesignator=D9 NewDesignator=D8
Change Component Designator: OldDesignator=D10 NewDesignator=D9
Change Component Designator: OldDesignator=D11 NewDesignator=D10
Change Component Designator: OldDesignator=D12 NewDesignator=D11
Change Component Designator: OldDesignator=D16 NewDesignator=D12
Change Component Designator: OldDesignator=D17 NewDesignator=D13
Change Component Designator: OldDesignator=P1 NewDesignator=P3
Change Component Designator: OldDesignator=P2 NewDesignator=P4
Change Component Designator: OldDesignator=P3 NewDesignator=P5
Change Component Designator: OldDesignator=P4 NewDesignator=P1
Change Component Designator: OldDesignator=P5 NewDesignator=P2
Change Component Designator: OldDesignator=R18 NewDesignator=R19
Change Component Designator: OldDesignator=R19 NewDesignator=R20
Change Component Designator: OldDesignator=R20 NewDesignator=R18
Change Component Designator: OldDesignator=R25 NewDesignator=R21
Change Component Designator: OldDesignator=R26 NewDesignator=R22
Change Component Designator: OldDesignator=R27 NewDesignator=R23
Change Component Designator: OldDesignator=R31 NewDesignator=R24
Change Component Designator: OldDesignator=R32 NewDesignator=R25
Change Component Designator: OldDesignator=R33 NewDesignator=R26
Change Component Designator: OldDesignator=R34 NewDesignator=R27
Change Component Designator: OldDesignator=R35 NewDesignator=R29
Change Component Designator: OldDesignator=R39 NewDesignator=R32
Change Component Designator: OldDesignator=R40 NewDesignator=R33
Change Component Designator: OldDesignator=R41 NewDesignator=R28
Change Component Designator: OldDesignator=R42 NewDesignator=R30
Change Component Designator: OldDesignator=R43 NewDesignator=R31
Added Pin To Net: NetName=LED_LCD Pin=U2-23
Added Pin To Net: NetName=D7 Pin=U2-24
Added Pin To Net: NetName=D6 Pin=U2-25
Added Pin To Net: NetName=D5 Pin=U2-26
Added Pin To Net: NetName=D4 Pin=U2-27
Change Net Name : Old Net Name=NetD3_2 New Net Name=NetD4_2
Change Net Name : Old Net Name=NetD4_1 New Net Name=NetD5_1
Change Net Name : Old Net Name=NetD6_2 New Net Name=NetD3_2
Change Net Name : Old Net Name=NetP5_1 New Net Name=NetP2_1
Change Net Name : Old Net Name=NetP5_2 New Net Name=NetP2_2
Change Net Name : Old Net Name=NetP5_3 New Net Name=NetP2_3
Change Net Name : Old Net Name=NetP5_4 New Net Name=NetP2_4
Change Net Name : Old Net Name=NetP5_5 New Net Name=NetP2_5
Change Net Name : Old Net Name=NetP5_6 New Net Name=NetP2_6
Added Member To Class: ClassName=Mach_actor_v1 Member=Component D6 1N4148
