Removed Pin From Net: NetName=12V Pin=F1-1
Removed Pin From Net: NetName=12V Pin=F1-1
Removed Pin From Net: NetName=NetC1_1 Pin=F1-2
Removed Pin From Net: NetName=NetC1_1 Pin=F1-2
Removed Pin From Net: NetName=GND Pin=U1-6
Added Component: Designator=J4(RJ45)
Added Component: Designator=L?(Inductorsmd)
Added Pin To Net: NetName=NetC1_1 Pin=F1-1
Added Pin To Net: NetName=NetC1_1 Pin=F1-1
Added Pin To Net: NetName=12V Pin=F1-2
Added Pin To Net: NetName=12V Pin=F1-2
Added Pin To Net: NetName=+5V Pin=J4-2
Added Pin To Net: NetName=GND Pin=J4-4
Added Pin To Net: NetName=A Pin=J4-6
Added Pin To Net: NetName=B Pin=J4-8
Added Pin To Net: NetName=GND Pin=JP?-1
Added Pin To Net: NetName=12V Pin=JP?-2
Added Member To Class: ClassName=Mach_actor_v1 Member=Component J4 RJ45
Added Member To Class: ClassName=Mach_actor_v1 Member=Component L? 300mH
Added Room: Name=Mach_actor_v1
