Removed Pin From Net: NetName=GND Pin=VIT1-VIT1
Removed Pin From Net: NetName=GND Pin=VIT2-VIT1
Removed Pin From Net: NetName=GND Pin=VIT3-VIT1
Removed Pin From Net: NetName=GND Pin=VIT4-VIT1
Change Component Designator: OldDesignator=P? NewDesignator=P7
Added Component: Designator=J4(RJ45)
Added Component: Designator=R39(SM-0805)
Added Component: Designator=R40(SM-0805)
Added Component: Designator=R41(SM-0805)
Added Component: Designator=R42(SM-0805)
Added Pin To Net: NetName=+5V Pin=J4-2
Added Pin To Net: NetName=GND Pin=J4-4
Added Pin To Net: NetName=A Pin=J4-6
Added Pin To Net: NetName=B Pin=J4-8
Added Pin To Net: NetName=+3.3V Pin=R39-1
Added Pin To Net: NetName=NetP1_1 Pin=R39-2
Added Pin To Net: NetName=+3.3V Pin=R40-1
Added Pin To Net: NetName=NetP1_2 Pin=R40-2
Added Pin To Net: NetName=+3.3V Pin=R41-1
Added Pin To Net: NetName=NetP1_3 Pin=R41-2
Added Pin To Net: NetName=+3.3V Pin=R42-1
Added Pin To Net: NetName=NetP1_4 Pin=R42-2
Added Member To Class: ClassName=Mach_actor_v1 Member=Component J4 RJ45
Added Member To Class: ClassName=Mach_actor_v1 Member=Component R39 1k
Added Member To Class: ClassName=Mach_actor_v1 Member=Component R40 1k
Added Member To Class: ClassName=Mach_actor_v1 Member=Component R41 1k
Added Member To Class: ClassName=Mach_actor_v1 Member=Component R42 1k
Added Room: Name=Mach_actor_v1
