Removed Pin From Net: NetName=GND Pin=VIT1-VIT1
Removed Pin From Net: NetName=GND Pin=VIT2-VIT1
Removed Pin From Net: NetName=GND Pin=VIT3-VIT1
Removed Pin From Net: NetName=GND Pin=VIT4-VIT1
Change Component Designator: OldDesignator=C16 NewDesignator=C17
Change Component Designator: OldDesignator=C17 NewDesignator=C16
Change Component Designator: OldDesignator=P1 NewDesignator=P2
Change Component Designator: OldDesignator=P2 NewDesignator=P4
Change Component Designator: OldDesignator=P3 NewDesignator=P5
Change Component Designator: OldDesignator=P4 NewDesignator=P6
Change Component Designator: OldDesignator=P5 NewDesignator=P7
Change Component Designator: OldDesignator=P6 NewDesignator=P1
Change Component Designator: OldDesignator=P7 NewDesignator=P3
Change Component Designator: OldDesignator=R21 NewDesignator=R25
Change Component Designator: OldDesignator=R22 NewDesignator=R26
Change Component Designator: OldDesignator=R23 NewDesignator=R31
Change Component Designator: OldDesignator=R24 NewDesignator=R32
Change Component Designator: OldDesignator=R25 NewDesignator=R33
Change Component Designator: OldDesignator=R26 NewDesignator=R34
Change Component Designator: OldDesignator=R27 NewDesignator=R35
Change Component Designator: OldDesignator=R28 NewDesignator=R36
Change Component Designator: OldDesignator=R29 NewDesignator=R37
Change Component Designator: OldDesignator=R30 NewDesignator=R38
Change Component Designator: OldDesignator=R31 NewDesignator=R40
Change Component Designator: OldDesignator=R32 NewDesignator=R41
Change Component Designator: OldDesignator=R33 NewDesignator=R42
Change Component Designator: OldDesignator=R34 NewDesignator=R21
Change Component Designator: OldDesignator=R35 NewDesignator=R22
Change Component Designator: OldDesignator=R36 NewDesignator=R23
Change Component Designator: OldDesignator=R37 NewDesignator=R24
Change Component Designator: OldDesignator=R38 NewDesignator=R39
Change Component Designator: OldDesignator=R39 NewDesignator=R27
Change Component Designator: OldDesignator=R40 NewDesignator=R28
Change Component Designator: OldDesignator=R41 NewDesignator=R29
Change Component Designator: OldDesignator=R42 NewDesignator=R30
Added Component: Designator=C35(SM-0805)
Added Component: Designator=C36(SM-0805)
Added Component: Designator=C37(SM-0805)
Added Component: Designator=C38(SM-0805)
Added Component: Designator=J1(RJ45)
Added Component: Designator=J2(RJ45)
Added Component: Designator=JP2(CON2)
Added Component: Designator=P8(con8)
Added Component: Designator=P9(CON5)
Added Component: Designator=P10(CON4)
Added Component: Designator=P11(CON4)
Added Component: Designator=P12(CON4)
Added Pin To Net: NetName=+5V Pin=C35-1
Added Pin To Net: NetName=GND Pin=C35-2
Added Pin To Net: NetName=+5V Pin=C36-1
Added Pin To Net: NetName=GND Pin=C36-2
Added Pin To Net: NetName=GND Pin=C37-1
Added Pin To Net: NetName=+5V Pin=C37-2
Added Pin To Net: NetName=+5V Pin=C38-1
Added Pin To Net: NetName=GND Pin=C38-2
Added Pin To Net: NetName=+5V Pin=J1-2
Added Pin To Net: NetName=GND Pin=J1-4
Added Pin To Net: NetName=A Pin=J1-6
Added Pin To Net: NetName=B Pin=J1-8
Added Pin To Net: NetName=+5V Pin=J2-2
Added Pin To Net: NetName=GND Pin=J2-4
Added Pin To Net: NetName=A Pin=J2-6
Added Pin To Net: NetName=B Pin=J2-8
Added Pin To Net: NetName=RESET Pin=P9-1
Added Pin To Net: NetName=+3.3V Pin=P9-2
Added Pin To Net: NetName=GND Pin=P9-3
Added Pin To Net: NetName=PGD Pin=P9-4
Added Pin To Net: NetName=PGC Pin=P9-5
Added Pin To Net: NetName=+5V Pin=P10-1
Added Pin To Net: NetName=GND Pin=P10-2
Added Pin To Net: NetName=TX_PIC Pin=P10-3
Added Pin To Net: NetName=RX_PIC Pin=P10-4
Added Pin To Net: NetName=+5V Pin=P11-1
Added Pin To Net: NetName=GND Pin=P11-2
Added Pin To Net: NetName=A Pin=P11-3
Added Pin To Net: NetName=B Pin=P11-4
Added Pin To Net: NetName=+5V Pin=P12-1
Added Pin To Net: NetName=GND Pin=P12-2
Added Pin To Net: NetName=TX_ZIGBEE Pin=P12-3
Added Pin To Net: NetName=RX_ZIGBEE Pin=P12-4
Change Net Name : Old Net Name=NetP1_1 New Net Name=NetP2_1
Change Net Name : Old Net Name=NetP1_2 New Net Name=NetP2_2
Change Net Name : Old Net Name=NetP1_3 New Net Name=NetP2_3
Change Net Name : Old Net Name=NetP1_4 New Net Name=NetP2_4
Change Net Name : Old Net Name=NetP1_5 New Net Name=NetP2_5
Change Net Name : Old Net Name=NetP1_6 New Net Name=NetP2_6
Change Net Name : Old Net Name=NetP2_1 New Net Name=NetP4_1
Change Net Name : Old Net Name=NetP2_2 New Net Name=NetP4_2
Change Net Name : Old Net Name=NetP2_3 New Net Name=NetP4_3
Change Net Name : Old Net Name=NetP2_4 New Net Name=NetP4_4
Change Net Name : Old Net Name=NetP2_5 New Net Name=NetP4_5
Change Net Name : Old Net Name=NetP2_6 New Net Name=NetP4_6
Change Net Name : Old Net Name=NetP2_7 New Net Name=NetP4_7
Change Net Name : Old Net Name=NetP6_1 New Net Name=NetP1_1
Change Net Name : Old Net Name=NetP6_2 New Net Name=NetP1_2
Change Net Name : Old Net Name=NetP6_3 New Net Name=NetP1_3
Change Net Name : Old Net Name=NetP6_4 New Net Name=NetP1_4
Change Net Name : Old Net Name=NetR34_1 New Net Name=NetR21_1
Change Net Name : Old Net Name=NetR35_1 New Net Name=NetR22_1
Change Net Name : Old Net Name=NetR36_1 New Net Name=NetR23_1
Change Net Name : Old Net Name=NetR37_1 New Net Name=NetR24_1
Added Class: Name=Sheet1
Added Member To Class: ClassName=Mach_actor_v1 Member=Component J1 RJ45
Added Room: Name=Mach_actor_v1
Added Room: Name=Sheet1
