Removed Pin From Net: NetName=+5V Pin=C38-1
Removed Pin From Net: NetName=GND Pin=C38-2
Removed Pin From Net: NetName=+5V Pin=J2-1
Removed Pin From Net: NetName=+5V Pin=J2-2
Removed Pin From Net: NetName=GND Pin=J2-3
Removed Pin From Net: NetName=GND Pin=J2-4
Removed Pin From Net: NetName=A Pin=J2-6
Removed Pin From Net: NetName=B Pin=J2-8
Removed Pin From Net: NetName=NetP8_1 Pin=P15-1
Removed Pin From Net: NetName=NetP8_2 Pin=P15-2
Removed Pin From Net: NetName=NetP8_3 Pin=P15-3
Removed Pin From Net: NetName=NetP8_4 Pin=P15-4
Removed Pin From Net: NetName=NetP8_5 Pin=P15-5
Removed Pin From Net: NetName=NetP8_6 Pin=P15-6
Removed Pin From Net: NetName=NetP8_7 Pin=P15-7
Removed Pin From Net: NetName=NetP8_8 Pin=P15-8
Added Component: Designator=J1(RJ45)
Added Component: Designator=P15(con8)
Added Pin To Net: NetName=GND Pin=C38-1
Added Pin To Net: NetName=+5V Pin=C38-2
Added Pin To Net: NetName=+5V Pin=J1-2
Added Pin To Net: NetName=GND Pin=J1-4
Added Pin To Net: NetName=A Pin=J1-6
Added Pin To Net: NetName=B Pin=J1-8
Added Pin To Net: NetName=A Pin=J2-2
Added Pin To Net: NetName=B Pin=J2-4
Added Pin To Net: NetName=GND Pin=J2-5
Added Pin To Net: NetName=GND Pin=J2-6
Added Pin To Net: NetName=+5V Pin=J2-7
Added Pin To Net: NetName=+5V Pin=J2-8
Added Pin To Net: NetName=NetP8_1 Pin=P15-1
Added Pin To Net: NetName=NetP8_2 Pin=P15-2
Added Pin To Net: NetName=NetP8_3 Pin=P15-3
Added Pin To Net: NetName=NetP8_4 Pin=P15-4
Added Pin To Net: NetName=NetP8_5 Pin=P15-5
Added Pin To Net: NetName=NetP8_6 Pin=P15-6
Added Pin To Net: NetName=NetP8_7 Pin=P15-7
Added Pin To Net: NetName=NetP8_8 Pin=P15-8
Added Member To Class: ClassName=Mach_actor_v1 Member=Component J1 RJ45
Added Member To Class: ClassName=Sheet1 Member=Component P15 Header 8
Added Room: Name=Mach_actor_v1
