Added Component: Designator=3.3V(HDR1X2)
Added Component: Designator=5V(RAD-0.1)
Added Component: Designator=25LC256(DIP-8)
Added Component: Designator=C1(C0805)
Added Component: Designator=C3(C0805)
Added Component: Designator=C5(C0805)
Added Component: Designator=C6(C0805)
Added Component: Designator=C7(C0805)
Added Component: Designator=C8(C0805)
Added Component: Designator=C9(2220)
Added Component: Designator=C10(C0805)
Added Component: Designator=C11(C0805)
Added Component: Designator=C12(C0805)
Added Component: Designator=D1(RAD-0.1)
Added Component: Designator=D2(LED-0)
Added Component: Designator=DIODE1(RAD-0.2)
Added Component: Designator=ICSP(HDR1X5)
Added Component: Designator=LM1117(SOT223_L)
Added Component: Designator=MQ6(HDR1X2)
Added Component: Designator=MQ6(HDR1X2)
Added Component: Designator=P?(MRF24J40MB_board - duplicate)
Added Component: Designator=PowerSelect(HDR1X3)
Added Component: Designator=R1(C0805)
Added Component: Designator=R2(C0805)
Added Component: Designator=R3(C0805)
Added Component: Designator=R4(C0805)
Added Component: Designator=R5(C0805)
Added Component: Designator=R7(C0805)
Added Component: Designator=RstButton(RAD-0.2)
Added Component: Designator=SHT(HDR1X4)
Added Component: Designator=Y1(RAD-0.2)
Added Pin To Net: NetName=3.3V Pin=3.3V-1
Added Pin To Net: NetName=3.3V Pin=PowerSelect-1
Added Net: Name=3.3V
Added Pin To Net: NetName=AN8 Pin=DIODE1-1
Added Pin To Net: NetName=AN8 Pin=R3-1
Added Net: Name=AN8
Added Pin To Net: NetName=CS1 Pin=P?-6
Added Net: Name=CS1
Added Pin To Net: NetName=CS2 Pin=25LC256-1
Added Pin To Net: NetName=CS2 Pin=R7-1
Added Net: Name=CS2
Added Pin To Net: NetName=CVREF+ Pin=ICSP-2
Added Pin To Net: NetName=CVREF+ Pin=MQ6-2
Added Net: Name=CVREF+
Added Pin To Net: NetName=GND Pin=3.3V-2
Added Pin To Net: NetName=GND Pin=5V-1
Added Pin To Net: NetName=GND Pin=25LC256-4
Added Pin To Net: NetName=GND Pin=C1-1
Added Pin To Net: NetName=GND Pin=C3-1
Added Pin To Net: NetName=GND Pin=C5-1
Added Pin To Net: NetName=GND Pin=C6-2
Added Pin To Net: NetName=GND Pin=C7-1
Added Pin To Net: NetName=GND Pin=C8-2
Added Pin To Net: NetName=GND Pin=C9-2
Added Pin To Net: NetName=GND Pin=C10-2
Added Pin To Net: NetName=GND Pin=C11-1
Added Pin To Net: NetName=GND Pin=C12-1
Added Pin To Net: NetName=GND Pin=D1-2
Added Pin To Net: NetName=GND Pin=D2-2
Added Pin To Net: NetName=GND Pin=DIODE1-2
Added Pin To Net: NetName=GND Pin=ICSP-3
Added Pin To Net: NetName=GND Pin=LM1117-1
Added Pin To Net: NetName=GND Pin=MQ6-1
Added Pin To Net: NetName=GND Pin=P?-2
Added Pin To Net: NetName=GND Pin=P?-13
Added Pin To Net: NetName=GND Pin=P?-14
Added Pin To Net: NetName=GND Pin=P?-15
Added Pin To Net: NetName=GND Pin=P?-16
Added Pin To Net: NetName=GND Pin=P?-17
Added Pin To Net: NetName=GND Pin=P?-18
Added Pin To Net: NetName=GND Pin=RstButton-1
Added Pin To Net: NetName=GND Pin=SHT-4
Added Net: Name=GND
Added Pin To Net: NetName=INT0/RAINSENSOR Pin=MQ6-1
Added Net: Name=INT0/RAINSENSOR
Added Pin To Net: NetName=INT1/RP21 Pin=P?-5
Added Net: Name=INT1/RP21
Added Pin To Net: NetName=LED1 Pin=R4-2
Added Net: Name=LED1
Added Pin To Net: NetName=LED2 Pin=R5-2
Added Net: Name=LED2
Added Pin To Net: NetName=NetC5_2 Pin=C5-2
Added Pin To Net: NetName=NetC5_2 Pin=R1-1
Added Pin To Net: NetName=NetC5_2 Pin=R2-1
Added Pin To Net: NetName=NetC5_2 Pin=RstButton-2
Added Net: Name=NetC5_2
Added Pin To Net: NetName=NetC9_1 Pin=C9-1
Added Net: Name=NetC9_1
Added Pin To Net: NetName=NetD1_1 Pin=D1-1
Added Pin To Net: NetName=NetD1_1 Pin=R4-1
Added Net: Name=NetD1_1
Added Pin To Net: NetName=NetD2_1 Pin=D2-1
Added Pin To Net: NetName=NetD2_1 Pin=R5-1
Added Net: Name=NetD2_1
Added Pin To Net: NetName=OSCI Pin=C12-2
Added Pin To Net: NetName=OSCI Pin=Y1-1
Added Net: Name=OSCI
Added Pin To Net: NetName=OSCO Pin=C11-2
Added Pin To Net: NetName=OSCO Pin=Y1-2
Added Net: Name=OSCO
Added Pin To Net: NetName=PGC Pin=ICSP-1
Added Net: Name=PGC
Added Pin To Net: NetName=RAINOUPUT Pin=MQ6-2
Added Net: Name=RAINOUPUT
Added Net: Name=RB2
Added Net: Name=RB3
Added Net: Name=RB4
Added Pin To Net: NetName=RB10 Pin=R3-2
Added Net: Name=RB10
Added Pin To Net: NetName=RSTMRF Pin=P?-3
Added Net: Name=RSTMRF
Added Pin To Net: NetName=SCK1/RP26 Pin=P?-9
Added Net: Name=SCK1/RP26
Added Pin To Net: NetName=SCK2/RP3 Pin=25LC256-6
Added Net: Name=SCK2/RP3
Added Pin To Net: NetName=SCL1 Pin=SHT-2
Added Net: Name=SCL1
Added Pin To Net: NetName=SDA1 Pin=SHT-3
Added Net: Name=SDA1
Added Pin To Net: NetName=SDI1/RP27 Pin=P?-8
Added Net: Name=SDI1/RP27
Added Pin To Net: NetName=SDI2/RP4 Pin=25LC256-2
Added Net: Name=SDI2/RP4
Added Pin To Net: NetName=SDO1/RP19 Pin=P?-7
Added Net: Name=SDO1/RP19
Added Pin To Net: NetName=SDO2/RP2 Pin=25LC256-5
Added Net: Name=SDO2/RP2
Added Net: Name=U1RX/RP22
Added Net: Name=U1TX/RP25
Added Net: Name=U2RX/RP24
Added Net: Name=U2TX/RP23
Added Pin To Net: NetName=VCC Pin=25LC256-3
Added Pin To Net: NetName=VCC Pin=25LC256-7
Added Pin To Net: NetName=VCC Pin=25LC256-8
Added Pin To Net: NetName=VCC Pin=C3-2
Added Pin To Net: NetName=VCC Pin=C6-1
Added Pin To Net: NetName=VCC Pin=C7-2
Added Pin To Net: NetName=VCC Pin=C8-1
Added Pin To Net: NetName=VCC Pin=C10-1
Added Pin To Net: NetName=VCC Pin=ICSP-4
Added Pin To Net: NetName=VCC Pin=P?-1
Added Pin To Net: NetName=VCC Pin=PowerSelect-2
Added Pin To Net: NetName=VCC Pin=R1-2
Added Pin To Net: NetName=VCC Pin=R7-2
Added Pin To Net: NetName=VCC Pin=SHT-1
Added Net: Name=VCC
Added Pin To Net: NetName=VIN Pin=5V-2
Added Pin To Net: NetName=VIN Pin=C1-2
Added Pin To Net: NetName=VIN Pin=LM1117-3
Added Net: Name=VIN
Added Pin To Net: NetName=VOUT Pin=LM1117-2
Added Pin To Net: NetName=VOUT Pin=PowerSelect-3
Added Net: Name=VOUT
Added Pin To Net: NetName=VPP Pin=ICSP-5
Added Pin To Net: NetName=VPP Pin=R2-2
Added Net: Name=VPP
Added Pin To Net: NetName=WAKE Pin=P?-4
Added Net: Name=WAKE
Added Class: Name=Sheet1
Added Room: Name=Sheet1
