Removed Pin From Net: NetName=LED1 Pin=R4-2
Removed Pin From Net: NetName=LED2 Pin=R5-2
Removed Pin From Net: NetName=INT0/RAINSENSOR Pin=R8-2
Change Component Footprint: Designator=D2 Old Footprint=LED-0 New Footprint=LED3mm
Change Component Footprint: Designator=D1 Old Footprint=RAD-0.1 New Footprint=LED3mm
Change Component Designator: OldDesignator=D1 NewDesignator=D0
Change Component Designator: OldDesignator=D2 NewDesignator=D1
Added Component: Designator=D2(LED3mm)
Added Component: Designator=R9(C0805)
Added Pin To Net: NetName=GND Pin=D2-2
Added Pin To Net: NetName=U1TX/RP25 Pin=JP?-1
Added Pin To Net: NetName=U2TX/RP23 Pin=JP?-1
Added Pin To Net: NetName=U1RX/RP22 Pin=JP?-2
Added Pin To Net: NetName=U2RX/RP24 Pin=JP?-2
Added Pin To Net: NetName=GND Pin=JP?-3
Added Pin To Net: NetName=GND Pin=MQ6-1
Added Pin To Net: NetName=CVREF+ Pin=MQ6-2
Added Pin To Net: NetName=RAINOUPUT Pin=MQ6-2
Added Pin To Net: NetName=LED1 Pin=R5-2
Added Pin To Net: NetName=LED2 Pin=R9-2
Change Net Name : Old Net Name=NetD1_1 New Net Name=NetD0_1
Change Net Name : Old Net Name=NetD2_1 New Net Name=NetD1_1
Added Pin To Net: NetName=LEDNGUON Pin=U1-31
Added Net: Name=LEDNGUON
Added Pin To Net: NetName=NetD2_1 Pin=D2-1
Added Pin To Net: NetName=NetD2_1 Pin=R9-1
Added Net: Name=NetD2_1
Added Pin To Net: NetName=NetMQ6_1 Pin=MQ6-1
Added Pin To Net: NetName=NetMQ6_1 Pin=R8-2
Added Net: Name=NetMQ6_1
Added Member To Class: ClassName=Sheet1 Member=Component D2 LED
Added Member To Class: ClassName=Sheet1 Member=Component R9 220R
