Removed Pin From Net: NetName=GND Pin=MQ6-1
Removed Pin From Net: NetName=CVREF+ Pin=MQ6-2
Added Component: Designator=JP?(HDR1X3)
Added Component: Designator=JP?(HDR1X3)
Added Component: Designator=U1(TQFP-PT64_N)
Added Pin To Net: NetName=U1TX/RP25 Pin=JP?-1
Added Pin To Net: NetName=U2TX/RP23 Pin=JP?-1
Added Pin To Net: NetName=U1RX/RP22 Pin=JP?-2
Added Pin To Net: NetName=U2RX/RP24 Pin=JP?-2
Added Pin To Net: NetName=GND Pin=JP?-3
Added Pin To Net: NetName=GND Pin=JP?-3
Added Pin To Net: NetName=GND Pin=MQ6-1
Added Pin To Net: NetName=INT0/RAINSENSOR Pin=MQ6-1
Added Pin To Net: NetName=CVREF+ Pin=MQ6-2
Added Pin To Net: NetName=RAINOUPUT Pin=MQ6-2
Added Pin To Net: NetName=RSTMRF Pin=U1-1
Added Pin To Net: NetName=WAKE Pin=U1-2
Added Pin To Net: NetName=CS1 Pin=U1-3
Added Pin To Net: NetName=INT1/RP21 Pin=U1-4
Added Pin To Net: NetName=SCK1/RP26 Pin=U1-5
Added Pin To Net: NetName=SDO1/RP19 Pin=U1-6
Added Pin To Net: NetName=VPP Pin=U1-7
Added Pin To Net: NetName=SDI1/RP27 Pin=U1-8
Added Pin To Net: NetName=GND Pin=U1-9
Added Pin To Net: NetName=VCC Pin=U1-10
Added Pin To Net: NetName=RB4 Pin=U1-12
Added Pin To Net: NetName=RB3 Pin=U1-13
Added Pin To Net: NetName=RB2 Pin=U1-14
Added Pin To Net: NetName=PGC Pin=U1-15
Added Pin To Net: NetName=CVREF+ Pin=U1-16
Added Pin To Net: NetName=VCC Pin=U1-19
Added Pin To Net: NetName=GND Pin=U1-20
Added Pin To Net: NetName=AN8 Pin=U1-21
Added Pin To Net: NetName=RB10 Pin=U1-23
Added Pin To Net: NetName=GND Pin=U1-25
Added Pin To Net: NetName=VCC Pin=U1-26
Added Pin To Net: NetName=RAINOUPUT Pin=U1-32
Added Pin To Net: NetName=LED2 Pin=U1-33
Added Pin To Net: NetName=LED1 Pin=U1-34
Added Pin To Net: NetName=INT0/RAINSENSOR Pin=U1-35
Added Pin To Net: NetName=SDA1 Pin=U1-36
Added Pin To Net: NetName=SCL1 Pin=U1-37
Added Pin To Net: NetName=VCC Pin=U1-38
Added Pin To Net: NetName=OSCI Pin=U1-39
Added Pin To Net: NetName=OSCO Pin=U1-40
Added Pin To Net: NetName=GND Pin=U1-41
Added Pin To Net: NetName=SDO2/RP2 Pin=U1-42
Added Pin To Net: NetName=SDI2/RP4 Pin=U1-43
Added Pin To Net: NetName=SCK2/RP3 Pin=U1-44
Added Pin To Net: NetName=CS2 Pin=U1-45
Added Pin To Net: NetName=U2RX/RP24 Pin=U1-49
Added Pin To Net: NetName=U2TX/RP23 Pin=U1-50
Added Pin To Net: NetName=U1RX/RP22 Pin=U1-51
Added Pin To Net: NetName=U1TX/RP25 Pin=U1-52
Added Pin To Net: NetName=NetC9_1 Pin=U1-56
Added Member To Class: ClassName=Sheet1 Member=Component JP? UART2
Added Member To Class: ClassName=Sheet1 Member=Component U1 PIC24FJ128GA306
