Added Component: Designator=C1(C0805)
Added Component: Designator=R1(C0805)
Added Component: Designator=SHT1x(SHT1x)
Added Component: Designator=SHT_CON(HDR1X4)
Added Pin To Net: NetName=3.3VDC Pin=C1-2
Added Pin To Net: NetName=3.3VDC Pin=R1-2
Added Pin To Net: NetName=3.3VDC Pin=SHT1x-4
Added Pin To Net: NetName=3.3VDC Pin=SHT_CON-1
Added Net: Name=3.3VDC
Added Pin To Net: NetName=GND Pin=C1-1
Added Pin To Net: NetName=GND Pin=SHT1x-1
Added Pin To Net: NetName=GND Pin=SHT_CON-4
Added Net: Name=GND
Added Pin To Net: NetName=SCK Pin=SHT1x-3
Added Pin To Net: NetName=SCK Pin=SHT_CON-2
Added Net: Name=SCK
Added Pin To Net: NetName=SDA Pin=R1-1
Added Pin To Net: NetName=SDA Pin=SHT1x-2
Added Pin To Net: NetName=SDA Pin=SHT_CON-3
Added Net: Name=SDA
Added Class: Name=SHT1x
Added Room: Name=SHT1x
