Added Component: Designator=5V_CON(CON2)
Added Component: Designator=25LC256(DIP-8)
Added Component: Designator=C1(SM-0805)
Added Component: Designator=C2(SM-0805)
Added Component: Designator=C3(CP1/2)
Added Component: Designator=C3(SM-0805)
Added Component: Designator=C5(SM-0805)
Added Component: Designator=C6(SM-0805)
Added Component: Designator=C7(SM-0805)
Added Component: Designator=C_COM1(CP1/2)
Added Component: Designator=C_COM2(CP1/2)
Added Component: Designator=C_COM3(CP1/2)
Added Component: Designator=C_COM4(CP1/2)
Added Component: Designator=CLM1(SM-0805)
Added Component: Designator=CLM2(SM-0805)
Added Component: Designator=COM1(DSB 9-F)
Added Component: Designator=COM2(DSB 9-F)
Added Component: Designator=dsPIC33FJ128MC804(TQFP-PT44_N)
Added Component: Designator=LED1(LED-3)
Added Component: Designator=LED2(LED-3)
Added Component: Designator=LED3(LED-3)
Added Component: Designator=LED4(LED-3)
Added Component: Designator=LED5(LED-3)
Added Component: Designator=LED6(LED-3)
Added Component: Designator=LED7(LED-3)
Added Component: Designator=LM1117(SOT223-4N)
Added Component: Designator=MAX232(SOP16)
Added Component: Designator=MRF24J40MB(MRF24J40MB_board_mini)
Added Component: Designator=PLED(LED-3)
Added Component: Designator=PROG(CON5)
Added Component: Designator=R1(C0805)
Added Component: Designator=R2(SM-0805)
Added Component: Designator=R3(C0805)
Added Component: Designator=R_LED1(SM-0805)
Added Component: Designator=R_LED2(SM-0805)
Added Component: Designator=R_LED3(SM-0805)
Added Component: Designator=R_LED4(SM-0805)
Added Component: Designator=R_LED5(SM-0805)
Added Component: Designator=R_LED6(SM-0805)
Added Component: Designator=R_LED7(SM-0805)
Added Component: Designator=R_POWER(SM-0805)
Added Component: Designator=RESET(SW4)
Added Component: Designator=UART1(CON4)
Added Component: Designator=UART2(CON4)
Added Component: Designator=X1(XT2)
Added Pin To Net: NetName=5V Pin=5V_CON-2
Added Pin To Net: NetName=5V Pin=CLM1-2
Added Pin To Net: NetName=5V Pin=COM1-9
Added Pin To Net: NetName=5V Pin=COM2-9
Added Pin To Net: NetName=5V Pin=LM1117-3
Added Pin To Net: NetName=5V Pin=MAX232-16
Added Net: Name=5V
Added Pin To Net: NetName=AN0 Pin=dsPIC33FJ128MC804-19
Added Net: Name=AN0
Added Pin To Net: NetName=AN1 Pin=dsPIC33FJ128MC804-20
Added Net: Name=AN1
Added Pin To Net: NetName=CS1 Pin=dsPIC33FJ128MC804-33
Added Pin To Net: NetName=CS1 Pin=MRF24J40MB-6
Added Net: Name=CS1
Added Pin To Net: NetName=CS2 Pin=25LC256-1
Added Pin To Net: NetName=CS2 Pin=dsPIC33FJ128MC804-34
Added Pin To Net: NetName=CS2 Pin=R3-1
Added Net: Name=CS2
Added Pin To Net: NetName=GND Pin=5V_CON-1
Added Pin To Net: NetName=GND Pin=25LC256-4
Added Pin To Net: NetName=GND Pin=C1-1
Added Pin To Net: NetName=GND Pin=C2-1
Added Pin To Net: NetName=GND Pin=C3-1
Added Pin To Net: NetName=GND Pin=C3-2
Added Pin To Net: NetName=GND Pin=C5-1
Added Pin To Net: NetName=GND Pin=C6-1
Added Pin To Net: NetName=GND Pin=C7-1
Added Pin To Net: NetName=GND Pin=C_COM3-1
Added Pin To Net: NetName=GND Pin=CLM1-1
Added Pin To Net: NetName=GND Pin=CLM2-1
Added Pin To Net: NetName=GND Pin=COM1-5
Added Pin To Net: NetName=GND Pin=COM2-5
Added Pin To Net: NetName=GND Pin=dsPIC33FJ128MC804-6
Added Pin To Net: NetName=GND Pin=dsPIC33FJ128MC804-16
Added Pin To Net: NetName=GND Pin=dsPIC33FJ128MC804-29
Added Pin To Net: NetName=GND Pin=dsPIC33FJ128MC804-39
Added Pin To Net: NetName=GND Pin=LED1-2
Added Pin To Net: NetName=GND Pin=LED2-2
Added Pin To Net: NetName=GND Pin=LED3-2
Added Pin To Net: NetName=GND Pin=LED4-2
Added Pin To Net: NetName=GND Pin=LED5-2
Added Pin To Net: NetName=GND Pin=LED6-2
Added Pin To Net: NetName=GND Pin=LED7-2
Added Pin To Net: NetName=GND Pin=LM1117-1
Added Pin To Net: NetName=GND Pin=MAX232-15
Added Pin To Net: NetName=GND Pin=MRF24J40MB-2
Added Pin To Net: NetName=GND Pin=PLED-2
Added Pin To Net: NetName=GND Pin=PROG-3
Added Pin To Net: NetName=GND Pin=RESET-2
Added Pin To Net: NetName=GND Pin=UART1-2
Added Pin To Net: NetName=GND Pin=UART2-2
Added Net: Name=GND
Added Pin To Net: NetName=INT0 Pin=dsPIC33FJ128MC804-43
Added Net: Name=INT0
Added Pin To Net: NetName=INT1 Pin=dsPIC33FJ128MC804-27
Added Pin To Net: NetName=INT1 Pin=MRF24J40MB-5
Added Net: Name=INT1
Added Pin To Net: NetName=LED1 Pin=dsPIC33FJ128MC804-13
Added Pin To Net: NetName=LED1 Pin=R_LED1-2
Added Net: Name=LED1
Added Pin To Net: NetName=LED2 Pin=dsPIC33FJ128MC804-32
Added Pin To Net: NetName=LED2 Pin=R_LED2-2
Added Net: Name=LED2
Added Pin To Net: NetName=LED3 Pin=dsPIC33FJ128MC804-35
Added Pin To Net: NetName=LED3 Pin=R_LED3-2
Added Net: Name=LED3
Added Pin To Net: NetName=LED4 Pin=dsPIC33FJ128MC804-12
Added Pin To Net: NetName=LED4 Pin=R_LED4-2
Added Net: Name=LED4
Added Pin To Net: NetName=LED5 Pin=dsPIC33FJ128MC804-41
Added Pin To Net: NetName=LED5 Pin=R_LED5-2
Added Net: Name=LED5
Added Pin To Net: NetName=LED6 Pin=dsPIC33FJ128MC804-42
Added Pin To Net: NetName=LED6 Pin=R_LED6-2
Added Net: Name=LED6
Added Pin To Net: NetName=LED7 Pin=dsPIC33FJ128MC804-44
Added Pin To Net: NetName=LED7 Pin=R_LED7-2
Added Net: Name=LED7
Added Pin To Net: NetName=NetC_COM1_1 Pin=C_COM1-1
Added Pin To Net: NetName=NetC_COM1_1 Pin=MAX232-1
Added Net: Name=NetC_COM1_1
Added Pin To Net: NetName=NetC_COM1_2 Pin=C_COM1-2
Added Pin To Net: NetName=NetC_COM1_2 Pin=MAX232-3
Added Net: Name=NetC_COM1_2
Added Pin To Net: NetName=NetC_COM2_1 Pin=C_COM2-1
Added Pin To Net: NetName=NetC_COM2_1 Pin=MAX232-4
Added Net: Name=NetC_COM2_1
Added Pin To Net: NetName=NetC_COM2_2 Pin=C_COM2-2
Added Pin To Net: NetName=NetC_COM2_2 Pin=MAX232-5
Added Net: Name=NetC_COM2_2
Added Pin To Net: NetName=NetC_COM3_2 Pin=C_COM3-2
Added Pin To Net: NetName=NetC_COM3_2 Pin=MAX232-6
Added Net: Name=NetC_COM3_2
Added Pin To Net: NetName=NetC_COM4_1 Pin=C_COM4-1
Added Pin To Net: NetName=NetC_COM4_1 Pin=MAX232-2
Added Net: Name=NetC_COM4_1
Added Pin To Net: NetName=NetLED1_1 Pin=LED1-1
Added Pin To Net: NetName=NetLED1_1 Pin=R_LED1-1
Added Net: Name=NetLED1_1
Added Pin To Net: NetName=NetLED2_1 Pin=LED2-1
Added Pin To Net: NetName=NetLED2_1 Pin=R_LED2-1
Added Net: Name=NetLED2_1
Added Pin To Net: NetName=NetLED3_1 Pin=LED3-1
Added Pin To Net: NetName=NetLED3_1 Pin=R_LED3-1
Added Net: Name=NetLED3_1
Added Pin To Net: NetName=NetLED4_1 Pin=LED4-1
Added Pin To Net: NetName=NetLED4_1 Pin=R_LED4-1
Added Net: Name=NetLED4_1
Added Pin To Net: NetName=NetLED5_1 Pin=LED5-1
Added Pin To Net: NetName=NetLED5_1 Pin=R_LED5-1
Added Net: Name=NetLED5_1
Added Pin To Net: NetName=NetLED6_1 Pin=LED6-1
Added Pin To Net: NetName=NetLED6_1 Pin=R_LED6-1
Added Net: Name=NetLED6_1
Added Pin To Net: NetName=NetLED7_1 Pin=LED7-1
Added Pin To Net: NetName=NetLED7_1 Pin=R_LED7-1
Added Net: Name=NetLED7_1
Added Pin To Net: NetName=NetPLED_1 Pin=PLED-1
Added Pin To Net: NetName=NetPLED_1 Pin=R_POWER-2
Added Net: Name=NetPLED_1
Added Pin To Net: NetName=OSC1 Pin=C1-2
Added Pin To Net: NetName=OSC1 Pin=dsPIC33FJ128MC804-30
Added Pin To Net: NetName=OSC1 Pin=X1-1
Added Net: Name=OSC1
Added Pin To Net: NetName=OSC2 Pin=C2-2
Added Pin To Net: NetName=OSC2 Pin=dsPIC33FJ128MC804-31
Added Pin To Net: NetName=OSC2 Pin=X1-2
Added Net: Name=OSC2
Added Pin To Net: NetName=PGC Pin=dsPIC33FJ128MC804-22
Added Pin To Net: NetName=PGC Pin=PROG-1
Added Net: Name=PGC
Added Pin To Net: NetName=PGD Pin=dsPIC33FJ128MC804-21
Added Pin To Net: NetName=PGD Pin=PROG-2
Added Net: Name=PGD
Added Pin To Net: NetName=R1IN Pin=COM1-3
Added Pin To Net: NetName=R1IN Pin=MAX232-13
Added Net: Name=R1IN
Added Pin To Net: NetName=R1OUT Pin=dsPIC33FJ128MC804-2
Added Pin To Net: NetName=R1OUT Pin=MAX232-12
Added Pin To Net: NetName=R1OUT Pin=UART1-4
Added Net: Name=R1OUT
Added Pin To Net: NetName=R2IN Pin=COM2-3
Added Pin To Net: NetName=R2IN Pin=MAX232-8
Added Net: Name=R2IN
Added Pin To Net: NetName=R2OUT Pin=dsPIC33FJ128MC804-36
Added Pin To Net: NetName=R2OUT Pin=MAX232-9
Added Pin To Net: NetName=R2OUT Pin=UART2-4
Added Net: Name=R2OUT
Added Pin To Net: NetName=RP2_WAKE Pin=dsPIC33FJ128MC804-23
Added Pin To Net: NetName=RP2_WAKE Pin=MRF24J40MB-4
Added Net: Name=RP2_WAKE
Added Pin To Net: NetName=RP3_RSTMRF Pin=dsPIC33FJ128MC804-24
Added Pin To Net: NetName=RP3_RSTMRF Pin=MRF24J40MB-3
Added Net: Name=RP3_RSTMRF
Added Pin To Net: NetName=RP10 Pin=dsPIC33FJ128MC804-8
Added Net: Name=RP10
Added Pin To Net: NetName=RP11 Pin=dsPIC33FJ128MC804-9
Added Net: Name=RP11
Added Pin To Net: NetName=RP12 Pin=dsPIC33FJ128MC804-10
Added Net: Name=RP12
Added Pin To Net: NetName=RP13 Pin=dsPIC33FJ128MC804-11
Added Net: Name=RP13
Added Pin To Net: NetName=RP14 Pin=dsPIC33FJ128MC804-14
Added Net: Name=RP14
Added Pin To Net: NetName=RP23 Pin=dsPIC33FJ128MC804-3
Added Net: Name=RP23
Added Pin To Net: NetName=SCK1 Pin=dsPIC33FJ128MC804-15
Added Pin To Net: NetName=SCK1 Pin=MRF24J40MB-9
Added Net: Name=SCK1
Added Pin To Net: NetName=SCK2 Pin=25LC256-6
Added Pin To Net: NetName=SCK2 Pin=dsPIC33FJ128MC804-4
Added Net: Name=SCK2
Added Pin To Net: NetName=SDI1 Pin=dsPIC33FJ128MC804-26
Added Pin To Net: NetName=SDI1 Pin=MRF24J40MB-8
Added Net: Name=SDI1
Added Pin To Net: NetName=SDI2 Pin=25LC256-2
Added Pin To Net: NetName=SDI2 Pin=dsPIC33FJ128MC804-37
Added Net: Name=SDI2
Added Pin To Net: NetName=SDO1 Pin=dsPIC33FJ128MC804-25
Added Pin To Net: NetName=SDO1 Pin=MRF24J40MB-7
Added Net: Name=SDO1
Added Pin To Net: NetName=SDO2 Pin=25LC256-5
Added Pin To Net: NetName=SDO2 Pin=dsPIC33FJ128MC804-38
Added Net: Name=SDO2
Added Pin To Net: NetName=T1IN Pin=dsPIC33FJ128MC804-1
Added Pin To Net: NetName=T1IN Pin=MAX232-11
Added Pin To Net: NetName=T1IN Pin=UART1-3
Added Net: Name=T1IN
Added Pin To Net: NetName=T1OUT Pin=COM1-2
Added Pin To Net: NetName=T1OUT Pin=MAX232-14
Added Net: Name=T1OUT
Added Pin To Net: NetName=T2IN Pin=dsPIC33FJ128MC804-5
Added Pin To Net: NetName=T2IN Pin=MAX232-10
Added Pin To Net: NetName=T2IN Pin=UART2-3
Added Net: Name=T2IN
Added Pin To Net: NetName=T2OUT Pin=COM2-2
Added Pin To Net: NetName=T2OUT Pin=MAX232-7
Added Net: Name=T2OUT
Added Pin To Net: NetName=VCAP Pin=C3-1
Added Pin To Net: NetName=VCAP Pin=C3-2
Added Pin To Net: NetName=VCAP Pin=dsPIC33FJ128MC804-7
Added Pin To Net: NetName=VCAP Pin=R2-1
Added Net: Name=VCAP
Added Pin To Net: NetName=VCC Pin=25LC256-3
Added Pin To Net: NetName=VCC Pin=25LC256-7
Added Pin To Net: NetName=VCC Pin=25LC256-8
Added Pin To Net: NetName=VCC Pin=C5-2
Added Pin To Net: NetName=VCC Pin=C6-2
Added Pin To Net: NetName=VCC Pin=C7-2
Added Pin To Net: NetName=VCC Pin=C_COM4-2
Added Pin To Net: NetName=VCC Pin=CLM2-2
Added Pin To Net: NetName=VCC Pin=dsPIC33FJ128MC804-17
Added Pin To Net: NetName=VCC Pin=dsPIC33FJ128MC804-28
Added Pin To Net: NetName=VCC Pin=dsPIC33FJ128MC804-40
Added Pin To Net: NetName=VCC Pin=LM1117-2
Added Pin To Net: NetName=VCC Pin=LM1117-4
Added Pin To Net: NetName=VCC Pin=MRF24J40MB-1
Added Pin To Net: NetName=VCC Pin=PROG-4
Added Pin To Net: NetName=VCC Pin=R1-1
Added Pin To Net: NetName=VCC Pin=R2-2
Added Pin To Net: NetName=VCC Pin=R3-2
Added Pin To Net: NetName=VCC Pin=R_POWER-1
Added Pin To Net: NetName=VCC Pin=UART1-1
Added Pin To Net: NetName=VCC Pin=UART2-1
Added Net: Name=VCC
Added Pin To Net: NetName=VPP Pin=dsPIC33FJ128MC804-18
Added Pin To Net: NetName=VPP Pin=PROG-5
Added Pin To Net: NetName=VPP Pin=R1-2
Added Pin To Net: NetName=VPP Pin=RESET-1
Added Net: Name=VPP
Added Class: Name=Sheet1
Added Room: Name=Sheet1
